#
# A fatal error has been detected by the Java Runtime Environment:
#
#  EXCEPTION_ACCESS_VIOLATION (0xc0000005) at pc=0x000000006ee76520, pid=10268, tid=6288
#
# JRE version: Java(TM) SE Runtime Environment (16.0.2+7) (build 16.0.2+7-67)
# Java VM: Java HotSpot(TM) 64-Bit Server VM (16.0.2+7-67, mixed mode, sharing, tiered, compressed oops, compressed class ptrs, g1 gc, windows-amd64)
# Problematic frame:
# C  0x000000006ee76520
#
# No core dump will be written. Minidumps are not enabled by default on client versions of Windows
#
# If you would like to submit a bug report, please visit:
#   https://bugreport.java.com/bugreport/crash.jsp
# The crash happened outside the Java Virtual Machine in native code.
# See problematic frame for where to report the bug.
#

---------------  S U M M A R Y ------------

Command Line: --module-path=C:\Users\Gabriel\Desktop\gabr\UFSC\un\Intlin\target\classes;C:\Users\Gabriel\.m2\repository\org\apache\logging\log4j\log4j-api\2.17.2\log4j-api-2.17.2.jar;C:\Users\Gabriel\.m2\repository\org\apache\logging\log4j\log4j-core\2.17.2\log4j-core-2.17.2.jar;C:\Users\Gabriel\.m2\repository\org\json\json\20210307\json-20210307.jar;C:\Users\Gabriel\.m2\repository\org\openjfx\javafx-base\19-ea+3\javafx-base-19-ea+3-win.jar;C:\Users\Gabriel\.m2\repository\org\openjfx\javafx-controls\19-ea+3\javafx-controls-19-ea+3-win.jar;C:\Users\Gabriel\.m2\repository\org\openjfx\javafx-fxml\19-ea+3\javafx-fxml-19-ea+3-win.jar;C:\Users\Gabriel\.m2\repository\org\openjfx\javafx-graphics\19-ea+3\javafx-graphics-19-ea+3-win.jar;C:\Users\Gabriel\.m2\repository\org\openjfx\javafx-media\19-ea+3\javafx-media-19-ea+3-win.jar;C:\Users\Gabriel\.m2\repository\org\openjfx\javafx-web\19-ea+3\javafx-web-19-ea+3-win.jar;C:\Users\Gabriel\.m2\repository\xuggle\xuggle-xuggler\5.4\xuggle-xuggler-5.4.jar --add-modules=ine.ufsc.intlin -Djdk.module.main=ine.ufsc.intlin ine.ufsc.intlin/ine.ufsc.intlin.App

Host: AMD FX(tm)-6300 Six-Core Processor             , 6 cores, 7G,  Windows 10 , 64 bit Build 19041 (10.0.19041.1706)
Time: Thu Jun  9 22:07:22 2022 Hora oficial do Brasil elapsed time: 14.404110 seconds (0d 0h 0m 14s)

---------------  T H R E A D  ---------------

Current thread (0x0000017494228940):  JavaThread "JavaFX Application Thread" [_thread_in_native, id=6288, stack(0x00000056aac00000,0x00000056aad00000)]

Stack: [0x00000056aac00000,0x00000056aad00000],  sp=0x00000056aacfcc40,  free space=1011k
Native frames: (J=compiled Java code, j=interpreted, Vv=VM code, C=native code)
C  0x000000006ee76520

Java frames: (J=compiled Java code, j=interpreted, Vv=VM code)
j  com.xuggle.xuggler.XugglerJNI.IContainer_open__SWIG_1(JLcom/xuggle/xuggler/IContainer;Ljava/lang/String;IJLcom/xuggle/xuggler/IContainerFormat;ZZ)I+0 xuggle.xuggler@5.4
j  com.xuggle.xuggler.IContainer.open(Ljava/lang/String;Lcom/xuggle/xuggler/IContainer$Type;Lcom/xuggle/xuggler/IContainerFormat;ZZ)I+19 xuggle.xuggler@5.4
j  com.xuggle.mediatool.MediaReader.open()V+20 xuggle.xuggler@5.4
j  com.xuggle.mediatool.MediaReader.readPacket()Lcom/xuggle/xuggler/IError;+8 xuggle.xuggler@5.4
j  ine.ufsc.intlin.VideoPlayerController.lambda$setMedia$1(Lcom/xuggle/mediatool/IMediaReader;)V+1 ine.ufsc.intlin
j  ine.ufsc.intlin.VideoPlayerController$$Lambda$676+0x0000000800ed4fa8.run()V+4 ine.ufsc.intlin
j  com.sun.javafx.application.PlatformImpl.lambda$runLater$10(Ljava/lang/Runnable;)Ljava/lang/Void;+1 javafx.graphics@19-ea
j  com.sun.javafx.application.PlatformImpl$$Lambda$113+0x0000000800c84a70.run()Ljava/lang/Object;+4 javafx.graphics@19-ea
J 3363 c1 java.security.AccessController.doPrivileged(Ljava/security/PrivilegedAction;Ljava/security/AccessControlContext;)Ljava/lang/Object; java.base@16.0.2 (17 bytes) @ 0x0000017480c16be4 [0x0000017480c16a00+0x00000000000001e4]
j  com.sun.javafx.application.PlatformImpl.lambda$runLater$11(Ljava/lang/Runnable;Ljava/security/AccessControlContext;)V+7 javafx.graphics@19-ea
j  com.sun.javafx.application.PlatformImpl$$Lambda$112+0x0000000800c841f0.run()V+8 javafx.graphics@19-ea
j  com.sun.glass.ui.InvokeLaterDispatcher$Future.run()V+4 javafx.graphics@19-ea
v  ~StubRoutines::call_stub
j  com.sun.glass.ui.win.WinApplication._runLoop(Ljava/lang/Runnable;)V+0 javafx.graphics@19-ea
j  com.sun.glass.ui.win.WinApplication.lambda$runLoop$3(ILjava/lang/Runnable;)V+8 javafx.graphics@19-ea
j  com.sun.glass.ui.win.WinApplication$$Lambda$101+0x0000000800c2fd50.run()V+12 javafx.graphics@19-ea
j  java.lang.Thread.run()V+11 java.base@16.0.2
v  ~StubRoutines::call_stub

siginfo: EXCEPTION_ACCESS_VIOLATION (0xc0000005), reading address 0xffffffffffffffff


Register to memory mapping:

RIP=0x000000006ee76520 points into unknown readable memory: 0x28fcc5405128fcc5 | c5 fc 28 51 40 c5 fc 28
RAX=0x00000174a50c5a10 points into unknown readable memory: 0x8000000000000000 | 00 00 00 00 00 00 00 80
RBX=0x00000174a8423630 points into unknown readable memory: 0x0000000000000000 | 00 00 00 00 00 00 00 00
RCX=0x00000174a50c5a10 points into unknown readable memory: 0x8000000000000000 | 00 00 00 00 00 00 00 80
RDX=0x0000000000000009 is an unknown value
RSP=0x00000056aacfcc40 is pointing into the stack for thread: 0x0000017494228940
RBP=0x00000174a50c5150 points into unknown readable memory: 0x00000174a50931f0 | f0 31 09 a5 74 01 00 00
RSI=0x00000174a50c6a10 points into unknown readable memory: 0x0000000100000009 | 09 00 00 00 01 00 00 00
RDI=0x0000000000000004 is an unknown value
R8 =0x000000006ee77580 points into unknown readable memory: 0xc18148ffffffbbe8 | e8 bb ff ff ff 48 81 c1
R9 =0x000000006ee76490 points into unknown readable memory: 0x4928fcc50128fcc5 | c5 fc 28 01 c5 fc 28 49
R10=0x00000174a509ed60 points into unknown readable memory: 0x016400c401840004 | 04 00 84 01 c4 00 64 01
R11=0x0000017494b91040 points into unknown readable memory: 0xbcb464bbbcb4f32d | 2d f3 b4 bc bb 64 b4 bc
R12=0x0000017494b91840 points into unknown readable memory: 0xbcb5a49ebcb516b8 | b8 16 b5 bc 9e a4 b5 bc
R13=0x0000000000000004 is an unknown value
R14=0x0000000000000184 is an unknown value
R15=0x000000006fab8f20 points into unknown readable memory: 0x3c96c9b63bc90f88 | 88 0f c9 3b b6 c9 96 3c


Registers:
RAX=0x00000174a50c5a10, RBX=0x00000174a8423630, RCX=0x00000174a50c5a10, RDX=0x0000000000000009
RSP=0x00000056aacfcc40, RBP=0x00000174a50c5150, RSI=0x00000174a50c6a10, RDI=0x0000000000000004
R8 =0x000000006ee77580, R9 =0x000000006ee76490, R10=0x00000174a509ed60, R11=0x0000017494b91040
R12=0x0000017494b91840, R13=0x0000000000000004, R14=0x0000000000000184, R15=0x000000006fab8f20
RIP=0x000000006ee76520, EFLAGS=0x0000000000010202

Top of Stack: (sp=0x00000056aacfcc40)
0x00000056aacfcc40:   000000006ee76665 000000006ee774c5
0x00000056aacfcc50:   000000006ee77505 000000006ee77545
0x00000056aacfcc60:   000000006ee77585 000000006ee79426
0x00000056aacfcc70:   000000006fab8f20 00000174a50c5a10
0x00000056aacfcc80:   00000174a8425af0 00000000835c7388
0x00000056aacfcc90:   3fe0000000000000 0000000000000000
0x00000056aacfcca0:   40c7760000000000 0000000000000000
0x00000056aacfccb0:   3fe0000000000000 0000000000000001
0x00000056aacfccc0:   00000174a8426af0 000000006ea45d24
0x00000056aacfccd0:   3f40624dd2f1a9fc 0000000000000000
0x00000056aacfcce0:   0000000000000000 0000000000000000
0x00000056aacfccf0:   0000000000000000 0000000000000000
0x00000056aacfcd00:   00000174a842f9f0 000000006fab7320
0x00000056aacfcd10:   0000000000000000 00000174a8423590
0x00000056aacfcd20:   0000000000000001 00000174a50c5150
0x00000056aacfcd30:   00000174a50c51d0 0000000000000000 

Instructions: (pc=0x000000006ee76520)
0x000000006ee76420:   48 89 c8 8b 79 18 89 fe c1 fe 02 48 63 d6 8d 34
0x000000006ee76430:   76 48 8d 5c 95 00 48 63 f6 48 89 da ff 50 48 89
0x000000006ee76440:   f8 83 ef 10 48 8d 54 b5 00 f7 d8 48 63 ff 48 98
0x000000006ee76450:   0f 28 3d f9 d0 65 00 0f 28 04 3b 0f 28 0c 02 0f
0x000000006ee76460:   c6 c0 1b 0f c6 c9 1b 0f 57 c7 0f 29 0c 3a 0f 29
0x000000006ee76470:   04 03 48 83 ef 10 48 83 c0 10 7c db 0f 28 7c 24
0x000000006ee76480:   20 48 83 c4 38 5b 5e 5f 5d c3 90 90 90 90 90 90
0x000000006ee76490:   c5 fc 28 01 c5 fc 28 49 20 c5 fc 5c e1 c5 fc 58
0x000000006ee764a0:   d1 c5 dc 59 0d 17 42 84 00 c4 e2 75 0c 0d ce 41
0x000000006ee764b0:   84 00 c4 e3 75 0c c2 33 c5 ec c6 e1 4e c5 dc 5c
0x000000006ee764c0:   d8 c5 dc 58 c0 c4 e2 7d 0c 05 d2 41 84 00 c5 e4
0x000000006ee764d0:   c6 e0 bb c5 e4 c6 d0 ee c4 e3 6d 06 d4 13 c5 e4
0x000000006ee764e0:   57 1d fa 41 84 00 c5 fc c6 cb dd c5 fc c6 c3 88
0x000000006ee764f0:   c4 e3 75 06 d8 02 c4 e3 7d 06 c1 13 c5 fc 5c e2
0x000000006ee76500:   c4 e3 5d 0c c0 55 c5 e4 5c c8 c5 e4 58 c0 c5 fc
0x000000006ee76510:   29 01 c5 fc 29 49 20 c3 0f 1f 84 00 00 00 00 00
0x000000006ee76520:   c5 fc 28 51 40 c5 fc 28 59 60 c5 ec 5c fb c5 ec
0x000000006ee76530:   58 d3 c5 c4 57 3d 26 41 84 00 c5 ec c6 df be c5
0x000000006ee76540:   ec c6 d7 44 c5 ec 5c fb c5 ec 58 d3 c5 ec c6 df
0x000000006ee76550:   dd c5 ec c6 d7 88 c5 fc 28 01 c5 fc 28 49 20 c5
0x000000006ee76560:   fc 5c f9 c5 fc 58 e1 c5 c4 59 0d 51 41 84 00 c4
0x000000006ee76570:   e2 75 0c 0d 08 41 84 00 c4 e3 75 0c c4 33 c5 dc
0x000000006ee76580:   c6 f9 4e c5 c4 5c e8 c5 c4 58 c0 c4 e2 7d 0c 05
0x000000006ee76590:   0c 41 84 00 c5 d4 c6 f8 bb c5 d4 c6 e0 ee c4 e3
0x000000006ee765a0:   5d 06 e7 13 c5 d4 57 2d 34 41 84 00 c5 fc c6 cd
0x000000006ee765b0:   dd c5 fc c6 c5 88 c4 e3 75 06 e8 02 c4 e3 7d 06
0x000000006ee765c0:   c1 13 c5 fc 5c fc c4 e3 45 0c c0 55 c5 d4 5c c8
0x000000006ee765d0:   c5 d4 58 c0 c5 fc 28 25 04 40 84 00 c5 fc 28 2d
0x000000006ee765e0:   1c 40 84 00 c5 ec 59 f4 c5 e4 59 fd c5 c4 58 fe
0x000000006ee765f0:   c5 ec 59 d5 c5 e4 59 dc c5 e4 5c da c4 e3 45 0c
0x000000006ee76600:   d3 f0 c4 e3 45 06 db 21 c5 ec 58 e3 c5 e4 5c d2
0x000000006ee76610:   c4 e3 6d 06 d2 01 c5 f4 5c da c5 f4 58 ca c5 fc 


Stack slot to memory mapping:
stack at sp + 0 slots: 0x000000006ee76665 points into unknown readable memory: c5 fc 28
stack at sp + 1 slots: 0x000000006ee774c5 points into unknown readable memory: 48 81 c1
stack at sp + 2 slots: 0x000000006ee77505 points into unknown readable memory: 48 81 c1
stack at sp + 3 slots: 0x000000006ee77545 points into unknown readable memory: 48 81 c1
stack at sp + 4 slots: 0x000000006ee77585 points into unknown readable memory: 48 81 c1
stack at sp + 5 slots: 0x000000006ee79426 points into unknown readable memory: 8b 4e
stack at sp + 6 slots: 0x000000006fab8f20 points into unknown readable memory: 0x3c96c9b63bc90f88 | 88 0f c9 3b b6 c9 96 3c
stack at sp + 7 slots: 0x00000174a50c5a10 points into unknown readable memory: 0x8000000000000000 | 00 00 00 00 00 00 00 80


---------------  P R O C E S S  ---------------

Threads class SMR info:
_java_thread_list=0x000001749dd92a50, length=23, elements={
0x00000174f519ab70, 0x00000174ff9955a0, 0x00000174ff996370, 0x00000174ff9a5360,
0x00000174ff9a6c80, 0x00000174ff9a7ba0, 0x00000174ff9a84b0, 0x00000174ff9ada10,
0x00000174ff9ae770, 0x0000017493930060, 0x00000174ff9770a0, 0x0000017493d5f590,
0x0000017493e73ff0, 0x00000174942280d0, 0x0000017494228940, 0x000001749439bc90,
0x00000174943d95f0, 0x000001749ba6bfe0, 0x000001749ba6c530, 0x000001749ba6a000,
0x000001749ba6ba90, 0x000001749ba6aaa0, 0x000001749ba6a550
}

Java Threads: ( => current thread )
  0x00000174f519ab70 JavaThread "main" [_thread_blocked, id=7180, stack(0x00000056a9100000,0x00000056a9200000)]
  0x00000174ff9955a0 JavaThread "Reference Handler" daemon [_thread_blocked, id=396, stack(0x00000056a9800000,0x00000056a9900000)]
  0x00000174ff996370 JavaThread "Finalizer" daemon [_thread_blocked, id=13900, stack(0x00000056a9900000,0x00000056a9a00000)]
  0x00000174ff9a5360 JavaThread "Signal Dispatcher" daemon [_thread_blocked, id=10444, stack(0x00000056a9a00000,0x00000056a9b00000)]
  0x00000174ff9a6c80 JavaThread "Attach Listener" daemon [_thread_blocked, id=7504, stack(0x00000056a9b00000,0x00000056a9c00000)]
  0x00000174ff9a7ba0 JavaThread "Service Thread" daemon [_thread_blocked, id=14584, stack(0x00000056a9c00000,0x00000056a9d00000)]
  0x00000174ff9a84b0 JavaThread "Monitor Deflation Thread" daemon [_thread_blocked, id=10176, stack(0x00000056a9d00000,0x00000056a9e00000)]
  0x00000174ff9ada10 JavaThread "C2 CompilerThread0" daemon [_thread_blocked, id=3160, stack(0x00000056a9e00000,0x00000056a9f00000)]
  0x00000174ff9ae770 JavaThread "C1 CompilerThread0" daemon [_thread_blocked, id=10036, stack(0x00000056a9f00000,0x00000056aa000000)]
  0x0000017493930060 JavaThread "Sweeper thread" daemon [_thread_blocked, id=12464, stack(0x00000056aa000000,0x00000056aa100000)]
  0x00000174ff9770a0 JavaThread "Common-Cleaner" daemon [_thread_blocked, id=10016, stack(0x00000056aa100000,0x00000056aa200000)]
  0x0000017493d5f590 JavaThread "Notification Thread" daemon [_thread_blocked, id=7792, stack(0x00000056aa300000,0x00000056aa400000)]
  0x0000017493e73ff0 JavaThread "QuantumRenderer-0" daemon [_thread_blocked, id=11428, stack(0x00000056aa800000,0x00000056aa900000)]
  0x00000174942280d0 JavaThread "InvokeLaterDispatcher" daemon [_thread_blocked, id=7516, stack(0x00000056aab00000,0x00000056aac00000)]
=>0x0000017494228940 JavaThread "JavaFX Application Thread" [_thread_in_native, id=6288, stack(0x00000056aac00000,0x00000056aad00000)]
  0x000001749439bc90 JavaThread "Thread-1" daemon [_thread_in_native, id=3700, stack(0x00000056ab200000,0x00000056ab300000)]
  0x00000174943d95f0 JavaThread "JavaFX-Launcher" [_thread_blocked, id=1868, stack(0x00000056ab300000,0x00000056ab400000)]
  0x000001749ba6bfe0 JavaThread "Prism Font Disposer" daemon [_thread_blocked, id=3364, stack(0x00000056ab900000,0x00000056aba00000)]
  0x000001749ba6c530 JavaThread "Cleaner-0" daemon [_thread_blocked, id=5388, stack(0x00000056aba00000,0x00000056abb00000)]
  0x000001749ba6a000 JavaThread "JFXMedia Player EventQueueThread" daemon [_thread_blocked, id=14280, stack(0x00000056ac400000,0x00000056ac500000)]
  0x000001749ba6ba90 JavaThread "Media Resource Disposer" daemon [_thread_blocked, id=1908, stack(0x00000056acf00000,0x00000056ad000000)]
  0x000001749ba6aaa0 JavaThread "Timer-0" [_thread_in_native, id=9936, stack(0x00000056acc00000,0x00000056acd00000)]
  0x000001749ba6a550 JavaThread "Timer-1" daemon [_thread_blocked, id=11124, stack(0x00000056ade00000,0x00000056adf00000)]

Other Threads:
  0x00000174ff992640 VMThread "VM Thread" [stack: 0x00000056a9700000,0x00000056a9800000] [id=12900]
  0x00000174f519b780 WatcherThread [stack: 0x00000056aa400000,0x00000056aa500000] [id=10120]
  0x00000174f51e2320 GCTaskThread "GC Thread#0" [stack: 0x00000056a9200000,0x00000056a9300000] [id=11132]
  0x0000017493e78700 GCTaskThread "GC Thread#1" [stack: 0x00000056aa200000,0x00000056aa300000] [id=5780]
  0x0000017493ce0b40 GCTaskThread "GC Thread#2" [stack: 0x00000056aa500000,0x00000056aa600000] [id=10976]
  0x0000017494156010 GCTaskThread "GC Thread#3" [stack: 0x00000056aa600000,0x00000056aa700000] [id=9020]
  0x0000017494156320 GCTaskThread "GC Thread#4" [stack: 0x00000056aa700000,0x00000056aa800000] [id=13344]
  0x0000017499c1d540 GCTaskThread "GC Thread#5" [stack: 0x00000056ab500000,0x00000056ab600000] [id=14496]
  0x00000174f51f4200 ConcurrentGCThread "G1 Main Marker" [stack: 0x00000056a9300000,0x00000056a9400000] [id=4168]
  0x00000174f51f57a0 ConcurrentGCThread "G1 Conc#0" [stack: 0x00000056a9400000,0x00000056a9500000] [id=9536]
  0x00000174ff8390d0 ConcurrentGCThread "G1 Refine#0" [stack: 0x00000056a9500000,0x00000056a9600000] [id=1404]
  0x0000017499597760 ConcurrentGCThread "G1 Refine#1" [stack: 0x00000056ab600000,0x00000056ab700000] [id=4476]
  0x00000174995b1320 ConcurrentGCThread "G1 Refine#2" [stack: 0x00000056ab700000,0x00000056ab800000] [id=12164]
  0x00000174ff83a970 ConcurrentGCThread "G1 Service" [stack: 0x00000056a9600000,0x00000056a9700000] [id=8304]

Threads with active compile tasks:

VM state: not at safepoint (normal execution)

VM Mutex/Monitor currently owned by a thread: None

Heap address: 0x0000000080400000, size: 2044 MB, Compressed Oops mode: 32-bit

CDS archive(s) mapped at: [0x0000000800000000-0x0000000800bb0000-0x0000000800bb0000), size 12255232, SharedBaseAddress: 0x0000000800000000, ArchiveRelocationMode: 0.
Compressed class space mapped at: 0x0000000800c00000-0x0000000840c00000, reserved size: 1073741824
Narrow klass base: 0x0000000800000000, Narrow klass shift: 3, Narrow klass range: 0x100000000

GC Precious Log:
 CPUs: 6 total, 6 available
 Memory: 8174M
 Large Page Support: Disabled
 NUMA Support: Disabled
 Compressed Oops: Enabled (32-bit)
 Heap Region Size: 1M
 Heap Min Capacity: 8M
 Heap Initial Capacity: 128M
 Heap Max Capacity: 2044M
 Pre-touch: Disabled
 Parallel Workers: 6
 Concurrent Workers: 2
 Concurrent Refinement Workers: 6
 Periodic GC: Disabled

Heap:
 garbage-first heap   total 131072K, used 45605K [0x0000000080400000, 0x0000000100000000)
  region size 1024K, 42 young (43008K), 9 survivors (9216K)
 Metaspace       used 19366K, committed 19648K, reserved 1073152K
  class space    used 2799K, committed 2944K, reserved 1048576K

Heap Regions: E=young(eden), S=young(survivor), O=old, HS=humongous(starts), HC=humongous(continues), CS=collection set, F=free, OA=open archive, CA=closed archive, TAMS=top-at-mark-start (previous, next)
|   0|0x0000000080400000, 0x0000000080500000, 0x0000000080500000|100%| O|  |TAMS 0x0000000080400000, 0x0000000080400000| Untracked 
|   1|0x0000000080500000, 0x00000000805ad400, 0x0000000080600000| 67%| O|  |TAMS 0x0000000080500000, 0x0000000080500000| Untracked 
|   2|0x0000000080600000, 0x0000000080700000, 0x0000000080700000|100%|HS|  |TAMS 0x0000000080600000, 0x0000000080600000| Complete 
|   3|0x0000000080700000, 0x0000000080800000, 0x0000000080800000|100%|HC|  |TAMS 0x0000000080700000, 0x0000000080700000| Complete 
|   4|0x0000000080800000, 0x0000000080800000, 0x0000000080900000|  0%| F|  |TAMS 0x0000000080800000, 0x0000000080800000| Untracked 
|   5|0x0000000080900000, 0x0000000080900000, 0x0000000080a00000|  0%| F|  |TAMS 0x0000000080900000, 0x0000000080900000| Untracked 
|   6|0x0000000080a00000, 0x0000000080a00000, 0x0000000080b00000|  0%| F|  |TAMS 0x0000000080a00000, 0x0000000080a00000| Untracked 
|   7|0x0000000080b00000, 0x0000000080b00000, 0x0000000080c00000|  0%| F|  |TAMS 0x0000000080b00000, 0x0000000080b00000| Untracked 
|   8|0x0000000080c00000, 0x0000000080c00000, 0x0000000080d00000|  0%| F|  |TAMS 0x0000000080c00000, 0x0000000080c00000| Untracked 
|   9|0x0000000080d00000, 0x0000000080d00000, 0x0000000080e00000|  0%| F|  |TAMS 0x0000000080d00000, 0x0000000080d00000| Untracked 
|  10|0x0000000080e00000, 0x0000000080e00000, 0x0000000080f00000|  0%| F|  |TAMS 0x0000000080e00000, 0x0000000080e00000| Untracked 
|  11|0x0000000080f00000, 0x0000000080f00000, 0x0000000081000000|  0%| F|  |TAMS 0x0000000080f00000, 0x0000000080f00000| Untracked 
|  12|0x0000000081000000, 0x0000000081000000, 0x0000000081100000|  0%| F|  |TAMS 0x0000000081000000, 0x0000000081000000| Untracked 
|  13|0x0000000081100000, 0x0000000081100000, 0x0000000081200000|  0%| F|  |TAMS 0x0000000081100000, 0x0000000081100000| Untracked 
|  14|0x0000000081200000, 0x0000000081200000, 0x0000000081300000|  0%| F|  |TAMS 0x0000000081200000, 0x0000000081200000| Untracked 
|  15|0x0000000081300000, 0x0000000081300000, 0x0000000081400000|  0%| F|  |TAMS 0x0000000081300000, 0x0000000081300000| Untracked 
|  16|0x0000000081400000, 0x0000000081400000, 0x0000000081500000|  0%| F|  |TAMS 0x0000000081400000, 0x0000000081400000| Untracked 
|  17|0x0000000081500000, 0x0000000081500000, 0x0000000081600000|  0%| F|  |TAMS 0x0000000081500000, 0x0000000081500000| Untracked 
|  18|0x0000000081600000, 0x0000000081600000, 0x0000000081700000|  0%| F|  |TAMS 0x0000000081600000, 0x0000000081600000| Untracked 
|  19|0x0000000081700000, 0x0000000081700000, 0x0000000081800000|  0%| F|  |TAMS 0x0000000081700000, 0x0000000081700000| Untracked 
|  20|0x0000000081800000, 0x0000000081800000, 0x0000000081900000|  0%| F|  |TAMS 0x0000000081800000, 0x0000000081800000| Untracked 
|  21|0x0000000081900000, 0x0000000081900000, 0x0000000081a00000|  0%| F|  |TAMS 0x0000000081900000, 0x0000000081900000| Untracked 
|  22|0x0000000081a00000, 0x0000000081a00000, 0x0000000081b00000|  0%| F|  |TAMS 0x0000000081a00000, 0x0000000081a00000| Untracked 
|  23|0x0000000081b00000, 0x0000000081b00000, 0x0000000081c00000|  0%| F|  |TAMS 0x0000000081b00000, 0x0000000081b00000| Untracked 
|  24|0x0000000081c00000, 0x0000000081c00000, 0x0000000081d00000|  0%| F|  |TAMS 0x0000000081c00000, 0x0000000081c00000| Untracked 
|  25|0x0000000081d00000, 0x0000000081d00000, 0x0000000081e00000|  0%| F|  |TAMS 0x0000000081d00000, 0x0000000081d00000| Untracked 
|  26|0x0000000081e00000, 0x0000000081e00000, 0x0000000081f00000|  0%| F|  |TAMS 0x0000000081e00000, 0x0000000081e00000| Untracked 
|  27|0x0000000081f00000, 0x0000000081f00000, 0x0000000082000000|  0%| F|  |TAMS 0x0000000081f00000, 0x0000000081f00000| Untracked 
|  28|0x0000000082000000, 0x0000000082000000, 0x0000000082100000|  0%| F|  |TAMS 0x0000000082000000, 0x0000000082000000| Untracked 
|  29|0x0000000082100000, 0x0000000082100000, 0x0000000082200000|  0%| F|  |TAMS 0x0000000082100000, 0x0000000082100000| Untracked 
|  30|0x0000000082200000, 0x0000000082200000, 0x0000000082300000|  0%| F|  |TAMS 0x0000000082200000, 0x0000000082200000| Untracked 
|  31|0x0000000082300000, 0x0000000082300000, 0x0000000082400000|  0%| F|  |TAMS 0x0000000082300000, 0x0000000082300000| Untracked 
|  32|0x0000000082400000, 0x0000000082400000, 0x0000000082500000|  0%| F|  |TAMS 0x0000000082400000, 0x0000000082400000| Untracked 
|  33|0x0000000082500000, 0x0000000082500000, 0x0000000082600000|  0%| F|  |TAMS 0x0000000082500000, 0x0000000082500000| Untracked 
|  34|0x0000000082600000, 0x0000000082600000, 0x0000000082700000|  0%| F|  |TAMS 0x0000000082600000, 0x0000000082600000| Untracked 
|  35|0x0000000082700000, 0x0000000082700000, 0x0000000082800000|  0%| F|  |TAMS 0x0000000082700000, 0x0000000082700000| Untracked 
|  36|0x0000000082800000, 0x0000000082800000, 0x0000000082900000|  0%| F|  |TAMS 0x0000000082800000, 0x0000000082800000| Untracked 
|  37|0x0000000082900000, 0x0000000082900000, 0x0000000082a00000|  0%| F|  |TAMS 0x0000000082900000, 0x0000000082900000| Untracked 
|  38|0x0000000082a00000, 0x0000000082a00000, 0x0000000082b00000|  0%| F|  |TAMS 0x0000000082a00000, 0x0000000082a00000| Untracked 
|  39|0x0000000082b00000, 0x0000000082b00000, 0x0000000082c00000|  0%| F|  |TAMS 0x0000000082b00000, 0x0000000082b00000| Untracked 
|  40|0x0000000082c00000, 0x0000000082c00000, 0x0000000082d00000|  0%| F|  |TAMS 0x0000000082c00000, 0x0000000082c00000| Untracked 
|  41|0x0000000082d00000, 0x0000000082d00000, 0x0000000082e00000|  0%| F|  |TAMS 0x0000000082d00000, 0x0000000082d00000| Untracked 
|  42|0x0000000082e00000, 0x0000000082e00000, 0x0000000082f00000|  0%| F|  |TAMS 0x0000000082e00000, 0x0000000082e00000| Untracked 
|  43|0x0000000082f00000, 0x0000000082fdc0b0, 0x0000000083000000| 85%| S|CS|TAMS 0x0000000082f00000, 0x0000000082f00000| Complete 
|  44|0x0000000083000000, 0x0000000083100000, 0x0000000083100000|100%| S|CS|TAMS 0x0000000083000000, 0x0000000083000000| Complete 
|  45|0x0000000083100000, 0x0000000083200000, 0x0000000083200000|100%| S|CS|TAMS 0x0000000083100000, 0x0000000083100000| Complete 
|  46|0x0000000083200000, 0x0000000083300000, 0x0000000083300000|100%| S|CS|TAMS 0x0000000083200000, 0x0000000083200000| Complete 
|  47|0x0000000083300000, 0x0000000083400000, 0x0000000083400000|100%| S|CS|TAMS 0x0000000083300000, 0x0000000083300000| Complete 
|  48|0x0000000083400000, 0x0000000083500000, 0x0000000083500000|100%| S|CS|TAMS 0x0000000083400000, 0x0000000083400000| Complete 
|  49|0x0000000083500000, 0x0000000083600000, 0x0000000083600000|100%| S|CS|TAMS 0x0000000083500000, 0x0000000083500000| Complete 
|  50|0x0000000083600000, 0x0000000083700000, 0x0000000083700000|100%| S|CS|TAMS 0x0000000083600000, 0x0000000083600000| Complete 
|  51|0x0000000083700000, 0x0000000083800000, 0x0000000083800000|100%| S|CS|TAMS 0x0000000083700000, 0x0000000083700000| Complete 
|  52|0x0000000083800000, 0x0000000083800000, 0x0000000083900000|  0%| F|  |TAMS 0x0000000083800000, 0x0000000083800000| Untracked 
|  53|0x0000000083900000, 0x0000000083900000, 0x0000000083a00000|  0%| F|  |TAMS 0x0000000083900000, 0x0000000083900000| Untracked 
|  54|0x0000000083a00000, 0x0000000083a00000, 0x0000000083b00000|  0%| F|  |TAMS 0x0000000083a00000, 0x0000000083a00000| Untracked 
|  55|0x0000000083b00000, 0x0000000083b00000, 0x0000000083c00000|  0%| F|  |TAMS 0x0000000083b00000, 0x0000000083b00000| Untracked 
|  56|0x0000000083c00000, 0x0000000083c00000, 0x0000000083d00000|  0%| F|  |TAMS 0x0000000083c00000, 0x0000000083c00000| Untracked 
|  57|0x0000000083d00000, 0x0000000083d00000, 0x0000000083e00000|  0%| F|  |TAMS 0x0000000083d00000, 0x0000000083d00000| Untracked 
|  58|0x0000000083e00000, 0x0000000083e00000, 0x0000000083f00000|  0%| F|  |TAMS 0x0000000083e00000, 0x0000000083e00000| Untracked 
|  59|0x0000000083f00000, 0x0000000083f00000, 0x0000000084000000|  0%| F|  |TAMS 0x0000000083f00000, 0x0000000083f00000| Untracked 
|  60|0x0000000084000000, 0x0000000084000000, 0x0000000084100000|  0%| F|  |TAMS 0x0000000084000000, 0x0000000084000000| Untracked 
|  61|0x0000000084100000, 0x0000000084100000, 0x0000000084200000|  0%| F|  |TAMS 0x0000000084100000, 0x0000000084100000| Untracked 
|  62|0x0000000084200000, 0x0000000084200000, 0x0000000084300000|  0%| F|  |TAMS 0x0000000084200000, 0x0000000084200000| Untracked 
|  63|0x0000000084300000, 0x0000000084300000, 0x0000000084400000|  0%| F|  |TAMS 0x0000000084300000, 0x0000000084300000| Untracked 
|  64|0x0000000084400000, 0x0000000084400000, 0x0000000084500000|  0%| F|  |TAMS 0x0000000084400000, 0x0000000084400000| Untracked 
|  65|0x0000000084500000, 0x0000000084500000, 0x0000000084600000|  0%| F|  |TAMS 0x0000000084500000, 0x0000000084500000| Untracked 
|  66|0x0000000084600000, 0x0000000084600000, 0x0000000084700000|  0%| F|  |TAMS 0x0000000084600000, 0x0000000084600000| Untracked 
|  67|0x0000000084700000, 0x0000000084700000, 0x0000000084800000|  0%| F|  |TAMS 0x0000000084700000, 0x0000000084700000| Untracked 
|  68|0x0000000084800000, 0x0000000084800000, 0x0000000084900000|  0%| F|  |TAMS 0x0000000084800000, 0x0000000084800000| Untracked 
|  69|0x0000000084900000, 0x0000000084900000, 0x0000000084a00000|  0%| F|  |TAMS 0x0000000084900000, 0x0000000084900000| Untracked 
|  70|0x0000000084a00000, 0x0000000084a00000, 0x0000000084b00000|  0%| F|  |TAMS 0x0000000084a00000, 0x0000000084a00000| Untracked 
|  71|0x0000000084b00000, 0x0000000084b00000, 0x0000000084c00000|  0%| F|  |TAMS 0x0000000084b00000, 0x0000000084b00000| Untracked 
|  72|0x0000000084c00000, 0x0000000084c00000, 0x0000000084d00000|  0%| F|  |TAMS 0x0000000084c00000, 0x0000000084c00000| Untracked 
|  73|0x0000000084d00000, 0x0000000084d00000, 0x0000000084e00000|  0%| F|  |TAMS 0x0000000084d00000, 0x0000000084d00000| Untracked 
|  74|0x0000000084e00000, 0x0000000084e00000, 0x0000000084f00000|  0%| F|  |TAMS 0x0000000084e00000, 0x0000000084e00000| Untracked 
|  75|0x0000000084f00000, 0x0000000084f00000, 0x0000000085000000|  0%| F|  |TAMS 0x0000000084f00000, 0x0000000084f00000| Untracked 
|  76|0x0000000085000000, 0x0000000085000000, 0x0000000085100000|  0%| F|  |TAMS 0x0000000085000000, 0x0000000085000000| Untracked 
|  77|0x0000000085100000, 0x0000000085100000, 0x0000000085200000|  0%| F|  |TAMS 0x0000000085100000, 0x0000000085100000| Untracked 
|  78|0x0000000085200000, 0x0000000085200000, 0x0000000085300000|  0%| F|  |TAMS 0x0000000085200000, 0x0000000085200000| Untracked 
|  79|0x0000000085300000, 0x0000000085300000, 0x0000000085400000|  0%| F|  |TAMS 0x0000000085300000, 0x0000000085300000| Untracked 
|  80|0x0000000085400000, 0x0000000085400000, 0x0000000085500000|  0%| F|  |TAMS 0x0000000085400000, 0x0000000085400000| Untracked 
|  81|0x0000000085500000, 0x0000000085500000, 0x0000000085600000|  0%| F|  |TAMS 0x0000000085500000, 0x0000000085500000| Untracked 
|  82|0x0000000085600000, 0x0000000085600000, 0x0000000085700000|  0%| F|  |TAMS 0x0000000085600000, 0x0000000085600000| Untracked 
|  83|0x0000000085700000, 0x0000000085700000, 0x0000000085800000|  0%| F|  |TAMS 0x0000000085700000, 0x0000000085700000| Untracked 
|  84|0x0000000085800000, 0x0000000085800000, 0x0000000085900000|  0%| F|  |TAMS 0x0000000085800000, 0x0000000085800000| Untracked 
|  85|0x0000000085900000, 0x0000000085900000, 0x0000000085a00000|  0%| F|  |TAMS 0x0000000085900000, 0x0000000085900000| Untracked 
|  86|0x0000000085a00000, 0x0000000085a00000, 0x0000000085b00000|  0%| F|  |TAMS 0x0000000085a00000, 0x0000000085a00000| Untracked 
|  87|0x0000000085b00000, 0x0000000085b00000, 0x0000000085c00000|  0%| F|  |TAMS 0x0000000085b00000, 0x0000000085b00000| Untracked 
|  88|0x0000000085c00000, 0x0000000085c00000, 0x0000000085d00000|  0%| F|  |TAMS 0x0000000085c00000, 0x0000000085c00000| Untracked 
|  89|0x0000000085d00000, 0x0000000085d00000, 0x0000000085e00000|  0%| F|  |TAMS 0x0000000085d00000, 0x0000000085d00000| Untracked 
|  90|0x0000000085e00000, 0x0000000085e00000, 0x0000000085f00000|  0%| F|  |TAMS 0x0000000085e00000, 0x0000000085e00000| Untracked 
|  91|0x0000000085f00000, 0x0000000085f00000, 0x0000000086000000|  0%| F|  |TAMS 0x0000000085f00000, 0x0000000085f00000| Untracked 
|  92|0x0000000086000000, 0x0000000086000000, 0x0000000086100000|  0%| F|  |TAMS 0x0000000086000000, 0x0000000086000000| Untracked 
|  93|0x0000000086100000, 0x0000000086100000, 0x0000000086200000|  0%| F|  |TAMS 0x0000000086100000, 0x0000000086100000| Untracked 
|  94|0x0000000086200000, 0x0000000086200000, 0x0000000086300000|  0%| F|  |TAMS 0x0000000086200000, 0x0000000086200000| Untracked 
|  95|0x0000000086300000, 0x0000000086300800, 0x0000000086400000|  0%| E|  |TAMS 0x0000000086300000, 0x0000000086300000| Complete 
|  96|0x0000000086400000, 0x0000000086500000, 0x0000000086500000|100%| E|CS|TAMS 0x0000000086400000, 0x0000000086400000| Complete 
|  97|0x0000000086500000, 0x0000000086600000, 0x0000000086600000|100%| E|CS|TAMS 0x0000000086500000, 0x0000000086500000| Complete 
|  98|0x0000000086600000, 0x0000000086700000, 0x0000000086700000|100%| E|CS|TAMS 0x0000000086600000, 0x0000000086600000| Complete 
|  99|0x0000000086700000, 0x0000000086800000, 0x0000000086800000|100%| E|CS|TAMS 0x0000000086700000, 0x0000000086700000| Complete 
| 100|0x0000000086800000, 0x0000000086900000, 0x0000000086900000|100%| E|CS|TAMS 0x0000000086800000, 0x0000000086800000| Complete 
| 101|0x0000000086900000, 0x0000000086a00000, 0x0000000086a00000|100%| E|CS|TAMS 0x0000000086900000, 0x0000000086900000| Complete 
| 102|0x0000000086a00000, 0x0000000086b00000, 0x0000000086b00000|100%| E|CS|TAMS 0x0000000086a00000, 0x0000000086a00000| Complete 
| 103|0x0000000086b00000, 0x0000000086c00000, 0x0000000086c00000|100%| E|CS|TAMS 0x0000000086b00000, 0x0000000086b00000| Complete 
| 104|0x0000000086c00000, 0x0000000086d00000, 0x0000000086d00000|100%| E|CS|TAMS 0x0000000086c00000, 0x0000000086c00000| Complete 
| 105|0x0000000086d00000, 0x0000000086e00000, 0x0000000086e00000|100%| E|CS|TAMS 0x0000000086d00000, 0x0000000086d00000| Complete 
| 106|0x0000000086e00000, 0x0000000086f00000, 0x0000000086f00000|100%| E|CS|TAMS 0x0000000086e00000, 0x0000000086e00000| Complete 
| 107|0x0000000086f00000, 0x0000000087000000, 0x0000000087000000|100%| E|CS|TAMS 0x0000000086f00000, 0x0000000086f00000| Complete 
| 108|0x0000000087000000, 0x0000000087100000, 0x0000000087100000|100%| E|CS|TAMS 0x0000000087000000, 0x0000000087000000| Complete 
| 109|0x0000000087100000, 0x0000000087200000, 0x0000000087200000|100%| E|CS|TAMS 0x0000000087100000, 0x0000000087100000| Complete 
| 110|0x0000000087200000, 0x0000000087300000, 0x0000000087300000|100%| E|CS|TAMS 0x0000000087200000, 0x0000000087200000| Complete 
| 111|0x0000000087300000, 0x0000000087400000, 0x0000000087400000|100%| E|CS|TAMS 0x0000000087300000, 0x0000000087300000| Complete 
| 112|0x0000000087400000, 0x0000000087500000, 0x0000000087500000|100%| E|CS|TAMS 0x0000000087400000, 0x0000000087400000| Complete 
| 113|0x0000000087500000, 0x0000000087600000, 0x0000000087600000|100%| E|CS|TAMS 0x0000000087500000, 0x0000000087500000| Complete 
| 114|0x0000000087600000, 0x0000000087700000, 0x0000000087700000|100%| E|CS|TAMS 0x0000000087600000, 0x0000000087600000| Complete 
| 115|0x0000000087700000, 0x0000000087800000, 0x0000000087800000|100%| E|CS|TAMS 0x0000000087700000, 0x0000000087700000| Complete 
| 116|0x0000000087800000, 0x0000000087900000, 0x0000000087900000|100%| E|CS|TAMS 0x0000000087800000, 0x0000000087800000| Complete 
| 117|0x0000000087900000, 0x0000000087a00000, 0x0000000087a00000|100%| E|CS|TAMS 0x0000000087900000, 0x0000000087900000| Complete 
| 118|0x0000000087a00000, 0x0000000087b00000, 0x0000000087b00000|100%| E|CS|TAMS 0x0000000087a00000, 0x0000000087a00000| Complete 
| 119|0x0000000087b00000, 0x0000000087c00000, 0x0000000087c00000|100%| E|CS|TAMS 0x0000000087b00000, 0x0000000087b00000| Complete 
| 120|0x0000000087c00000, 0x0000000087d00000, 0x0000000087d00000|100%| E|CS|TAMS 0x0000000087c00000, 0x0000000087c00000| Complete 
| 121|0x0000000087d00000, 0x0000000087e00000, 0x0000000087e00000|100%| E|CS|TAMS 0x0000000087d00000, 0x0000000087d00000| Complete 
| 122|0x0000000087e00000, 0x0000000087f00000, 0x0000000087f00000|100%| E|CS|TAMS 0x0000000087e00000, 0x0000000087e00000| Complete 
| 123|0x0000000087f00000, 0x0000000088000000, 0x0000000088000000|100%| E|CS|TAMS 0x0000000087f00000, 0x0000000087f00000| Complete 
| 124|0x0000000088000000, 0x0000000088100000, 0x0000000088100000|100%| E|CS|TAMS 0x0000000088000000, 0x0000000088000000| Complete 
| 125|0x0000000088100000, 0x0000000088200000, 0x0000000088200000|100%| E|CS|TAMS 0x0000000088100000, 0x0000000088100000| Complete 
| 126|0x0000000088200000, 0x0000000088300000, 0x0000000088300000|100%| E|CS|TAMS 0x0000000088200000, 0x0000000088200000| Complete 
| 127|0x0000000088300000, 0x0000000088400000, 0x0000000088400000|100%| E|CS|TAMS 0x0000000088300000, 0x0000000088300000| Complete 

Card table byte_map: [0x00000174fcdb0000,0x00000174fd1b0000] _byte_map_base: 0x00000174fc9ae000

Marking Bits (Prev, Next): (CMBitMap*) 0x00000174f51e38b0, (CMBitMap*) 0x00000174f51e38f0
 Prev Bits: [0x00000174fd5b0000, 0x00000174ff5a0000)
 Next Bits: [0x000001748f000000, 0x0000017490ff0000)

Polling page: 0x00000174f3080000

Metaspace:

Usage:
  Non-class:     16.18 MB used.
      Class:      2.73 MB used.
       Both:     18.91 MB used.

Virtual space:
  Non-class space:       24.00 MB reserved,      16.31 MB ( 68%) committed,  3 nodes.
      Class space:        1.00 GB reserved,       2.88 MB ( <1%) committed,  1 nodes.
              Both:        1.02 GB reserved,      19.19 MB (  2%) committed. 

Chunk freelists:
   Non-Class:  3.06 MB
       Class:  1.10 MB
        Both:  4.16 MB

MaxMetaspaceSize: 17179869184.00 GB
CompressedClassSpaceSize: 1.00 GB
 - commit_granule_bytes: 65536.
 - commit_granule_words: 8192.
 - virtual_space_node_default_size: 1048576.
 - enlarge_chunks_in_place: 1.
 - new_chunks_are_fully_committed: 0.
 - uncommit_free_chunks: 1.
 - use_allocation_guard: 0.
 - handle_deallocations: 1.


Internal statistics:

num_allocs_failed_limit: 0.
num_arena_births: 266.
num_arena_deaths: 0.
num_vsnodes_births: 4.
num_vsnodes_deaths: 0.
num_space_committed: 307.
num_space_uncommitted: 0.
num_chunks_returned_to_freelist: 0.
num_chunks_taken_from_freelist: 919.
num_chunk_merges: 0.
num_chunk_splits: 625.
num_chunks_enlarged: 481.
num_purges: 0.

CodeHeap 'non-profiled nmethods': size=120000Kb used=1406Kb max_used=1406Kb free=118593Kb
 bounds [0x0000017487ad0000, 0x0000017487d40000, 0x000001748f000000]
CodeHeap 'profiled nmethods': size=120000Kb used=6980Kb max_used=6980Kb free=113019Kb
 bounds [0x00000174805a0000, 0x0000017480c80000, 0x0000017487ad0000]
CodeHeap 'non-nmethods': size=5760Kb used=1501Kb max_used=1535Kb free=4258Kb
 bounds [0x0000017480000000, 0x0000017480270000, 0x00000174805a0000]
 total_blobs=4378 nmethods=3505 adapters=786
 compilation: enabled
              stopped_count=0, restarted_count=0
 full_count=0

Compilation events (20 events):
Event: 14.233 Thread 0x00000174ff9ae770 3472       3       java.util.concurrent.locks.ReentrantLock$Sync::tryRelease (51 bytes)
Event: 14.233 Thread 0x00000174ff9ae770 nmethod 3472 0x0000017480c59890 code [0x0000017480c59a60, 0x0000017480c59da8]
Event: 14.322 Thread 0x00000174ff9ada10 3473       4       java.util.concurrent.ConcurrentHashMap$ValueIterator::next (34 bytes)
Event: 14.324 Thread 0x00000174ff9ae770 3474       3       jdk.internal.org.objectweb.asm.ClassReader::readConst (276 bytes)
Event: 14.326 Thread 0x00000174ff9ae770 nmethod 3474 0x0000017480c59e90 code [0x0000017480c5a320, 0x0000017480c5c0d8]
Event: 14.326 Thread 0x00000174ff9ae770 3475       3       jdk.internal.org.objectweb.asm.ClassReader::readUTF8 (23 bytes)
Event: 14.326 Thread 0x00000174ff9ae770 nmethod 3475 0x0000017480c5cb90 code [0x0000017480c5cd60, 0x0000017480c5cf98]
Event: 14.326 Thread 0x00000174ff9ae770 3479       3       java.lang.invoke.MethodHandles$Lookup$ClassDefiner::defineClassAsLookup (19 bytes)
Event: 14.326 Thread 0x00000174ff9ae770 nmethod 3479 0x0000017480c5d090 code [0x0000017480c5d240, 0x0000017480c5d438]
Event: 14.326 Thread 0x00000174ff9ae770 3476       3       jdk.internal.org.objectweb.asm.ClassReader::readUtf (44 bytes)
Event: 14.327 Thread 0x00000174ff9ae770 nmethod 3476 0x0000017480c5d510 code [0x0000017480c5d6e0, 0x0000017480c5dad8]
Event: 14.327 Thread 0x00000174ff9ae770 3477       3       jdk.internal.org.objectweb.asm.Type::getObjectType (31 bytes)
Event: 14.327 Thread 0x00000174ff9ae770 nmethod 3477 0x0000017480c5dc90 code [0x0000017480c5dec0, 0x0000017480c5e6f8]
Event: 14.327 Thread 0x00000174ff9ae770 3478       3       jdk.internal.org.objectweb.asm.Type::getClassName (172 bytes)
Event: 14.328 Thread 0x00000174ff9ada10 nmethod 3473 0x0000017487c2e090 code [0x0000017487c2e220, 0x0000017487c2e638]
Event: 14.329 Thread 0x00000174ff9ae770 nmethod 3478 0x0000017480c5ea90 code [0x0000017480c5ee20, 0x0000017480c602c8]
Event: 14.329 Thread 0x00000174ff9ae770 3480       1       sun.nio.ch.NativeThread::current (2 bytes)
Event: 14.329 Thread 0x00000174ff9ae770 nmethod 3480 0x0000017487c2e810 code [0x0000017487c2e9a0, 0x0000017487c2ea58]
Event: 14.337 Thread 0x00000174ff9ae770 3481       3       java.lang.Thread::checkAccess (14 bytes)
Event: 14.337 Thread 0x00000174ff9ae770 nmethod 3481 0x0000017480c60990 code [0x0000017480c60b60, 0x0000017480c60e68]

GC Heap History (6 events):
Event: 0.671 GC heap before
{Heap before GC invocations=0 (full 0):
 garbage-first heap   total 131072K, used 21504K [0x0000000080400000, 0x0000000100000000)
  region size 1024K, 21 young (21504K), 0 survivors (0K)
 Metaspace       used 2407K, committed 2560K, reserved 1056768K
  class space    used 238K, committed 320K, reserved 1048576K
}
Event: 0.675 GC heap after
{Heap after GC invocations=1 (full 0):
 garbage-first heap   total 131072K, used 1774K [0x0000000080400000, 0x0000000100000000)
  region size 1024K, 2 young (2048K), 2 survivors (2048K)
 Metaspace       used 2407K, committed 2560K, reserved 1056768K
  class space    used 238K, committed 320K, reserved 1048576K
}
Event: 1.302 GC heap before
{Heap before GC invocations=1 (full 0):
 garbage-first heap   total 131072K, used 30446K [0x0000000080400000, 0x0000000100000000)
  region size 1024K, 31 young (31744K), 2 survivors (2048K)
 Metaspace       used 9866K, committed 10112K, reserved 1064960K
  class space    used 1323K, committed 1472K, reserved 1048576K
}
Event: 1.310 GC heap after
{Heap after GC invocations=2 (full 0):
 garbage-first heap   total 131072K, used 5813K [0x0000000080400000, 0x0000000100000000)
  region size 1024K, 4 young (4096K), 4 survivors (4096K)
 Metaspace       used 9866K, committed 10112K, reserved 1064960K
  class space    used 1323K, committed 1472K, reserved 1048576K
}
Event: 8.774 GC heap before
{Heap before GC invocations=2 (full 0):
 garbage-first heap   total 131072K, used 81589K [0x0000000080400000, 0x0000000100000000)
  region size 1024K, 76 young (77824K), 4 survivors (4096K)
 Metaspace       used 18869K, committed 19200K, reserved 1073152K
  class space    used 2779K, committed 2944K, reserved 1048576K
}
Event: 8.788 GC heap after
{Heap after GC invocations=3 (full 0):
 garbage-first heap   total 131072K, used 12837K [0x0000000080400000, 0x0000000100000000)
  region size 1024K, 9 young (9216K), 9 survivors (9216K)
 Metaspace       used 18869K, committed 19200K, reserved 1073152K
  class space    used 2779K, committed 2944K, reserved 1048576K
}

Deoptimization events (20 events):
Event: 8.610 Thread 0x0000017494228940 DEOPT PACKING pc=0x0000017487be6158 sp=0x00000056aacfb200
Event: 8.610 Thread 0x0000017494228940 DEOPT UNPACKING pc=0x000001748004d72e sp=0x00000056aacfb1a8 mode 2
Event: 8.617 Thread 0x0000017494228940 Uncommon trap: trap_request=0xffffff45 fr.pc=0x0000017487ae6150 relative=0x00000000000001b0
Event: 8.617 Thread 0x0000017494228940 Uncommon trap: reason=unstable_if action=reinterpret pc=0x0000017487ae6150 method=java.lang.String.isLatin1()Z @ 10 c2
Event: 8.617 Thread 0x0000017494228940 DEOPT PACKING pc=0x0000017487ae6150 sp=0x00000056aacfbb60
Event: 8.617 Thread 0x0000017494228940 DEOPT UNPACKING pc=0x000001748004d72e sp=0x00000056aacfba98 mode 2
Event: 8.695 Thread 0x0000017494228940 Uncommon trap: trap_request=0xffffff45 fr.pc=0x0000017487b2ebac relative=0x000000000000010c
Event: 8.695 Thread 0x0000017494228940 Uncommon trap: reason=unstable_if action=reinterpret pc=0x0000017487b2ebac method=java.lang.String.indexOf(II)I @ 4 c2
Event: 8.695 Thread 0x0000017494228940 DEOPT PACKING pc=0x0000017487b2ebac sp=0x00000056aacfbc30
Event: 8.695 Thread 0x0000017494228940 DEOPT UNPACKING pc=0x000001748004d72e sp=0x00000056aacfbb60 mode 2
Event: 8.695 Thread 0x0000017494228940 Uncommon trap: trap_request=0xffffff45 fr.pc=0x0000017487b360ec relative=0x000000000000014c
Event: 8.695 Thread 0x0000017494228940 Uncommon trap: reason=unstable_if action=reinterpret pc=0x0000017487b360ec method=java.lang.String.indexOf(II)I @ 4 c2
Event: 8.695 Thread 0x0000017494228940 DEOPT PACKING pc=0x0000017487b360ec sp=0x00000056aacfbbc0
Event: 8.695 Thread 0x0000017494228940 DEOPT UNPACKING pc=0x000001748004d72e sp=0x00000056aacfbb60 mode 2
Event: 8.798 Thread 0x0000017493e73ff0 DEOPT PACKING pc=0x0000017480b8b57f sp=0x00000056aa8fa360
Event: 8.798 Thread 0x0000017493e73ff0 DEOPT UNPACKING pc=0x000001748004dece sp=0x00000056aa8f9780 mode 0
Event: 8.831 Thread 0x0000017493e73ff0 DEOPT PACKING pc=0x0000017480a130c2 sp=0x00000056aa8fa770
Event: 8.831 Thread 0x0000017493e73ff0 DEOPT UNPACKING pc=0x000001748004dece sp=0x00000056aa8f9c00 mode 0
Event: 13.080 Thread 0x0000017493e73ff0 DEOPT PACKING pc=0x0000017480ba3ae2 sp=0x00000056aa8f84b0
Event: 13.080 Thread 0x0000017493e73ff0 DEOPT UNPACKING pc=0x000001748004dece sp=0x00000056aa8f78e8 mode 0

Classes unloaded (0 events):
No events

Classes redefined (0 events):
No events

Internal exceptions (20 events):
Event: 1.990 Thread 0x0000017494228940 Exception <a 'java/lang/NoSuchMethodError'{0x0000000086b33128}: 'java.lang.Object java.lang.invoke.DirectMethodHandle$Holder.newInvokeSpecial(java.lang.Object, java.lang.Object, int)'> (0x0000000086b33128) 
thrown [t:\workspace\open\src\hotspot\share\interpreter\linkResolver.cpp, line 790]
Event: 2.091 Thread 0x0000017493e73ff0 Exception <a 'java/lang/NoSuchMethodError'{0x00000000868168c8}: 'java.lang.Object java.lang.invoke.DirectMethodHandle$Holder.invokeStaticInit(java.lang.Object, int)'> (0x00000000868168c8) 
thrown [t:\workspace\open\src\hotspot\share\interpreter\linkResolver.cpp, line 790]
Event: 2.848 Thread 0x0000017494228940 Exception <a 'java/lang/NoSuchMethodError'{0x000000008650e488}: 'long java.lang.invoke.DirectMethodHandle$Holder.invokeStatic(java.lang.Object, java.lang.Object, java.lang.Object)'> (0x000000008650e488) 
thrown [t:\workspace\open\src\hotspot\share\interpreter\linkResolver.cpp, line 790]
Event: 2.848 Thread 0x0000017494228940 Exception <a 'java/lang/NoSuchMethodError'{0x0000000086511e38}: 'long java.lang.invoke.DirectMethodHandle$Holder.invokeStaticInit(java.lang.Object, java.lang.Object, java.lang.Object)'> (0x0000000086511e38) 
thrown [t:\workspace\open\src\hotspot\share\interpreter\linkResolver.cpp, line 790]
Event: 2.850 Thread 0x0000017494228940 Exception <a 'java/lang/NoSuchMethodError'{0x0000000086529d58}: 'java.lang.Object java.lang.invoke.DirectMethodHandle$Holder.newInvokeSpecial(java.lang.Object, java.lang.Object, long)'> (0x0000000086529d58) 
thrown [t:\workspace\open\src\hotspot\share\interpreter\linkResolver.cpp, line 790]
Event: 2.851 Thread 0x0000017494228940 Exception <a 'java/lang/NoSuchMethodError'{0x000000008652dac8}: 'java.lang.Object java.lang.invoke.Invokers$Holder.linkToTargetMethod(java.lang.Object, long, java.lang.Object)'> (0x000000008652dac8) 
thrown [t:\workspace\open\src\hotspot\share\interpreter\linkResolver.cpp, line 790]
Event: 6.841 Thread 0x0000017494228940 Exception <a 'java/io/FileNotFoundException'{0x0000000086028a68}> (0x0000000086028a68) 
thrown [t:\workspace\open\src\hotspot\share\prims\jni.cpp, line 579]
Event: 6.846 Thread 0x0000017494228940 Exception <a 'java/io/FileNotFoundException'{0x000000008603e2a0}> (0x000000008603e2a0) 
thrown [t:\workspace\open\src\hotspot\share\prims\jni.cpp, line 579]
Event: 6.964 Thread 0x0000017494228940 Implicit null exception at 0x0000017487ae53d5 to 0x0000017487ae595c
Event: 6.964 Thread 0x0000017494228940 Implicit null exception at 0x0000017487ae7452 to 0x0000017487ae79cc
Event: 7.010 Thread 0x0000017494228940 Exception <a 'java/lang/NullPointerException'{0x0000000085a338e0}> (0x0000000085a338e0) 
thrown [t:\workspace\open\src\hotspot\share\interpreter\linkResolver.cpp, line 1468]
Event: 7.027 Thread 0x0000017494228940 Exception <a 'sun/nio/fs/WindowsException'{0x0000000085ae2c50}> (0x0000000085ae2c50) 
thrown [t:\workspace\open\src\hotspot\share\prims\jni.cpp, line 579]
Event: 7.027 Thread 0x0000017494228940 Exception <a 'java/lang/NoClassDefFoundError'{0x0000000085ae4fb0}: org/slf4j/impl/StaticLoggerBinder> (0x0000000085ae4fb0) 
thrown [t:\workspace\open\src\hotspot\share\classfile\systemDictionary.cpp, line 245]
Event: 7.039 Thread 0x0000017494228940 Exception <a 'sun/nio/fs/WindowsException'{0x0000000085912978}> (0x0000000085912978) 
thrown [t:\workspace\open\src\hotspot\share\prims\jni.cpp, line 579]
Event: 7.056 Thread 0x0000017494228940 Exception <a 'java/lang/NoSuchMethodError'{0x000000008566f2d8}: 'java.lang.Object java.lang.invoke.DirectMethodHandle$Holder.invokeStaticInit(java.lang.Object, int, int, int, int)'> (0x000000008566f2d8) 
thrown [t:\workspace\open\src\hotspot\share\interpreter\linkResolver.cpp, line 790]
Event: 7.132 Thread 0x0000017494228940 Exception <a 'java/lang/NoSuchMethodError'{0x00000000856f2200}: 'java.lang.Object java.lang.invoke.DirectMethodHandle$Holder.invokeStaticInit(java.lang.Object, java.lang.Object, int, int, int, int)'> (0x00000000856f2200) 
thrown [t:\workspace\open\src\hotspot\share\interpreter\linkResolver.cpp, line 790]
Event: 8.536 Thread 0x0000017494228940 Exception <a 'sun/nio/fs/WindowsException'{0x00000000855a78a8}> (0x00000000855a78a8) 
thrown [t:\workspace\open\src\hotspot\share\prims\jni.cpp, line 579]
Event: 8.538 Thread 0x0000017494228940 Exception <a 'sun/nio/fs/WindowsException'{0x00000000855ac4e0}> (0x00000000855ac4e0) 
thrown [t:\workspace\open\src\hotspot\share\prims\jni.cpp, line 579]
Event: 8.539 Thread 0x0000017494228940 Exception <a 'sun/nio/fs/WindowsException'{0x00000000855b0ed0}> (0x00000000855b0ed0) 
thrown [t:\workspace\open\src\hotspot\share\prims\jni.cpp, line 579]
Event: 8.837 Thread 0x000001749ba6a000 Exception <a 'java/lang/NoSuchMethodError'{0x0000000088164558}: 'java.lang.Object java.lang.invoke.DirectMethodHandle$Holder.newInvokeSpecial(java.lang.Object, java.lang.Object, int, int)'> (0x0000000088164558) 
thrown [t:\workspace\open\src\hotspot\share\interpreter\linkResolver.cpp, line 790]

Events (20 events):
Event: 14.325 Thread 0x000001749ba6ca80 Thread exited: 0x000001749ba6ca80
Event: 14.325 Thread 0x000001749ba6ca80 Thread added: 0x000001749ba6ca80
Event: 14.325 Thread 0x000001749ba6ca80 Thread exited: 0x000001749ba6ca80
Event: 14.325 Thread 0x000001749ba6ca80 Thread added: 0x000001749ba6ca80
Event: 14.325 Thread 0x000001749ba6ca80 Thread exited: 0x000001749ba6ca80
Event: 14.325 Thread 0x000001749ba6cfd0 Thread added: 0x000001749ba6cfd0
Event: 14.325 Thread 0x000001749ba6cfd0 Thread exited: 0x000001749ba6cfd0
Event: 14.326 Thread 0x000001749ba6cfd0 Thread added: 0x000001749ba6cfd0
Event: 14.326 Thread 0x000001749ba6cfd0 Thread exited: 0x000001749ba6cfd0
Event: 14.326 Thread 0x000001749ba6d520 Thread added: 0x000001749ba6d520
Event: 14.326 Thread 0x000001749ba6d520 Thread exited: 0x000001749ba6d520
Event: 14.326 Thread 0x000001749ba6a550 Thread added: 0x000001749ba6a550
Event: 14.326 Thread 0x000001749ba6a550 Thread exited: 0x000001749ba6a550
Event: 14.326 Thread 0x000001749ba6d520 Thread added: 0x000001749ba6d520
Event: 14.326 Thread 0x000001749ba6d520 Thread exited: 0x000001749ba6d520
Event: 14.326 Thread 0x000001749ba6a550 Thread added: 0x000001749ba6a550
Event: 14.326 Thread 0x000001749ba6a550 Thread exited: 0x000001749ba6a550
Event: 14.327 Thread 0x000001749ba6a550 Thread added: 0x000001749ba6a550
Event: 14.329 Thread 0x000001749ba6aff0 Thread added: 0x000001749ba6aff0
Event: 14.329 Thread 0x000001749ba6aff0 Thread exited: 0x000001749ba6aff0


Dynamic libraries:
0x00007ff70c2c0000 - 0x00007ff70c2d0000 	C:\Program Files\Java\jdk-16.0.2\bin\java.exe
0x00007ff8058d0000 - 0x00007ff805ac5000 	C:\WINDOWS\SYSTEM32\ntdll.dll
0x00007ff804a80000 - 0x00007ff804b3d000 	C:\WINDOWS\System32\KERNEL32.DLL
0x00007ff8025f0000 - 0x00007ff8028bd000 	C:\WINDOWS\System32\KERNELBASE.dll
0x00007ff8028c0000 - 0x00007ff8029c0000 	C:\WINDOWS\System32\ucrtbase.dll
0x00007ffff3740000 - 0x00007ffff3758000 	C:\Program Files\Java\jdk-16.0.2\bin\jli.dll
0x00007ff804c30000 - 0x00007ff804cde000 	C:\WINDOWS\System32\ADVAPI32.dll
0x00007ff8046e0000 - 0x00007ff80477e000 	C:\WINDOWS\System32\msvcrt.dll
0x00007ff804b90000 - 0x00007ff804c2c000 	C:\WINDOWS\System32\sechost.dll
0x00007ff803030000 - 0x00007ff803155000 	C:\WINDOWS\System32\RPCRT4.dll
0x00007ff803340000 - 0x00007ff8034e0000 	C:\WINDOWS\System32\USER32.dll
0x00007ff802df0000 - 0x00007ff802e12000 	C:\WINDOWS\System32\win32u.dll
0x00007ff804b40000 - 0x00007ff804b6a000 	C:\WINDOWS\System32\GDI32.dll
0x00007ff802e20000 - 0x00007ff802f2b000 	C:\WINDOWS\System32\gdi32full.dll
0x00007ff802ca0000 - 0x00007ff802d3d000 	C:\WINDOWS\System32\msvcp_win.dll
0x00007fffff260000 - 0x00007fffff279000 	C:\Program Files\Java\jdk-16.0.2\bin\VCRUNTIME140.dll
0x00007ffff9420000 - 0x00007ffff96ba000 	C:\WINDOWS\WinSxS\amd64_microsoft.windows.common-controls_6595b64144ccf1df_6.0.19041.1110_none_60b5254171f9507e\COMCTL32.dll
0x00007ffff73b0000 - 0x00007ffff73ba000 	C:\WINDOWS\SYSTEM32\VERSION.dll
0x00007ff803310000 - 0x00007ff803340000 	C:\WINDOWS\System32\IMM32.DLL
0x00007ffff07d0000 - 0x00007ffff08bf000 	C:\Program Files\Malwarebytes\Anti-Malware\mbae64.dll
0x00007ff8057b0000 - 0x00007ff80581b000 	C:\WINDOWS\System32\WS2_32.dll
0x00007ff804b80000 - 0x00007ff804b88000 	C:\WINDOWS\System32\PSAPI.DLL
0x00007ff805060000 - 0x00007ff8057a4000 	C:\WINDOWS\System32\SHELL32.dll
0x00007ff804250000 - 0x00007ff80437a000 	C:\WINDOWS\System32\ole32.dll
0x00007ff804380000 - 0x00007ff8046d4000 	C:\WINDOWS\System32\combase.dll
0x00007ff802fd0000 - 0x00007ff803025000 	C:\WINDOWS\System32\SHLWAPI.dll
0x00007ff802a10000 - 0x00007ff802a78000 	C:\WINDOWS\System32\WINTRUST.dll
0x00007ff805040000 - 0x00007ff80505d000 	C:\WINDOWS\System32\imagehlp.dll
0x00007ff803d70000 - 0x00007ff804246000 	C:\WINDOWS\System32\WININET.dll
0x00007ff802b40000 - 0x00007ff802c96000 	C:\WINDOWS\System32\CRYPT32.dll
0x00007ff8021e0000 - 0x00007ff8021f2000 	C:\WINDOWS\SYSTEM32\MSASN1.dll
0x00007ff801300000 - 0x00007ff801333000 	C:\WINDOWS\SYSTEM32\ntmarta.dll
0x00007ff8024e0000 - 0x00007ff802512000 	C:\WINDOWS\SYSTEM32\SspiCli.dll
0x00007ff800720000 - 0x00007ff800eb4000 	C:\WINDOWS\SYSTEM32\windows.storage.dll
0x00007ff802050000 - 0x00007ff80207c000 	C:\WINDOWS\SYSTEM32\Wldp.dll
0x00007ff803600000 - 0x00007ff8036ad000 	C:\WINDOWS\System32\SHCORE.dll
0x00007ffffe4a0000 - 0x00007ffffe4ac000 	C:\Program Files\Java\jdk-16.0.2\bin\vcruntime140_1.dll
0x00007fffec9d0000 - 0x00007fffeca61000 	C:\Program Files\Java\jdk-16.0.2\bin\msvcp140.dll
0x00007fff9e280000 - 0x00007fff9ee2b000 	C:\Program Files\Java\jdk-16.0.2\bin\server\jvm.dll
0x00007fffeeac0000 - 0x00007fffeeac9000 	C:\WINDOWS\SYSTEM32\WSOCK32.dll
0x00007ffff7380000 - 0x00007ffff73a7000 	C:\WINDOWS\SYSTEM32\WINMM.dll
0x00007ff800520000 - 0x00007ff800532000 	C:\WINDOWS\SYSTEM32\kernel.appcore.dll
0x00007ffffde70000 - 0x00007ffffde7a000 	C:\Program Files\Java\jdk-16.0.2\bin\jimage.dll
0x00007ffffc520000 - 0x00007ffffc704000 	C:\WINDOWS\SYSTEM32\DBGHELP.DLL
0x00007fffedb00000 - 0x00007fffedb2c000 	C:\WINDOWS\SYSTEM32\dbgcore.DLL
0x00000174f4870000 - 0x00000174f48f2000 	C:\WINDOWS\System32\bcryptPrimitives.dll
0x00007ffffbf70000 - 0x00007ffffbf95000 	C:\Program Files\Java\jdk-16.0.2\bin\java.dll
0x00007ff802530000 - 0x00007ff80254f000 	C:\WINDOWS\SYSTEM32\profapi.dll
0x00007ffffc150000 - 0x00007ffffc169000 	C:\Program Files\Java\jdk-16.0.2\bin\net.dll
0x00007ffff10b0000 - 0x00007ffff11ba000 	C:\WINDOWS\SYSTEM32\WINHTTP.dll
0x00007ff801db0000 - 0x00007ff801e1a000 	C:\WINDOWS\system32\mswsock.dll
0x00007ffffbb10000 - 0x00007ffffbb23000 	C:\Program Files\Java\jdk-16.0.2\bin\nio.dll
0x00007ffffa3a0000 - 0x00007ffffa3b8000 	C:\Program Files\Java\jdk-16.0.2\bin\zip.dll
0x0000017492ff0000 - 0x0000017492ff3000 	C:\Users\Gabriel\.openjfx\cache\19-ea+3\api-ms-win-core-console-l1-1-0.dll
0x0000017494520000 - 0x0000017494523000 	C:\Users\Gabriel\.openjfx\cache\19-ea+3\api-ms-win-core-console-l1-2-0.dll
0x0000017494530000 - 0x0000017494533000 	C:\Users\Gabriel\.openjfx\cache\19-ea+3\api-ms-win-core-datetime-l1-1-0.dll
0x0000017494540000 - 0x0000017494543000 	C:\Users\Gabriel\.openjfx\cache\19-ea+3\api-ms-win-core-debug-l1-1-0.dll
0x0000017494550000 - 0x0000017494553000 	C:\Users\Gabriel\.openjfx\cache\19-ea+3\api-ms-win-core-errorhandling-l1-1-0.dll
0x0000017494560000 - 0x0000017494564000 	C:\Users\Gabriel\.openjfx\cache\19-ea+3\api-ms-win-core-file-l1-1-0.dll
0x0000017494570000 - 0x0000017494573000 	C:\Users\Gabriel\.openjfx\cache\19-ea+3\api-ms-win-core-file-l1-2-0.dll
0x0000017494580000 - 0x0000017494583000 	C:\Users\Gabriel\.openjfx\cache\19-ea+3\api-ms-win-core-file-l2-1-0.dll
0x0000017494590000 - 0x0000017494593000 	C:\Users\Gabriel\.openjfx\cache\19-ea+3\api-ms-win-core-handle-l1-1-0.dll
0x00000174945a0000 - 0x00000174945a3000 	C:\Users\Gabriel\.openjfx\cache\19-ea+3\api-ms-win-core-heap-l1-1-0.dll
0x00000174945b0000 - 0x00000174945b3000 	C:\Users\Gabriel\.openjfx\cache\19-ea+3\api-ms-win-core-interlocked-l1-1-0.dll
0x00000174945c0000 - 0x00000174945c3000 	C:\Users\Gabriel\.openjfx\cache\19-ea+3\api-ms-win-core-libraryloader-l1-1-0.dll
0x00000174945d0000 - 0x00000174945d3000 	C:\Users\Gabriel\.openjfx\cache\19-ea+3\api-ms-win-core-localization-l1-2-0.dll
0x00000174945e0000 - 0x00000174945e3000 	C:\Users\Gabriel\.openjfx\cache\19-ea+3\api-ms-win-core-memory-l1-1-0.dll
0x00000174945f0000 - 0x00000174945f3000 	C:\Users\Gabriel\.openjfx\cache\19-ea+3\api-ms-win-core-namedpipe-l1-1-0.dll
0x0000017494600000 - 0x0000017494603000 	C:\Users\Gabriel\.openjfx\cache\19-ea+3\api-ms-win-core-processenvironment-l1-1-0.dll
0x0000017494610000 - 0x0000017494613000 	C:\Users\Gabriel\.openjfx\cache\19-ea+3\api-ms-win-core-processthreads-l1-1-0.dll
0x0000017494620000 - 0x0000017494623000 	C:\Users\Gabriel\.openjfx\cache\19-ea+3\api-ms-win-core-processthreads-l1-1-1.dll
0x0000017494630000 - 0x0000017494633000 	C:\Users\Gabriel\.openjfx\cache\19-ea+3\api-ms-win-core-profile-l1-1-0.dll
0x0000017494640000 - 0x0000017494643000 	C:\Users\Gabriel\.openjfx\cache\19-ea+3\api-ms-win-core-rtlsupport-l1-1-0.dll
0x0000017494650000 - 0x0000017494653000 	C:\Users\Gabriel\.openjfx\cache\19-ea+3\api-ms-win-core-string-l1-1-0.dll
0x0000017494660000 - 0x0000017494663000 	C:\Users\Gabriel\.openjfx\cache\19-ea+3\api-ms-win-core-synch-l1-1-0.dll
0x0000017494670000 - 0x0000017494673000 	C:\Users\Gabriel\.openjfx\cache\19-ea+3\api-ms-win-core-synch-l1-2-0.dll
0x0000017494680000 - 0x0000017494683000 	C:\Users\Gabriel\.openjfx\cache\19-ea+3\api-ms-win-core-sysinfo-l1-1-0.dll
0x0000017494690000 - 0x0000017494693000 	C:\Users\Gabriel\.openjfx\cache\19-ea+3\api-ms-win-core-timezone-l1-1-0.dll
0x00000174946a0000 - 0x00000174946a3000 	C:\Users\Gabriel\.openjfx\cache\19-ea+3\api-ms-win-core-util-l1-1-0.dll
0x00000174946b0000 - 0x00000174946b3000 	C:\Users\Gabriel\.openjfx\cache\19-ea+3\api-ms-win-crt-conio-l1-1-0.dll
0x00000174946c0000 - 0x00000174946c4000 	C:\Users\Gabriel\.openjfx\cache\19-ea+3\api-ms-win-crt-convert-l1-1-0.dll
0x00000174946d0000 - 0x00000174946d3000 	C:\Users\Gabriel\.openjfx\cache\19-ea+3\api-ms-win-crt-environment-l1-1-0.dll
0x00000174946e0000 - 0x00000174946e3000 	C:\Users\Gabriel\.openjfx\cache\19-ea+3\api-ms-win-crt-filesystem-l1-1-0.dll
0x00000174946f0000 - 0x00000174946f3000 	C:\Users\Gabriel\.openjfx\cache\19-ea+3\api-ms-win-crt-heap-l1-1-0.dll
0x0000017494700000 - 0x0000017494703000 	C:\Users\Gabriel\.openjfx\cache\19-ea+3\api-ms-win-crt-locale-l1-1-0.dll
0x0000017494710000 - 0x0000017494715000 	C:\Users\Gabriel\.openjfx\cache\19-ea+3\api-ms-win-crt-math-l1-1-0.dll
0x0000017494720000 - 0x0000017494725000 	C:\Users\Gabriel\.openjfx\cache\19-ea+3\api-ms-win-crt-multibyte-l1-1-0.dll
0x0000017494730000 - 0x0000017494740000 	C:\Users\Gabriel\.openjfx\cache\19-ea+3\api-ms-win-crt-private-l1-1-0.dll
0x0000017494740000 - 0x0000017494743000 	C:\Users\Gabriel\.openjfx\cache\19-ea+3\api-ms-win-crt-process-l1-1-0.dll
0x0000017494750000 - 0x0000017494754000 	C:\Users\Gabriel\.openjfx\cache\19-ea+3\api-ms-win-crt-runtime-l1-1-0.dll
0x0000017494760000 - 0x0000017494764000 	C:\Users\Gabriel\.openjfx\cache\19-ea+3\api-ms-win-crt-stdio-l1-1-0.dll
0x0000017494770000 - 0x0000017494774000 	C:\Users\Gabriel\.openjfx\cache\19-ea+3\api-ms-win-crt-string-l1-1-0.dll
0x0000017494780000 - 0x0000017494783000 	C:\Users\Gabriel\.openjfx\cache\19-ea+3\api-ms-win-crt-time-l1-1-0.dll
0x0000017494790000 - 0x0000017494793000 	C:\Users\Gabriel\.openjfx\cache\19-ea+3\api-ms-win-crt-utility-l1-1-0.dll
0x00007fffa41b0000 - 0x00007fffa42ac000 	C:\Users\Gabriel\.openjfx\cache\19-ea+3\ucrtbase.dll
0x00007ffff31d0000 - 0x00007ffff31ea000 	C:\Users\Gabriel\.openjfx\cache\19-ea+3\vcruntime140.dll
0x00007ffffbfa0000 - 0x00007ffffbfac000 	C:\Users\Gabriel\.openjfx\cache\19-ea+3\vcruntime140_1.dll
0x00007fffb3b90000 - 0x00007fffb3c1d000 	C:\Users\Gabriel\.openjfx\cache\19-ea+3\msvcp140.dll
0x00007ffff0900000 - 0x00007ffff092c000 	C:\Users\Gabriel\.openjfx\cache\19-ea+3\prism_d3d.dll
0x00007ffff8000000 - 0x00007ffff81cf000 	C:\WINDOWS\system32\d3d9.dll
0x00007ff800130000 - 0x00007ff80015f000 	C:\WINDOWS\SYSTEM32\dwmapi.dll
0x00007ffffff00000 - 0x00007ffffff9e000 	C:\WINDOWS\system32\uxtheme.dll
0x00007ffff7c40000 - 0x00007ffff7df8000 	C:\WINDOWS\System32\DriverStore\FileRepository\u0376209.inf_amd64_b3bdffadea4def3f\B374968\aticfx64.dll
0x00007fffca530000 - 0x00007fffca564000 	C:\WINDOWS\System32\DriverStore\FileRepository\u0376209.inf_amd64_b3bdffadea4def3f\B374968\atiu9p64.dll
0x00007fffc82a0000 - 0x00007fffc8ff4000 	C:\WINDOWS\System32\DriverStore\FileRepository\u0376209.inf_amd64_b3bdffadea4def3f\B374968\atiumd64.dll
0x0000000066270000 - 0x00000000670e5000 	C:\WINDOWS\System32\DriverStore\FileRepository\u0376209.inf_amd64_b3bdffadea4def3f\B374968\atiumd6a.dll
0x00007ff803740000 - 0x00007ff803bb1000 	C:\WINDOWS\System32\SETUPAPI.dll
0x00000174947b0000 - 0x00000174947fe000 	C:\WINDOWS\System32\cfgmgr32.dll
0x0000017494950000 - 0x0000017494977000 	C:\WINDOWS\System32\bcrypt.dll
0x00007ff801b70000 - 0x00007ff801bbb000 	C:\WINDOWS\SYSTEM32\POWRPROF.dll
0x00007ff801a40000 - 0x00007ff801a52000 	C:\WINDOWS\SYSTEM32\UMPDC.dll
0x00007fffff710000 - 0x00007fffff740000 	C:\WINDOWS\SYSTEM32\amdihk64.dll
0x00007fffe51f0000 - 0x00007fffe5232000 	C:\Users\Gabriel\.openjfx\cache\19-ea+3\glass.dll
0x00007ff803c90000 - 0x00007ff803d6b000 	C:\WINDOWS\System32\COMDLG32.dll
0x00007ff803bc0000 - 0x00007ff803c8d000 	C:\WINDOWS\System32\OLEAUT32.dll
0x00007ff8034e0000 - 0x00007ff8035f5000 	C:\WINDOWS\System32\MSCTF.dll
0x00007fffff300000 - 0x00007fffff33b000 	C:\WINDOWS\SYSTEM32\dxcore.dll
0x00007ffff08e0000 - 0x00007ffff08f4000 	C:\Users\Gabriel\.openjfx\cache\19-ea+3\javafx_font.dll
0x00007fffdc5c0000 - 0x00007fffdc83f000 	C:\WINDOWS\SYSTEM32\dwrite.dll
0x00007ff8049d0000 - 0x00007ff804a79000 	C:\WINDOWS\System32\clbcatq.dll
0x00007ffff9d00000 - 0x00007ffff9eb4000 	C:\WINDOWS\SYSTEM32\WindowsCodecs.dll
0x00007ffffd730000 - 0x00007ffffd76e000 	C:\WINDOWS\system32\dataexchange.dll
0x00007ffffe530000 - 0x00007ffffe794000 	C:\WINDOWS\system32\d3d11.dll
0x00007ffffef60000 - 0x00007fffff145000 	C:\WINDOWS\system32\dcomp.dll
0x00007ff800f00000 - 0x00007ff800ff3000 	C:\WINDOWS\system32\dxgi.dll
0x00007ffffb7d0000 - 0x00007ffffb9d1000 	C:\WINDOWS\system32\twinapi.appcore.dll
0x00007fffdfd20000 - 0x00007fffdfd54000 	C:\Program Files\Common Files\Microsoft Shared\Ink\rtscom.dll
0x00007ffff9ab0000 - 0x00007ffff9ba9000 	C:\WINDOWS\SYSTEM32\textinputframework.dll

dbghelp: loaded successfully - version: 4.0.5 - missing functions: none
symbol engine: initialized successfully - sym options: 0x614 - pdb path: .;C:\Program Files\Java\jdk-16.0.2\bin;C:\WINDOWS\SYSTEM32;C:\WINDOWS\WinSxS\amd64_microsoft.windows.common-controls_6595b64144ccf1df_6.0.19041.1110_none_60b5254171f9507e;C:\Program Files\Malwarebytes\Anti-Malware;C:\Program Files\Java\jdk-16.0.2\bin\server;C:\Users\Gabriel\.openjfx\cache\19-ea+3;C:\WINDOWS\System32\DriverStore\FileRepository\u0376209.inf_amd64_b3bdffadea4def3f\B374968;C:\Program Files\Common Files\Microsoft Shared\Ink;C:\WINDOWS\WinSxS\amd64_microsoft.windows.gdiplus_6595b64144ccf1df_1.1.19041.1706_none_919e8e54cc8d4ca1;C:\Users\Gabriel\AppData\Local\MEGAsync;C:\Program Files\Google\Drive File Stream\58.0.3.0;C:\Program Files (x86)\Common Files\Adobe\CoreSyncExtension;C:\Users\Gabriel\AppData\Local\Microsoft\OneDrive\22.099.0508.0001;C:\Users\Gabriel\AppData\Local\Temp\xuggle

VM Arguments:
jvm_args: --module-path=C:\Users\Gabriel\Desktop\gabr\UFSC\un\Intlin\target\classes;C:\Users\Gabriel\.m2\repository\org\apache\logging\log4j\log4j-api\2.17.2\log4j-api-2.17.2.jar;C:\Users\Gabriel\.m2\repository\org\apache\logging\log4j\log4j-core\2.17.2\log4j-core-2.17.2.jar;C:\Users\Gabriel\.m2\repository\org\json\json\20210307\json-20210307.jar;C:\Users\Gabriel\.m2\repository\org\openjfx\javafx-base\19-ea+3\javafx-base-19-ea+3-win.jar;C:\Users\Gabriel\.m2\repository\org\openjfx\javafx-controls\19-ea+3\javafx-controls-19-ea+3-win.jar;C:\Users\Gabriel\.m2\repository\org\openjfx\javafx-fxml\19-ea+3\javafx-fxml-19-ea+3-win.jar;C:\Users\Gabriel\.m2\repository\org\openjfx\javafx-graphics\19-ea+3\javafx-graphics-19-ea+3-win.jar;C:\Users\Gabriel\.m2\repository\org\openjfx\javafx-media\19-ea+3\javafx-media-19-ea+3-win.jar;C:\Users\Gabriel\.m2\repository\org\openjfx\javafx-web\19-ea+3\javafx-web-19-ea+3-win.jar;C:\Users\Gabriel\.m2\repository\xuggle\xuggle-xuggler\5.4\xuggle-xuggler-5.4.jar --add-modules=ine.ufsc.intlin -Djdk.module.main=ine.ufsc.intlin 
java_command: ine.ufsc.intlin/ine.ufsc.intlin.App
java_class_path (initial): C:\Users\Gabriel\Desktop\gabr\UFSC\un\Intlin\target\classes;C:\Users\Gabriel\.m2\repository\commons-cli\commons-cli\1.1\commons-cli-1.1.jar;C:\Users\Gabriel\.m2\repository\no\tornado\tornadofx-android-compat\1.0.1\tornadofx-android-compat-1.0.1.jar;C:\Users\Gabriel\.m2\repository\org\openjfx\javafx-base\19-ea+3\javafx-base-19-ea+3.jar;C:\Users\Gabriel\.m2\repository\org\openjfx\javafx-controls\19-ea+3\javafx-controls-19-ea+3.jar;C:\Users\Gabriel\.m2\repository\org\openjfx\javafx-fxml\19-ea+3\javafx-fxml-19-ea+3.jar;C:\Users\Gabriel\.m2\repository\org\openjfx\javafx-graphics\19-ea+3\javafx-graphics-19-ea+3.jar;C:\Users\Gabriel\.m2\repository\org\openjfx\javafx-media\19-ea+3\javafx-media-19-ea+3.jar;C:\Users\Gabriel\.m2\repository\org\openjfx\javafx-web\19-ea+3\javafx-web-19-ea+3.jar;C:\Users\Gabriel\.m2\repository\org\slf4j\slf4j-api\1.6.4\slf4j-api-1.6.4.jar;C:\Users\Gabriel\.m2\repository\org\xerial\sqlite-jdbc\3.36.0.3\sqlite-jdbc-3.36.0.3.jar
Launcher Type: SUN_STANDARD

[Global flags]
     intx CICompilerCount                          = 3                                         {product} {ergonomic}
     uint ConcGCThreads                            = 2                                         {product} {ergonomic}
     uint G1ConcRefinementThreads                  = 6                                         {product} {ergonomic}
   size_t G1HeapRegionSize                         = 1048576                                   {product} {ergonomic}
    uintx GCDrainStackTargetSize                   = 64                                        {product} {ergonomic}
   size_t InitialHeapSize                          = 134217728                                 {product} {ergonomic}
   size_t MarkStackSize                            = 4194304                                   {product} {ergonomic}
   size_t MaxHeapSize                              = 2143289344                                {product} {ergonomic}
   size_t MaxNewSize                               = 1285554176                                {product} {ergonomic}
   size_t MinHeapDeltaBytes                        = 1048576                                   {product} {ergonomic}
   size_t MinHeapSize                              = 8388608                                   {product} {ergonomic}
    uintx NonNMethodCodeHeapSize                   = 5832780                                {pd product} {ergonomic}
    uintx NonProfiledCodeHeapSize                  = 122912730                              {pd product} {ergonomic}
    uintx ProfiledCodeHeapSize                     = 122912730                              {pd product} {ergonomic}
    uintx ReservedCodeCacheSize                    = 251658240                              {pd product} {ergonomic}
     bool SegmentedCodeCache                       = true                                      {product} {ergonomic}
   size_t SoftMaxHeapSize                          = 2143289344                             {manageable} {ergonomic}
     bool UseCompressedClassPointers               = true                           {product lp64_product} {ergonomic}
     bool UseCompressedOops                        = true                           {product lp64_product} {ergonomic}
     bool UseG1GC                                  = true                                      {product} {ergonomic}
     bool UseLargePagesIndividualAllocation        = false                                  {pd product} {ergonomic}

Logging:
Log output configuration:
 #0: stdout all=warning uptime,level,tags
 #1: stderr all=off uptime,level,tags

Environment Variables:
JAVA_HOME=C:\Program Files\Java\jdk-16.0.2
PATH=C:\Program Files\Common Files\Oracle\Java\javapath;C:\Program Files\Rockwell Software\RSCommon;C:\Program Files\Haskell\bin;C:\Program Files\Haskell Platform\8.4.3\lib\extralibs\bin;C:\Program Files\Haskell Platform\8.4.3\bin;C:\Program Files (x86)\Common Files\Oracle\Java\javapath;C:\ProgramData\Oracle\Java\javapath;C:\WINDOWS\system32;C:\WINDOWS;C:\WINDOWS\System32\Wbem;C:\WINDOWS\System32\WindowsPowerShell\v1.0\;C:\Program Files\Git\cmd;C:\Program Files (x86)\Skype\Phone\;C:\Program Files\Haskell Platform\8.4.3\mingw\bin;C:\Users\Gabriel\RE-flex-master\bin\win64;C:\Program Files (x86)\java\jdk-15\bin;C:\WINDOWS\System32\OpenSSH\;C:\Program Files (x86)\Certbot\bin;C:\Program Files\Go\bin;C:\Users\Gabriel\Documents\flutter\bin;C:\Windows\System32\;C:\Users\Gabriel\Documents\flutter\.pub-cache\bin;C:\Users\Gabriel\AppData\Roaming\cabal\bin;C:\Users\Gabriel\AppData\Roaming\local\bin;C:\Users\Gabriel\AppData\Local\Programs\Python\Python36-32\Scripts\;C:\Users\Gabriel\AppData\Local\Programs\Python\Python36-32\;C:\Users\Gabriel\Downloads\apache-maven-3.5.0-bin\apache-maven-3.5.0\bin;C:\intelFPGA\17.0\modelsim_ase\win32aloem;C:\MinGW\bin;C:\MinGW\MSYS\1.0\bin;C:\Users\Gabriel\AppData\Local\atom\bin;C:\Program Files (x86)\clisp-2.49;C:\Program Files\swipl\bin;C:\Users\Gabriel\Desktop\mysql-8.0.13-winx64\bin;C:\Program Files (x86)\MySQL\mysql-8.0.13-winx64\bin;C:\msys64\mingw64\bin;C:\Users\Gabriel\vcpkg;C:\Users\Gabriel\AppData\Local\Microsoft\WindowsApps;C:\Users\Gabriel\go\bin;C:\WINDOWS\System32\WindowsPowerShell\v1.0\;C:\Users\Gabriel\Documents\flutter\bin;C:\Users\Gabriel\Documents\flutter\.pub-cache\bin;C:\Users\Gabriel\AppData\Local\Android\Sdk\platform-tools;C:\WINDOWS\System32\WindowsPowerShell\V1.0;C:\Windows\System32;C:\Users\Gabriel\AppData\Local\Programs\Microsoft VS Code222\bin
USERNAME=Gabriel
OS=Windows_NT
PROCESSOR_IDENTIFIER=AMD64 Family 21 Model 2 Stepping 0, AuthenticAMD



---------------  S Y S T E M  ---------------

OS:
 Windows 10 , 64 bit Build 19041 (10.0.19041.1706)
OS uptime: 25 days 8:07 hours

CPU: total 6 (initial active 6) (6 cores per cpu, 1 threads per core) family 21 model 2 stepping 0 microcode 0x0, cx8, cmov, fxsr, mmx, 3dnowpref, sse, sse2, sse3, ssse3, sse4a, sse4.1, sse4.2, popcnt, lzcnt, tsc, tscinvbit, avx, aes, clmul, bmi1, fma, vzeroupper, clflush

Memory: 4k page, system-wide physical 8174M (1151M free)
TotalPageFile size 17390M (AvailPageFile size 4464M)
current process WorkingSet (physical memory assigned to process): 261M, peak: 261M
current process commit charge ("private bytes"): 380M, peak: 382M

vm_info: Java HotSpot(TM) 64-Bit Server VM (16.0.2+7-67) for windows-amd64 JRE (16.0.2+7-67), built on Jun  8 2021 23:24:19 by "mach5one" with MS VC++ 16.7 (VS2019)

END.
