#
# A fatal error has been detected by the Java Runtime Environment:
#
#  EXCEPTION_ACCESS_VIOLATION (0xc0000005) at pc=0x000000006ee76520, pid=10776, tid=14584
#
# JRE version: Java(TM) SE Runtime Environment (16.0.2+7) (build 16.0.2+7-67)
# Java VM: Java HotSpot(TM) 64-Bit Server VM (16.0.2+7-67, mixed mode, sharing, tiered, compressed oops, compressed class ptrs, g1 gc, windows-amd64)
# Problematic frame:
# C  0x000000006ee76520
#
# No core dump will be written. Minidumps are not enabled by default on client versions of Windows
#
# If you would like to submit a bug report, please visit:
#   https://bugreport.java.com/bugreport/crash.jsp
# The crash happened outside the Java Virtual Machine in native code.
# See problematic frame for where to report the bug.
#

---------------  S U M M A R Y ------------

Command Line: --module-path=C:\Users\Gabriel\Desktop\gabr\UFSC\un\Intlin\target\classes;C:\Users\Gabriel\.m2\repository\org\apache\logging\log4j\log4j-api\2.17.2\log4j-api-2.17.2.jar;C:\Users\Gabriel\.m2\repository\org\apache\logging\log4j\log4j-core\2.17.2\log4j-core-2.17.2.jar;C:\Users\Gabriel\.m2\repository\org\json\json\20210307\json-20210307.jar;C:\Users\Gabriel\.m2\repository\org\openjfx\javafx-base\19-ea+3\javafx-base-19-ea+3-win.jar;C:\Users\Gabriel\.m2\repository\org\openjfx\javafx-controls\19-ea+3\javafx-controls-19-ea+3-win.jar;C:\Users\Gabriel\.m2\repository\org\openjfx\javafx-fxml\19-ea+3\javafx-fxml-19-ea+3-win.jar;C:\Users\Gabriel\.m2\repository\org\openjfx\javafx-graphics\19-ea+3\javafx-graphics-19-ea+3-win.jar;C:\Users\Gabriel\.m2\repository\org\openjfx\javafx-media\19-ea+3\javafx-media-19-ea+3-win.jar;C:\Users\Gabriel\.m2\repository\org\openjfx\javafx-web\19-ea+3\javafx-web-19-ea+3-win.jar;C:\Users\Gabriel\.m2\repository\xuggle\xuggle-xuggler\5.4\xuggle-xuggler-5.4.jar --add-modules=ine.ufsc.intlin -Djdk.module.main=ine.ufsc.intlin ine.ufsc.intlin/ine.ufsc.intlin.App

Host: AMD FX(tm)-6300 Six-Core Processor             , 6 cores, 7G,  Windows 10 , 64 bit Build 19041 (10.0.19041.1706)
Time: Thu Jun  9 22:05:32 2022 Hora oficial do Brasil elapsed time: 10.997962 seconds (0d 0h 0m 10s)

---------------  T H R E A D  ---------------

Current thread (0x000001ed1d0dfe50):  JavaThread "JavaFX Application Thread" [_thread_in_native, id=14584, stack(0x00000006d8c00000,0x00000006d8d00000)]

Stack: [0x00000006d8c00000,0x00000006d8d00000],  sp=0x00000006d8cfcff0,  free space=1011k
Native frames: (J=compiled Java code, j=interpreted, Vv=VM code, C=native code)
C  0x000000006ee76520

Java frames: (J=compiled Java code, j=interpreted, Vv=VM code)
j  com.xuggle.xuggler.XugglerJNI.IContainer_open__SWIG_1(JLcom/xuggle/xuggler/IContainer;Ljava/lang/String;IJLcom/xuggle/xuggler/IContainerFormat;ZZ)I+0 xuggle.xuggler@5.4
j  com.xuggle.xuggler.IContainer.open(Ljava/lang/String;Lcom/xuggle/xuggler/IContainer$Type;Lcom/xuggle/xuggler/IContainerFormat;ZZ)I+19 xuggle.xuggler@5.4
j  com.xuggle.mediatool.MediaReader.open()V+20 xuggle.xuggler@5.4
j  com.xuggle.mediatool.MediaReader.readPacket()Lcom/xuggle/xuggler/IError;+8 xuggle.xuggler@5.4
j  ine.ufsc.intlin.VideoPlayerController.lambda$setMedia$1(Lcom/xuggle/mediatool/IMediaReader;)V+1 ine.ufsc.intlin
j  ine.ufsc.intlin.VideoPlayerController$$Lambda$676+0x0000000800ed4a00.run()V+4 ine.ufsc.intlin
j  com.sun.javafx.application.PlatformImpl.lambda$runLater$10(Ljava/lang/Runnable;)Ljava/lang/Void;+1 javafx.graphics@19-ea
j  com.sun.javafx.application.PlatformImpl$$Lambda$113+0x0000000800c84c90.run()Ljava/lang/Object;+4 javafx.graphics@19-ea
J 1030 c1 java.security.AccessController.executePrivileged(Ljava/security/PrivilegedAction;Ljava/security/AccessControlContext;Ljava/lang/Class;)Ljava/lang/Object; java.base@16.0.2 (65 bytes) @ 0x000001ed07dd9144 [0x000001ed07dd8fe0+0x0000000000000164]
j  java.security.AccessController.doPrivileged(Ljava/security/PrivilegedAction;Ljava/security/AccessControlContext;)Ljava/lang/Object;+13 java.base@16.0.2
j  com.sun.javafx.application.PlatformImpl.lambda$runLater$11(Ljava/lang/Runnable;Ljava/security/AccessControlContext;)V+7 javafx.graphics@19-ea
j  com.sun.javafx.application.PlatformImpl$$Lambda$112+0x0000000800c84840.run()V+8 javafx.graphics@19-ea
j  com.sun.glass.ui.InvokeLaterDispatcher$Future.run()V+4 javafx.graphics@19-ea
v  ~StubRoutines::call_stub
j  com.sun.glass.ui.win.WinApplication._runLoop(Ljava/lang/Runnable;)V+0 javafx.graphics@19-ea
j  com.sun.glass.ui.win.WinApplication.lambda$runLoop$3(ILjava/lang/Runnable;)V+8 javafx.graphics@19-ea
j  com.sun.glass.ui.win.WinApplication$$Lambda$101+0x0000000800c2d800.run()V+12 javafx.graphics@19-ea
j  java.lang.Thread.run()V+11 java.base@16.0.2
v  ~StubRoutines::call_stub

siginfo: EXCEPTION_ACCESS_VIOLATION (0xc0000005), reading address 0xffffffffffffffff


Register to memory mapping:

RIP=0x000000006ee76520 points into unknown readable memory: 0x28fcc5405128fcc5 | c5 fc 28 51 40 c5 fc 28
RAX=0x000001ed316e7f70 points into unknown readable memory: 0x8000000000000000 | 00 00 00 00 00 00 00 80
RBX=0x000001ed3180c9d0 points into unknown readable memory: 0x0000000000000000 | 00 00 00 00 00 00 00 00
RCX=0x000001ed316e7f70 points into unknown readable memory: 0x8000000000000000 | 00 00 00 00 00 00 00 80
RDX=0x0000000000000009 is an unknown value
RSP=0x00000006d8cfcff0 is pointing into the stack for thread: 0x000001ed1d0dfe50
RBP=0x000001ed316e76b0 points into unknown readable memory: 0x000001ed2dc7a520 | 20 a5 c7 2d ed 01 00 00
RSI=0x000001ed316e8f70 points into unknown readable memory: 0x0000000100000009 | 09 00 00 00 01 00 00 00
RDI=0x0000000000000004 is an unknown value
R8 =0x000000006ee77580 points into unknown readable memory: 0xc18148ffffffbbe8 | e8 bb ff ff ff 48 81 c1
R9 =0x000000006ee76490 points into unknown readable memory: 0x4928fcc50128fcc5 | c5 fc 28 01 c5 fc 28 49
R10=0x000001ed2dc786a0 points into unknown readable memory: 0x016400c401840004 | 04 00 84 01 c4 00 64 01
R11=0x000001ed1e0d78e0 points into unknown readable memory: 0xbcb464bbbcb4f32d | 2d f3 b4 bc bb 64 b4 bc
R12=0x000001ed1e0d80e0 points into unknown readable memory: 0xbcb5a49ebcb516b8 | b8 16 b5 bc 9e a4 b5 bc
R13=0x0000000000000004 is an unknown value
R14=0x0000000000000184 is an unknown value
R15=0x000000006fab8f20 points into unknown readable memory: 0x3c96c9b63bc90f88 | 88 0f c9 3b b6 c9 96 3c


Registers:
RAX=0x000001ed316e7f70, RBX=0x000001ed3180c9d0, RCX=0x000001ed316e7f70, RDX=0x0000000000000009
RSP=0x00000006d8cfcff0, RBP=0x000001ed316e76b0, RSI=0x000001ed316e8f70, RDI=0x0000000000000004
R8 =0x000000006ee77580, R9 =0x000000006ee76490, R10=0x000001ed2dc786a0, R11=0x000001ed1e0d78e0
R12=0x000001ed1e0d80e0, R13=0x0000000000000004, R14=0x0000000000000184, R15=0x000000006fab8f20
RIP=0x000000006ee76520, EFLAGS=0x0000000000010202

Top of Stack: (sp=0x00000006d8cfcff0)
0x00000006d8cfcff0:   000000006ee76665 000000006ee774c5
0x00000006d8cfd000:   000000006ee77505 000000006ee77545
0x00000006d8cfd010:   000000006ee77585 000000006ee79426
0x00000006d8cfd020:   000000006fab8f20 000001ed316e7f70
0x00000006d8cfd030:   000001ed3180ee90 0000000083728ba8
0x00000006d8cfd040:   3fe0000000000000 0000000000000000
0x00000006d8cfd050:   40c7760000000000 0000000000000000
0x00000006d8cfd060:   3fe0000000000000 0000000000000001
0x00000006d8cfd070:   000001ed3180fe90 000000006ea45d24
0x00000006d8cfd080:   3f40624dd2f1a9fc 0000000000000000
0x00000006d8cfd090:   0000000000000000 0000000000000000
0x00000006d8cfd0a0:   0000000000000000 0000000000000000
0x00000006d8cfd0b0:   000001ed31818d90 000000006fab7320
0x00000006d8cfd0c0:   0000000000000000 000001ed3180c930
0x00000006d8cfd0d0:   0000000000000001 000001ed316e76b0
0x00000006d8cfd0e0:   000001ed316e7730 0000000000000000 

Instructions: (pc=0x000000006ee76520)
0x000000006ee76420:   48 89 c8 8b 79 18 89 fe c1 fe 02 48 63 d6 8d 34
0x000000006ee76430:   76 48 8d 5c 95 00 48 63 f6 48 89 da ff 50 48 89
0x000000006ee76440:   f8 83 ef 10 48 8d 54 b5 00 f7 d8 48 63 ff 48 98
0x000000006ee76450:   0f 28 3d f9 d0 65 00 0f 28 04 3b 0f 28 0c 02 0f
0x000000006ee76460:   c6 c0 1b 0f c6 c9 1b 0f 57 c7 0f 29 0c 3a 0f 29
0x000000006ee76470:   04 03 48 83 ef 10 48 83 c0 10 7c db 0f 28 7c 24
0x000000006ee76480:   20 48 83 c4 38 5b 5e 5f 5d c3 90 90 90 90 90 90
0x000000006ee76490:   c5 fc 28 01 c5 fc 28 49 20 c5 fc 5c e1 c5 fc 58
0x000000006ee764a0:   d1 c5 dc 59 0d 17 42 84 00 c4 e2 75 0c 0d ce 41
0x000000006ee764b0:   84 00 c4 e3 75 0c c2 33 c5 ec c6 e1 4e c5 dc 5c
0x000000006ee764c0:   d8 c5 dc 58 c0 c4 e2 7d 0c 05 d2 41 84 00 c5 e4
0x000000006ee764d0:   c6 e0 bb c5 e4 c6 d0 ee c4 e3 6d 06 d4 13 c5 e4
0x000000006ee764e0:   57 1d fa 41 84 00 c5 fc c6 cb dd c5 fc c6 c3 88
0x000000006ee764f0:   c4 e3 75 06 d8 02 c4 e3 7d 06 c1 13 c5 fc 5c e2
0x000000006ee76500:   c4 e3 5d 0c c0 55 c5 e4 5c c8 c5 e4 58 c0 c5 fc
0x000000006ee76510:   29 01 c5 fc 29 49 20 c3 0f 1f 84 00 00 00 00 00
0x000000006ee76520:   c5 fc 28 51 40 c5 fc 28 59 60 c5 ec 5c fb c5 ec
0x000000006ee76530:   58 d3 c5 c4 57 3d 26 41 84 00 c5 ec c6 df be c5
0x000000006ee76540:   ec c6 d7 44 c5 ec 5c fb c5 ec 58 d3 c5 ec c6 df
0x000000006ee76550:   dd c5 ec c6 d7 88 c5 fc 28 01 c5 fc 28 49 20 c5
0x000000006ee76560:   fc 5c f9 c5 fc 58 e1 c5 c4 59 0d 51 41 84 00 c4
0x000000006ee76570:   e2 75 0c 0d 08 41 84 00 c4 e3 75 0c c4 33 c5 dc
0x000000006ee76580:   c6 f9 4e c5 c4 5c e8 c5 c4 58 c0 c4 e2 7d 0c 05
0x000000006ee76590:   0c 41 84 00 c5 d4 c6 f8 bb c5 d4 c6 e0 ee c4 e3
0x000000006ee765a0:   5d 06 e7 13 c5 d4 57 2d 34 41 84 00 c5 fc c6 cd
0x000000006ee765b0:   dd c5 fc c6 c5 88 c4 e3 75 06 e8 02 c4 e3 7d 06
0x000000006ee765c0:   c1 13 c5 fc 5c fc c4 e3 45 0c c0 55 c5 d4 5c c8
0x000000006ee765d0:   c5 d4 58 c0 c5 fc 28 25 04 40 84 00 c5 fc 28 2d
0x000000006ee765e0:   1c 40 84 00 c5 ec 59 f4 c5 e4 59 fd c5 c4 58 fe
0x000000006ee765f0:   c5 ec 59 d5 c5 e4 59 dc c5 e4 5c da c4 e3 45 0c
0x000000006ee76600:   d3 f0 c4 e3 45 06 db 21 c5 ec 58 e3 c5 e4 5c d2
0x000000006ee76610:   c4 e3 6d 06 d2 01 c5 f4 5c da c5 f4 58 ca c5 fc 


Stack slot to memory mapping:
stack at sp + 0 slots: 0x000000006ee76665 points into unknown readable memory: c5 fc 28
stack at sp + 1 slots: 0x000000006ee774c5 points into unknown readable memory: 48 81 c1
stack at sp + 2 slots: 0x000000006ee77505 points into unknown readable memory: 48 81 c1
stack at sp + 3 slots: 0x000000006ee77545 points into unknown readable memory: 48 81 c1
stack at sp + 4 slots: 0x000000006ee77585 points into unknown readable memory: 48 81 c1
stack at sp + 5 slots: 0x000000006ee79426 points into unknown readable memory: 8b 4e
stack at sp + 6 slots: 0x000000006fab8f20 points into unknown readable memory: 0x3c96c9b63bc90f88 | 88 0f c9 3b b6 c9 96 3c
stack at sp + 7 slots: 0x000001ed316e7f70 points into unknown readable memory: 0x8000000000000000 | 00 00 00 00 00 00 00 80


---------------  P R O C E S S  ---------------

Threads class SMR info:
_java_thread_list=0x000001ed232838f0, length=23, elements={
0x000001ed7c2fbf90, 0x000001ed7f6f6590, 0x000001ed7f6f7360, 0x000001ed7f704080,
0x000001ed7f7059a0, 0x000001ed7f7062b0, 0x000001ed7f70a0c0, 0x000001ed7f70fd30,
0x000001ed7f718690, 0x000001ed1d010060, 0x000001ed1d0e03a0, 0x000001ed1d0dee60,
0x000001ed1d0e08f0, 0x000001ed1d0df900, 0x000001ed1d0dfe50, 0x000001ed1d0dd920,
0x000001ed1d0de910, 0x000001ed1d0df3b0, 0x000001ed27ed4a70, 0x000001ed27ed8a30,
0x000001ed27ed8f80, 0x000001ed27ed94d0, 0x000001ed27ed84e0
}

Java Threads: ( => current thread )
  0x000001ed7c2fbf90 JavaThread "main" [_thread_blocked, id=9316, stack(0x00000006d7100000,0x00000006d7200000)]
  0x000001ed7f6f6590 JavaThread "Reference Handler" daemon [_thread_blocked, id=12080, stack(0x00000006d7800000,0x00000006d7900000)]
  0x000001ed7f6f7360 JavaThread "Finalizer" daemon [_thread_blocked, id=15020, stack(0x00000006d7900000,0x00000006d7a00000)]
  0x000001ed7f704080 JavaThread "Signal Dispatcher" daemon [_thread_blocked, id=10324, stack(0x00000006d7a00000,0x00000006d7b00000)]
  0x000001ed7f7059a0 JavaThread "Attach Listener" daemon [_thread_blocked, id=2492, stack(0x00000006d7b00000,0x00000006d7c00000)]
  0x000001ed7f7062b0 JavaThread "Service Thread" daemon [_thread_blocked, id=11064, stack(0x00000006d7c00000,0x00000006d7d00000)]
  0x000001ed7f70a0c0 JavaThread "Monitor Deflation Thread" daemon [_thread_blocked, id=2272, stack(0x00000006d7d00000,0x00000006d7e00000)]
  0x000001ed7f70fd30 JavaThread "C2 CompilerThread0" daemon [_thread_blocked, id=11564, stack(0x00000006d7e00000,0x00000006d7f00000)]
  0x000001ed7f718690 JavaThread "C1 CompilerThread0" daemon [_thread_blocked, id=7848, stack(0x00000006d7f00000,0x00000006d8000000)]
  0x000001ed1d010060 JavaThread "Sweeper thread" daemon [_thread_blocked, id=11836, stack(0x00000006d8000000,0x00000006d8100000)]
  0x000001ed1d0e03a0 JavaThread "Common-Cleaner" daemon [_thread_blocked, id=3300, stack(0x00000006d8100000,0x00000006d8200000)]
  0x000001ed1d0dee60 JavaThread "Notification Thread" daemon [_thread_blocked, id=8660, stack(0x00000006d8300000,0x00000006d8400000)]
  0x000001ed1d0e08f0 JavaThread "QuantumRenderer-0" daemon [_thread_blocked, id=9124, stack(0x00000006d8900000,0x00000006d8a00000)]
  0x000001ed1d0df900 JavaThread "InvokeLaterDispatcher" daemon [_thread_blocked, id=2968, stack(0x00000006d8200000,0x00000006d8300000)]
=>0x000001ed1d0dfe50 JavaThread "JavaFX Application Thread" [_thread_in_native, id=14584, stack(0x00000006d8c00000,0x00000006d8d00000)]
  0x000001ed1d0dd920 JavaThread "Thread-1" daemon [_thread_in_native, id=12012, stack(0x00000006d9200000,0x00000006d9300000)]
  0x000001ed1d0de910 JavaThread "JavaFX-Launcher" [_thread_blocked, id=2848, stack(0x00000006d9300000,0x00000006d9400000)]
  0x000001ed1d0df3b0 JavaThread "Prism Font Disposer" daemon [_thread_blocked, id=13644, stack(0x00000006d9a00000,0x00000006d9b00000)]
  0x000001ed27ed4a70 JavaThread "Cleaner-0" daemon [_thread_blocked, id=4556, stack(0x00000006d9b00000,0x00000006d9c00000)]
  0x000001ed27ed8a30 JavaThread "JFXMedia Player EventQueueThread" daemon [_thread_blocked, id=8256, stack(0x00000006da500000,0x00000006da600000)]
  0x000001ed27ed8f80 JavaThread "Media Resource Disposer" daemon [_thread_blocked, id=11896, stack(0x00000006db200000,0x00000006db300000)]
  0x000001ed27ed94d0 JavaThread "Timer-0" [_thread_blocked, id=13440, stack(0x00000006dbf00000,0x00000006dc000000)]
  0x000001ed27ed84e0 JavaThread "Timer-1" daemon [_thread_blocked, id=11352, stack(0x00000006dc000000,0x00000006dc100000)]

Other Threads:
  0x000001ed7f6f1620 VMThread "VM Thread" [stack: 0x00000006d7700000,0x00000006d7800000] [id=14512]
  0x000001ed1d2554b0 WatcherThread [stack: 0x00000006d8400000,0x00000006d8500000] [id=12112]
  0x000001ed7e5d21c0 GCTaskThread "GC Thread#0" [stack: 0x00000006d7200000,0x00000006d7300000] [id=7784]
  0x000001ed1d59ee50 GCTaskThread "GC Thread#1" [stack: 0x00000006d8500000,0x00000006d8600000] [id=8252]
  0x000001ed1d59f160 GCTaskThread "GC Thread#2" [stack: 0x00000006d8600000,0x00000006d8700000] [id=11448]
  0x000001ed1d7e78a0 GCTaskThread "GC Thread#3" [stack: 0x00000006d8700000,0x00000006d8800000] [id=12188]
  0x000001ed1d7e7bb0 GCTaskThread "GC Thread#4" [stack: 0x00000006d8800000,0x00000006d8900000] [id=12948]
  0x000001ed22c2c010 GCTaskThread "GC Thread#5" [stack: 0x00000006d9500000,0x00000006d9600000] [id=14652]
  0x000001ed7e5e40a0 ConcurrentGCThread "G1 Main Marker" [stack: 0x00000006d7300000,0x00000006d7400000] [id=4604]
  0x000001ed7e5e4a20 ConcurrentGCThread "G1 Conc#0" [stack: 0x00000006d7400000,0x00000006d7500000] [id=8344]
  0x000001ed7f59c2e0 ConcurrentGCThread "G1 Refine#0" [stack: 0x00000006d7500000,0x00000006d7600000] [id=5488]
  0x000001ed22c5e800 ConcurrentGCThread "G1 Refine#1" [stack: 0x00000006d9600000,0x00000006d9700000] [id=11812]
  0x000001ed23496b50 ConcurrentGCThread "G1 Refine#2" [stack: 0x00000006d9700000,0x00000006d9800000] [id=14700]
  0x000001ed249666a0 ConcurrentGCThread "G1 Refine#3" [stack: 0x00000006d9800000,0x00000006d9900000] [id=7332]
  0x000001ed7f59da20 ConcurrentGCThread "G1 Service" [stack: 0x00000006d7600000,0x00000006d7700000] [id=260]

Threads with active compile tasks:

VM state: not at safepoint (normal execution)

VM Mutex/Monitor currently owned by a thread: None

Heap address: 0x0000000080400000, size: 2044 MB, Compressed Oops mode: 32-bit

CDS archive(s) mapped at: [0x0000000800000000-0x0000000800bb0000-0x0000000800bb0000), size 12255232, SharedBaseAddress: 0x0000000800000000, ArchiveRelocationMode: 0.
Compressed class space mapped at: 0x0000000800c00000-0x0000000840c00000, reserved size: 1073741824
Narrow klass base: 0x0000000800000000, Narrow klass shift: 3, Narrow klass range: 0x100000000

GC Precious Log:
 CPUs: 6 total, 6 available
 Memory: 8174M
 Large Page Support: Disabled
 NUMA Support: Disabled
 Compressed Oops: Enabled (32-bit)
 Heap Region Size: 1M
 Heap Min Capacity: 8M
 Heap Initial Capacity: 128M
 Heap Max Capacity: 2044M
 Pre-touch: Disabled
 Parallel Workers: 6
 Concurrent Workers: 2
 Concurrent Refinement Workers: 6
 Periodic GC: Disabled

Heap:
 garbage-first heap   total 131072K, used 43299K [0x0000000080400000, 0x0000000100000000)
  region size 1024K, 40 young (40960K), 9 survivors (9216K)
 Metaspace       used 19315K, committed 19648K, reserved 1073152K
  class space    used 2801K, committed 2944K, reserved 1048576K

Heap Regions: E=young(eden), S=young(survivor), O=old, HS=humongous(starts), HC=humongous(continues), CS=collection set, F=free, OA=open archive, CA=closed archive, TAMS=top-at-mark-start (previous, next)
|   0|0x0000000080400000, 0x0000000080500000, 0x0000000080500000|100%| O|  |TAMS 0x0000000080400000, 0x0000000080400000| Untracked 
|   1|0x0000000080500000, 0x0000000080600000, 0x0000000080600000|100%| O|  |TAMS 0x0000000080500000, 0x0000000080500000| Untracked 
|   2|0x0000000080600000, 0x000000008060e400, 0x0000000080700000|  5%| O|  |TAMS 0x0000000080600000, 0x0000000080600000| Untracked 
|   3|0x0000000080700000, 0x0000000080800000, 0x0000000080800000|100%|HS|  |TAMS 0x0000000080700000, 0x0000000080700000| Complete 
|   4|0x0000000080800000, 0x0000000080900000, 0x0000000080900000|100%|HC|  |TAMS 0x0000000080800000, 0x0000000080800000| Complete 
|   5|0x0000000080900000, 0x0000000080900000, 0x0000000080a00000|  0%| F|  |TAMS 0x0000000080900000, 0x0000000080900000| Untracked 
|   6|0x0000000080a00000, 0x0000000080a00000, 0x0000000080b00000|  0%| F|  |TAMS 0x0000000080a00000, 0x0000000080a00000| Untracked 
|   7|0x0000000080b00000, 0x0000000080b00000, 0x0000000080c00000|  0%| F|  |TAMS 0x0000000080b00000, 0x0000000080b00000| Untracked 
|   8|0x0000000080c00000, 0x0000000080c00000, 0x0000000080d00000|  0%| F|  |TAMS 0x0000000080c00000, 0x0000000080c00000| Untracked 
|   9|0x0000000080d00000, 0x0000000080d00000, 0x0000000080e00000|  0%| F|  |TAMS 0x0000000080d00000, 0x0000000080d00000| Untracked 
|  10|0x0000000080e00000, 0x0000000080e00000, 0x0000000080f00000|  0%| F|  |TAMS 0x0000000080e00000, 0x0000000080e00000| Untracked 
|  11|0x0000000080f00000, 0x0000000080f00000, 0x0000000081000000|  0%| F|  |TAMS 0x0000000080f00000, 0x0000000080f00000| Untracked 
|  12|0x0000000081000000, 0x0000000081000000, 0x0000000081100000|  0%| F|  |TAMS 0x0000000081000000, 0x0000000081000000| Untracked 
|  13|0x0000000081100000, 0x0000000081100000, 0x0000000081200000|  0%| F|  |TAMS 0x0000000081100000, 0x0000000081100000| Untracked 
|  14|0x0000000081200000, 0x0000000081200000, 0x0000000081300000|  0%| F|  |TAMS 0x0000000081200000, 0x0000000081200000| Untracked 
|  15|0x0000000081300000, 0x0000000081300000, 0x0000000081400000|  0%| F|  |TAMS 0x0000000081300000, 0x0000000081300000| Untracked 
|  16|0x0000000081400000, 0x0000000081400000, 0x0000000081500000|  0%| F|  |TAMS 0x0000000081400000, 0x0000000081400000| Untracked 
|  17|0x0000000081500000, 0x0000000081500000, 0x0000000081600000|  0%| F|  |TAMS 0x0000000081500000, 0x0000000081500000| Untracked 
|  18|0x0000000081600000, 0x0000000081600000, 0x0000000081700000|  0%| F|  |TAMS 0x0000000081600000, 0x0000000081600000| Untracked 
|  19|0x0000000081700000, 0x0000000081700000, 0x0000000081800000|  0%| F|  |TAMS 0x0000000081700000, 0x0000000081700000| Untracked 
|  20|0x0000000081800000, 0x0000000081800000, 0x0000000081900000|  0%| F|  |TAMS 0x0000000081800000, 0x0000000081800000| Untracked 
|  21|0x0000000081900000, 0x0000000081900000, 0x0000000081a00000|  0%| F|  |TAMS 0x0000000081900000, 0x0000000081900000| Untracked 
|  22|0x0000000081a00000, 0x0000000081a00000, 0x0000000081b00000|  0%| F|  |TAMS 0x0000000081a00000, 0x0000000081a00000| Untracked 
|  23|0x0000000081b00000, 0x0000000081b00000, 0x0000000081c00000|  0%| F|  |TAMS 0x0000000081b00000, 0x0000000081b00000| Untracked 
|  24|0x0000000081c00000, 0x0000000081c00000, 0x0000000081d00000|  0%| F|  |TAMS 0x0000000081c00000, 0x0000000081c00000| Untracked 
|  25|0x0000000081d00000, 0x0000000081d00000, 0x0000000081e00000|  0%| F|  |TAMS 0x0000000081d00000, 0x0000000081d00000| Untracked 
|  26|0x0000000081e00000, 0x0000000081e00000, 0x0000000081f00000|  0%| F|  |TAMS 0x0000000081e00000, 0x0000000081e00000| Untracked 
|  27|0x0000000081f00000, 0x0000000081f00000, 0x0000000082000000|  0%| F|  |TAMS 0x0000000081f00000, 0x0000000081f00000| Untracked 
|  28|0x0000000082000000, 0x0000000082000000, 0x0000000082100000|  0%| F|  |TAMS 0x0000000082000000, 0x0000000082000000| Untracked 
|  29|0x0000000082100000, 0x0000000082100000, 0x0000000082200000|  0%| F|  |TAMS 0x0000000082100000, 0x0000000082100000| Untracked 
|  30|0x0000000082200000, 0x0000000082200000, 0x0000000082300000|  0%| F|  |TAMS 0x0000000082200000, 0x0000000082200000| Untracked 
|  31|0x0000000082300000, 0x0000000082300000, 0x0000000082400000|  0%| F|  |TAMS 0x0000000082300000, 0x0000000082300000| Untracked 
|  32|0x0000000082400000, 0x0000000082400000, 0x0000000082500000|  0%| F|  |TAMS 0x0000000082400000, 0x0000000082400000| Untracked 
|  33|0x0000000082500000, 0x0000000082500000, 0x0000000082600000|  0%| F|  |TAMS 0x0000000082500000, 0x0000000082500000| Untracked 
|  34|0x0000000082600000, 0x0000000082600000, 0x0000000082700000|  0%| F|  |TAMS 0x0000000082600000, 0x0000000082600000| Untracked 
|  35|0x0000000082700000, 0x0000000082700000, 0x0000000082800000|  0%| F|  |TAMS 0x0000000082700000, 0x0000000082700000| Untracked 
|  36|0x0000000082800000, 0x0000000082800000, 0x0000000082900000|  0%| F|  |TAMS 0x0000000082800000, 0x0000000082800000| Untracked 
|  37|0x0000000082900000, 0x0000000082900000, 0x0000000082a00000|  0%| F|  |TAMS 0x0000000082900000, 0x0000000082900000| Untracked 
|  38|0x0000000082a00000, 0x0000000082a00000, 0x0000000082b00000|  0%| F|  |TAMS 0x0000000082a00000, 0x0000000082a00000| Untracked 
|  39|0x0000000082b00000, 0x0000000082b00000, 0x0000000082c00000|  0%| F|  |TAMS 0x0000000082b00000, 0x0000000082b00000| Untracked 
|  40|0x0000000082c00000, 0x0000000082c00000, 0x0000000082d00000|  0%| F|  |TAMS 0x0000000082c00000, 0x0000000082c00000| Untracked 
|  41|0x0000000082d00000, 0x0000000082d00000, 0x0000000082e00000|  0%| F|  |TAMS 0x0000000082d00000, 0x0000000082d00000| Untracked 
|  42|0x0000000082e00000, 0x0000000082e00000, 0x0000000082f00000|  0%| F|  |TAMS 0x0000000082e00000, 0x0000000082e00000| Untracked 
|  43|0x0000000082f00000, 0x0000000082f00000, 0x0000000083000000|  0%| F|  |TAMS 0x0000000082f00000, 0x0000000082f00000| Untracked 
|  44|0x0000000083000000, 0x0000000083000000, 0x0000000083100000|  0%| F|  |TAMS 0x0000000083000000, 0x0000000083000000| Untracked 
|  45|0x0000000083100000, 0x0000000083100000, 0x0000000083200000|  0%| F|  |TAMS 0x0000000083100000, 0x0000000083100000| Untracked 
|  46|0x0000000083200000, 0x0000000083200000, 0x0000000083300000|  0%| F|  |TAMS 0x0000000083200000, 0x0000000083200000| Untracked 
|  47|0x0000000083300000, 0x0000000083300000, 0x0000000083400000|  0%| F|  |TAMS 0x0000000083300000, 0x0000000083300000| Untracked 
|  48|0x0000000083400000, 0x000000008343a8c0, 0x0000000083500000| 22%| S|CS|TAMS 0x0000000083400000, 0x0000000083400000| Complete 
|  49|0x0000000083500000, 0x0000000083600000, 0x0000000083600000|100%| S|CS|TAMS 0x0000000083500000, 0x0000000083500000| Complete 
|  50|0x0000000083600000, 0x0000000083700000, 0x0000000083700000|100%| S|CS|TAMS 0x0000000083600000, 0x0000000083600000| Complete 
|  51|0x0000000083700000, 0x0000000083800000, 0x0000000083800000|100%| S|CS|TAMS 0x0000000083700000, 0x0000000083700000| Complete 
|  52|0x0000000083800000, 0x0000000083900000, 0x0000000083900000|100%| S|CS|TAMS 0x0000000083800000, 0x0000000083800000| Complete 
|  53|0x0000000083900000, 0x0000000083a00000, 0x0000000083a00000|100%| S|CS|TAMS 0x0000000083900000, 0x0000000083900000| Complete 
|  54|0x0000000083a00000, 0x0000000083b00000, 0x0000000083b00000|100%| S|CS|TAMS 0x0000000083a00000, 0x0000000083a00000| Complete 
|  55|0x0000000083b00000, 0x0000000083c00000, 0x0000000083c00000|100%| S|CS|TAMS 0x0000000083b00000, 0x0000000083b00000| Complete 
|  56|0x0000000083c00000, 0x0000000083d00000, 0x0000000083d00000|100%| S|CS|TAMS 0x0000000083c00000, 0x0000000083c00000| Complete 
|  57|0x0000000083d00000, 0x0000000083d00000, 0x0000000083e00000|  0%| F|  |TAMS 0x0000000083d00000, 0x0000000083d00000| Untracked 
|  58|0x0000000083e00000, 0x0000000083e00000, 0x0000000083f00000|  0%| F|  |TAMS 0x0000000083e00000, 0x0000000083e00000| Untracked 
|  59|0x0000000083f00000, 0x0000000083f00000, 0x0000000084000000|  0%| F|  |TAMS 0x0000000083f00000, 0x0000000083f00000| Untracked 
|  60|0x0000000084000000, 0x0000000084000000, 0x0000000084100000|  0%| F|  |TAMS 0x0000000084000000, 0x0000000084000000| Untracked 
|  61|0x0000000084100000, 0x0000000084100000, 0x0000000084200000|  0%| F|  |TAMS 0x0000000084100000, 0x0000000084100000| Untracked 
|  62|0x0000000084200000, 0x0000000084200000, 0x0000000084300000|  0%| F|  |TAMS 0x0000000084200000, 0x0000000084200000| Untracked 
|  63|0x0000000084300000, 0x0000000084300000, 0x0000000084400000|  0%| F|  |TAMS 0x0000000084300000, 0x0000000084300000| Untracked 
|  64|0x0000000084400000, 0x0000000084400000, 0x0000000084500000|  0%| F|  |TAMS 0x0000000084400000, 0x0000000084400000| Untracked 
|  65|0x0000000084500000, 0x0000000084500000, 0x0000000084600000|  0%| F|  |TAMS 0x0000000084500000, 0x0000000084500000| Untracked 
|  66|0x0000000084600000, 0x0000000084600000, 0x0000000084700000|  0%| F|  |TAMS 0x0000000084600000, 0x0000000084600000| Untracked 
|  67|0x0000000084700000, 0x0000000084700000, 0x0000000084800000|  0%| F|  |TAMS 0x0000000084700000, 0x0000000084700000| Untracked 
|  68|0x0000000084800000, 0x0000000084800000, 0x0000000084900000|  0%| F|  |TAMS 0x0000000084800000, 0x0000000084800000| Untracked 
|  69|0x0000000084900000, 0x0000000084900000, 0x0000000084a00000|  0%| F|  |TAMS 0x0000000084900000, 0x0000000084900000| Untracked 
|  70|0x0000000084a00000, 0x0000000084a00000, 0x0000000084b00000|  0%| F|  |TAMS 0x0000000084a00000, 0x0000000084a00000| Untracked 
|  71|0x0000000084b00000, 0x0000000084b00000, 0x0000000084c00000|  0%| F|  |TAMS 0x0000000084b00000, 0x0000000084b00000| Untracked 
|  72|0x0000000084c00000, 0x0000000084c00000, 0x0000000084d00000|  0%| F|  |TAMS 0x0000000084c00000, 0x0000000084c00000| Untracked 
|  73|0x0000000084d00000, 0x0000000084d00000, 0x0000000084e00000|  0%| F|  |TAMS 0x0000000084d00000, 0x0000000084d00000| Untracked 
|  74|0x0000000084e00000, 0x0000000084e00000, 0x0000000084f00000|  0%| F|  |TAMS 0x0000000084e00000, 0x0000000084e00000| Untracked 
|  75|0x0000000084f00000, 0x0000000084f00000, 0x0000000085000000|  0%| F|  |TAMS 0x0000000084f00000, 0x0000000084f00000| Untracked 
|  76|0x0000000085000000, 0x0000000085000000, 0x0000000085100000|  0%| F|  |TAMS 0x0000000085000000, 0x0000000085000000| Untracked 
|  77|0x0000000085100000, 0x0000000085100000, 0x0000000085200000|  0%| F|  |TAMS 0x0000000085100000, 0x0000000085100000| Untracked 
|  78|0x0000000085200000, 0x0000000085200000, 0x0000000085300000|  0%| F|  |TAMS 0x0000000085200000, 0x0000000085200000| Untracked 
|  79|0x0000000085300000, 0x0000000085300000, 0x0000000085400000|  0%| F|  |TAMS 0x0000000085300000, 0x0000000085300000| Untracked 
|  80|0x0000000085400000, 0x0000000085400000, 0x0000000085500000|  0%| F|  |TAMS 0x0000000085400000, 0x0000000085400000| Untracked 
|  81|0x0000000085500000, 0x0000000085500000, 0x0000000085600000|  0%| F|  |TAMS 0x0000000085500000, 0x0000000085500000| Untracked 
|  82|0x0000000085600000, 0x0000000085600000, 0x0000000085700000|  0%| F|  |TAMS 0x0000000085600000, 0x0000000085600000| Untracked 
|  83|0x0000000085700000, 0x0000000085700000, 0x0000000085800000|  0%| F|  |TAMS 0x0000000085700000, 0x0000000085700000| Untracked 
|  84|0x0000000085800000, 0x0000000085800000, 0x0000000085900000|  0%| F|  |TAMS 0x0000000085800000, 0x0000000085800000| Untracked 
|  85|0x0000000085900000, 0x0000000085900000, 0x0000000085a00000|  0%| F|  |TAMS 0x0000000085900000, 0x0000000085900000| Untracked 
|  86|0x0000000085a00000, 0x0000000085a00000, 0x0000000085b00000|  0%| F|  |TAMS 0x0000000085a00000, 0x0000000085a00000| Untracked 
|  87|0x0000000085b00000, 0x0000000085b00000, 0x0000000085c00000|  0%| F|  |TAMS 0x0000000085b00000, 0x0000000085b00000| Untracked 
|  88|0x0000000085c00000, 0x0000000085c00000, 0x0000000085d00000|  0%| F|  |TAMS 0x0000000085c00000, 0x0000000085c00000| Untracked 
|  89|0x0000000085d00000, 0x0000000085d00000, 0x0000000085e00000|  0%| F|  |TAMS 0x0000000085d00000, 0x0000000085d00000| Untracked 
|  90|0x0000000085e00000, 0x0000000085e00000, 0x0000000085f00000|  0%| F|  |TAMS 0x0000000085e00000, 0x0000000085e00000| Untracked 
|  91|0x0000000085f00000, 0x0000000085f00000, 0x0000000086000000|  0%| F|  |TAMS 0x0000000085f00000, 0x0000000085f00000| Untracked 
|  92|0x0000000086000000, 0x0000000086000000, 0x0000000086100000|  0%| F|  |TAMS 0x0000000086000000, 0x0000000086000000| Untracked 
|  93|0x0000000086100000, 0x0000000086100000, 0x0000000086200000|  0%| F|  |TAMS 0x0000000086100000, 0x0000000086100000| Untracked 
|  94|0x0000000086200000, 0x0000000086200000, 0x0000000086300000|  0%| F|  |TAMS 0x0000000086200000, 0x0000000086200000| Untracked 
|  95|0x0000000086300000, 0x0000000086300000, 0x0000000086400000|  0%| F|  |TAMS 0x0000000086300000, 0x0000000086300000| Untracked 
|  96|0x0000000086400000, 0x0000000086400000, 0x0000000086500000|  0%| F|  |TAMS 0x0000000086400000, 0x0000000086400000| Untracked 
|  97|0x0000000086500000, 0x0000000086600000, 0x0000000086600000|100%| E|  |TAMS 0x0000000086500000, 0x0000000086500000| Complete 
|  98|0x0000000086600000, 0x0000000086700000, 0x0000000086700000|100%| E|CS|TAMS 0x0000000086600000, 0x0000000086600000| Complete 
|  99|0x0000000086700000, 0x0000000086800000, 0x0000000086800000|100%| E|CS|TAMS 0x0000000086700000, 0x0000000086700000| Complete 
| 100|0x0000000086800000, 0x0000000086900000, 0x0000000086900000|100%| E|CS|TAMS 0x0000000086800000, 0x0000000086800000| Complete 
| 101|0x0000000086900000, 0x0000000086a00000, 0x0000000086a00000|100%| E|CS|TAMS 0x0000000086900000, 0x0000000086900000| Complete 
| 102|0x0000000086a00000, 0x0000000086b00000, 0x0000000086b00000|100%| E|CS|TAMS 0x0000000086a00000, 0x0000000086a00000| Complete 
| 103|0x0000000086b00000, 0x0000000086c00000, 0x0000000086c00000|100%| E|CS|TAMS 0x0000000086b00000, 0x0000000086b00000| Complete 
| 104|0x0000000086c00000, 0x0000000086d00000, 0x0000000086d00000|100%| E|CS|TAMS 0x0000000086c00000, 0x0000000086c00000| Complete 
| 105|0x0000000086d00000, 0x0000000086e00000, 0x0000000086e00000|100%| E|CS|TAMS 0x0000000086d00000, 0x0000000086d00000| Complete 
| 106|0x0000000086e00000, 0x0000000086f00000, 0x0000000086f00000|100%| E|CS|TAMS 0x0000000086e00000, 0x0000000086e00000| Complete 
| 107|0x0000000086f00000, 0x0000000087000000, 0x0000000087000000|100%| E|CS|TAMS 0x0000000086f00000, 0x0000000086f00000| Complete 
| 108|0x0000000087000000, 0x0000000087100000, 0x0000000087100000|100%| E|CS|TAMS 0x0000000087000000, 0x0000000087000000| Complete 
| 109|0x0000000087100000, 0x0000000087200000, 0x0000000087200000|100%| E|CS|TAMS 0x0000000087100000, 0x0000000087100000| Complete 
| 110|0x0000000087200000, 0x0000000087300000, 0x0000000087300000|100%| E|CS|TAMS 0x0000000087200000, 0x0000000087200000| Complete 
| 111|0x0000000087300000, 0x0000000087400000, 0x0000000087400000|100%| E|CS|TAMS 0x0000000087300000, 0x0000000087300000| Complete 
| 112|0x0000000087400000, 0x0000000087500000, 0x0000000087500000|100%| E|CS|TAMS 0x0000000087400000, 0x0000000087400000| Complete 
| 113|0x0000000087500000, 0x0000000087600000, 0x0000000087600000|100%| E|CS|TAMS 0x0000000087500000, 0x0000000087500000| Complete 
| 114|0x0000000087600000, 0x0000000087700000, 0x0000000087700000|100%| E|CS|TAMS 0x0000000087600000, 0x0000000087600000| Complete 
| 115|0x0000000087700000, 0x0000000087800000, 0x0000000087800000|100%| E|CS|TAMS 0x0000000087700000, 0x0000000087700000| Complete 
| 116|0x0000000087800000, 0x0000000087900000, 0x0000000087900000|100%| E|CS|TAMS 0x0000000087800000, 0x0000000087800000| Complete 
| 117|0x0000000087900000, 0x0000000087a00000, 0x0000000087a00000|100%| E|CS|TAMS 0x0000000087900000, 0x0000000087900000| Complete 
| 118|0x0000000087a00000, 0x0000000087b00000, 0x0000000087b00000|100%| E|CS|TAMS 0x0000000087a00000, 0x0000000087a00000| Complete 
| 119|0x0000000087b00000, 0x0000000087c00000, 0x0000000087c00000|100%| E|CS|TAMS 0x0000000087b00000, 0x0000000087b00000| Complete 
| 120|0x0000000087c00000, 0x0000000087d00000, 0x0000000087d00000|100%| E|CS|TAMS 0x0000000087c00000, 0x0000000087c00000| Complete 
| 121|0x0000000087d00000, 0x0000000087e00000, 0x0000000087e00000|100%| E|CS|TAMS 0x0000000087d00000, 0x0000000087d00000| Complete 
| 122|0x0000000087e00000, 0x0000000087f00000, 0x0000000087f00000|100%| E|CS|TAMS 0x0000000087e00000, 0x0000000087e00000| Complete 
| 123|0x0000000087f00000, 0x0000000088000000, 0x0000000088000000|100%| E|CS|TAMS 0x0000000087f00000, 0x0000000087f00000| Complete 
| 124|0x0000000088000000, 0x0000000088100000, 0x0000000088100000|100%| E|CS|TAMS 0x0000000088000000, 0x0000000088000000| Complete 
| 125|0x0000000088100000, 0x0000000088200000, 0x0000000088200000|100%| E|CS|TAMS 0x0000000088100000, 0x0000000088100000| Complete 
| 126|0x0000000088200000, 0x0000000088300000, 0x0000000088300000|100%| E|CS|TAMS 0x0000000088200000, 0x0000000088200000| Complete 
| 127|0x0000000088300000, 0x0000000088400000, 0x0000000088400000|100%| E|CS|TAMS 0x0000000088300000, 0x0000000088300000| Complete 

Card table byte_map: [0x000001ed7eb00000,0x000001ed7ef00000] _byte_map_base: 0x000001ed7e6fe000

Marking Bits (Prev, Next): (CMBitMap*) 0x000001ed7e5d3750, (CMBitMap*) 0x000001ed7e5d3790
 Prev Bits: [0x000001ed166a0000, 0x000001ed18690000)
 Next Bits: [0x000001ed18690000, 0x000001ed1a680000)

Polling page: 0x000001ed7dcf0000

Metaspace:

Usage:
  Non-class:     16.13 MB used.
      Class:      2.74 MB used.
       Both:     18.86 MB used.

Virtual space:
  Non-class space:       24.00 MB reserved,      16.31 MB ( 68%) committed,  3 nodes.
      Class space:        1.00 GB reserved,       2.88 MB ( <1%) committed,  1 nodes.
              Both:        1.02 GB reserved,      19.19 MB (  2%) committed. 

Chunk freelists:
   Non-Class:  3.11 MB
       Class:  1.09 MB
        Both:  4.20 MB

MaxMetaspaceSize: 17179869184.00 GB
CompressedClassSpaceSize: 1.00 GB
 - commit_granule_bytes: 65536.
 - commit_granule_words: 8192.
 - virtual_space_node_default_size: 1048576.
 - enlarge_chunks_in_place: 1.
 - new_chunks_are_fully_committed: 0.
 - uncommit_free_chunks: 1.
 - use_allocation_guard: 0.
 - handle_deallocations: 1.


Internal statistics:

num_allocs_failed_limit: 0.
num_arena_births: 274.
num_arena_deaths: 0.
num_vsnodes_births: 4.
num_vsnodes_deaths: 0.
num_space_committed: 307.
num_space_uncommitted: 0.
num_chunks_returned_to_freelist: 0.
num_chunks_taken_from_freelist: 929.
num_chunk_merges: 0.
num_chunk_splits: 636.
num_chunks_enlarged: 480.
num_purges: 0.

CodeHeap 'non-profiled nmethods': size=120000Kb used=1410Kb max_used=1410Kb free=118590Kb
 bounds [0x000001ed0f170000, 0x000001ed0f3e0000, 0x000001ed166a0000]
CodeHeap 'profiled nmethods': size=120000Kb used=6798Kb max_used=6798Kb free=113201Kb
 bounds [0x000001ed07c40000, 0x000001ed082f0000, 0x000001ed0f170000]
CodeHeap 'non-nmethods': size=5760Kb used=1502Kb max_used=1535Kb free=4258Kb
 bounds [0x000001ed076a0000, 0x000001ed07910000, 0x000001ed07c40000]
 total_blobs=4283 nmethods=3410 adapters=786
 compilation: enabled
              stopped_count=0, restarted_count=0
 full_count=0

Compilation events (20 events):
Event: 10.878 Thread 0x000001ed7f718690 nmethod 3378 0x000001ed0f2cdd10 code [0x000001ed0f2cdea0, 0x000001ed0f2cdf78]
Event: 10.878 Thread 0x000001ed7f718690 3379       1       com.sun.prism.paint.LinearGradient::getX1 (5 bytes)
Event: 10.878 Thread 0x000001ed7f718690 nmethod 3379 0x000001ed0f2ce010 code [0x000001ed0f2ce1a0, 0x000001ed0f2ce278]
Event: 10.878 Thread 0x000001ed7f718690 3380       1       com.sun.prism.paint.LinearGradient::getY1 (5 bytes)
Event: 10.878 Thread 0x000001ed7f718690 nmethod 3380 0x000001ed0f2ce310 code [0x000001ed0f2ce4a0, 0x000001ed0f2ce578]
Event: 10.878 Thread 0x000001ed7f718690 3381       1       com.sun.prism.paint.LinearGradient::getX2 (5 bytes)
Event: 10.878 Thread 0x000001ed7f718690 nmethod 3381 0x000001ed0f2ce610 code [0x000001ed0f2ce7a0, 0x000001ed0f2ce878]
Event: 10.878 Thread 0x000001ed7f718690 3382       1       com.sun.prism.paint.LinearGradient::getY2 (5 bytes)
Event: 10.878 Thread 0x000001ed7f718690 nmethod 3382 0x000001ed0f2ce910 code [0x000001ed0f2ceaa0, 0x000001ed0f2ceb78]
Event: 10.878 Thread 0x000001ed7f718690 3383       1       com.sun.prism.paint.Gradient::getGradientOffset (5 bytes)
Event: 10.878 Thread 0x000001ed7f718690 nmethod 3383 0x000001ed0f2cec10 code [0x000001ed0f2ceda0, 0x000001ed0f2cee78]
Event: 10.879 Thread 0x000001ed7f70fd30 nmethod 3384 0x000001ed0f2cef10 code [0x000001ed0f2cf0a0, 0x000001ed0f2cf1b8]
Event: 10.879 Thread 0x000001ed7f718690 3385       3       com.sun.javafx.sg.prism.NGRegion::renderBackgroundRectangle (1165 bytes)
Event: 10.879 Thread 0x000001ed2554c830 3387       4       com.sun.javafx.geom.RectBounds::isEmpty (30 bytes)
Event: 10.880 Thread 0x000001ed2554c830 nmethod 3387 0x000001ed0f2cf310 code [0x000001ed0f2cf480, 0x000001ed0f2cf518]
Event: 10.885 Thread 0x000001ed7f718690 nmethod 3385 0x000001ed082c9190 code [0x000001ed082c9840, 0x000001ed082cd7d8]
Event: 10.885 Thread 0x000001ed7f718690 3386       3       com.sun.javafx.geom.RectBounds::sortMinMax (61 bytes)
Event: 10.885 Thread 0x000001ed7f718690 nmethod 3386 0x000001ed082cf610 code [0x000001ed082cf7a0, 0x000001ed082cf998]
Event: 10.885 Thread 0x000001ed7f718690 3388       3       com.sun.prism.d3d.D3DShader::setConstant (48 bytes)
Event: 10.886 Thread 0x000001ed7f718690 nmethod 3388 0x000001ed082cfa10 code [0x000001ed082cfc60, 0x000001ed082d05f8]

GC Heap History (6 events):
Event: 0.642 GC heap before
{Heap before GC invocations=0 (full 0):
 garbage-first heap   total 131072K, used 21504K [0x0000000080400000, 0x0000000100000000)
  region size 1024K, 21 young (21504K), 0 survivors (0K)
 Metaspace       used 2423K, committed 2560K, reserved 1056768K
  class space    used 238K, committed 320K, reserved 1048576K
}
Event: 0.645 GC heap after
{Heap after GC invocations=1 (full 0):
 garbage-first heap   total 131072K, used 1726K [0x0000000080400000, 0x0000000100000000)
  region size 1024K, 2 young (2048K), 2 survivors (2048K)
 Metaspace       used 2423K, committed 2560K, reserved 1056768K
  class space    used 238K, committed 320K, reserved 1048576K
}
Event: 1.323 GC heap before
{Heap before GC invocations=1 (full 0):
 garbage-first heap   total 131072K, used 31422K [0x0000000080400000, 0x0000000100000000)
  region size 1024K, 32 young (32768K), 2 survivors (2048K)
 Metaspace       used 10028K, committed 10240K, reserved 1064960K
  class space    used 1355K, committed 1472K, reserved 1048576K
}
Event: 1.334 GC heap after
{Heap after GC invocations=2 (full 0):
 garbage-first heap   total 131072K, used 6201K [0x0000000080400000, 0x0000000100000000)
  region size 1024K, 4 young (4096K), 4 survivors (4096K)
 Metaspace       used 10028K, committed 10240K, reserved 1064960K
  class space    used 1355K, committed 1472K, reserved 1048576K
}
Event: 9.570 GC heap before
{Heap before GC invocations=2 (full 0):
 garbage-first heap   total 131072K, used 76857K [0x0000000080400000, 0x0000000100000000)
  region size 1024K, 71 young (72704K), 4 survivors (4096K)
 Metaspace       used 18793K, committed 19008K, reserved 1073152K
  class space    used 2774K, committed 2880K, reserved 1048576K
}
Event: 9.581 GC heap after
{Heap after GC invocations=3 (full 0):
 garbage-first heap   total 131072K, used 12579K [0x0000000080400000, 0x0000000100000000)
  region size 1024K, 9 young (9216K), 9 survivors (9216K)
 Metaspace       used 18793K, committed 19008K, reserved 1073152K
  class space    used 2774K, committed 2880K, reserved 1048576K
}

Deoptimization events (20 events):
Event: 9.558 Thread 0x000001ed1d0dfe50 DEOPT PACKING pc=0x000001ed0f1d322c sp=0x00000006d8cfc030
Event: 9.558 Thread 0x000001ed1d0dfe50 DEOPT UNPACKING pc=0x000001ed076ed72e sp=0x00000006d8cfbf60 mode 2
Event: 9.559 Thread 0x000001ed1d0dfe50 Uncommon trap: trap_request=0xffffff45 fr.pc=0x000001ed0f28baf0 relative=0x0000000000000150
Event: 9.559 Thread 0x000001ed1d0dfe50 Uncommon trap: reason=unstable_if action=reinterpret pc=0x000001ed0f28baf0 method=java.lang.String.indexOf(II)I @ 4 c2
Event: 9.559 Thread 0x000001ed1d0dfe50 DEOPT PACKING pc=0x000001ed0f28baf0 sp=0x00000006d8cfbfc0
Event: 9.559 Thread 0x000001ed1d0dfe50 DEOPT UNPACKING pc=0x000001ed076ed72e sp=0x00000006d8cfbf60 mode 2
Event: 9.560 Thread 0x000001ed1d0dfe50 Uncommon trap: trap_request=0xffffffd6 fr.pc=0x000001ed0f289c18 relative=0x0000000000000c18
Event: 9.560 Thread 0x000001ed1d0dfe50 Uncommon trap: reason=array_check action=maybe_recompile pc=0x000001ed0f289c18 method=javafx.css.SimpleSelector.applies(Ljavafx/css/Styleable;[Ljava/util/Set;I)Z @ 37 c2
Event: 9.560 Thread 0x000001ed1d0dfe50 DEOPT PACKING pc=0x000001ed0f289c18 sp=0x00000006d8cfcc90
Event: 9.560 Thread 0x000001ed1d0dfe50 DEOPT UNPACKING pc=0x000001ed076ed72e sp=0x00000006d8cfcbd0 mode 2
Event: 9.686 Thread 0x000001ed1d0e08f0 DEOPT PACKING pc=0x000001ed0821a5ff sp=0x00000006d89f9dc0
Event: 9.686 Thread 0x000001ed1d0e08f0 DEOPT UNPACKING pc=0x000001ed076edece sp=0x00000006d89f91e0 mode 0
Event: 9.698 Thread 0x000001ed1d0e08f0 DEOPT PACKING pc=0x000001ed080b6e42 sp=0x00000006d89fa0a0
Event: 9.698 Thread 0x000001ed1d0e08f0 DEOPT UNPACKING pc=0x000001ed076edece sp=0x00000006d89f9530 mode 0
Event: 10.345 Thread 0x000001ed1d0e08f0 DEOPT PACKING pc=0x000001ed08257071 sp=0x00000006d89f8e40
Event: 10.345 Thread 0x000001ed1d0e08f0 DEOPT UNPACKING pc=0x000001ed076edece sp=0x00000006d89f8278 mode 0
Event: 10.867 Thread 0x000001ed1d0dfe50 Uncommon trap: trap_request=0xffffffde fr.pc=0x000001ed0f2b8354 relative=0x0000000000000254
Event: 10.867 Thread 0x000001ed1d0dfe50 Uncommon trap: reason=class_check action=maybe_recompile pc=0x000001ed0f2b8354 method=javafx.scene.Node.updateLocalToParentTransform()V @ 11 c2
Event: 10.867 Thread 0x000001ed1d0dfe50 DEOPT PACKING pc=0x000001ed0f2b8354 sp=0x00000006d8cfdc10
Event: 10.867 Thread 0x000001ed1d0dfe50 DEOPT UNPACKING pc=0x000001ed076ed72e sp=0x00000006d8cfdba0 mode 2

Classes unloaded (0 events):
No events

Classes redefined (0 events):
No events

Internal exceptions (20 events):
Event: 4.078 Thread 0x000001ed1d0dfe50 Exception <a 'java/lang/NoSuchMethodError'{0x0000000086a72f18}: 'java.lang.Object java.lang.invoke.Invokers$Holder.linkToTargetMethod(java.lang.Object, long, java.lang.Object)'> (0x0000000086a72f18) 
thrown [t:\workspace\open\src\hotspot\share\interpreter\linkResolver.cpp, line 790]
Event: 7.546 Thread 0x000001ed1d0dfe50 Exception <a 'java/io/FileNotFoundException'{0x0000000086557e28}> (0x0000000086557e28) 
thrown [t:\workspace\open\src\hotspot\share\prims\jni.cpp, line 579]
Event: 7.551 Thread 0x000001ed1d0dfe50 Exception <a 'java/io/FileNotFoundException'{0x000000008656d7b8}> (0x000000008656d7b8) 
thrown [t:\workspace\open\src\hotspot\share\prims\jni.cpp, line 579]
Event: 7.668 Thread 0x000001ed1d0dfe50 Implicit null exception at 0x000001ed0f1852d5 to 0x000001ed0f18585c
Event: 7.668 Thread 0x000001ed1d0dfe50 Implicit null exception at 0x000001ed0f1901d2 to 0x000001ed0f19074c
Event: 7.719 Thread 0x000001ed1d0dfe50 Exception <a 'java/lang/NullPointerException'{0x0000000085b60ed0}> (0x0000000085b60ed0) 
thrown [t:\workspace\open\src\hotspot\share\interpreter\linkResolver.cpp, line 1468]
Event: 7.737 Thread 0x000001ed1d0dfe50 Exception <a 'sun/nio/fs/WindowsException'{0x0000000085a12010}> (0x0000000085a12010) 
thrown [t:\workspace\open\src\hotspot\share\prims\jni.cpp, line 579]
Event: 7.737 Thread 0x000001ed1d0dfe50 Exception <a 'java/lang/NoClassDefFoundError'{0x0000000085a14370}: org/slf4j/impl/StaticLoggerBinder> (0x0000000085a14370) 
thrown [t:\workspace\open\src\hotspot\share\classfile\systemDictionary.cpp, line 245]
Event: 7.749 Thread 0x000001ed1d0dfe50 Exception <a 'sun/nio/fs/WindowsException'{0x0000000085a41570}> (0x0000000085a41570) 
thrown [t:\workspace\open\src\hotspot\share\prims\jni.cpp, line 579]
Event: 7.766 Thread 0x000001ed1d0dfe50 Exception <a 'java/lang/NoSuchMethodError'{0x000000008579e8b0}: 'java.lang.Object java.lang.invoke.DirectMethodHandle$Holder.invokeStaticInit(java.lang.Object, int, int, int, int)'> (0x000000008579e8b0) 
thrown [t:\workspace\open\src\hotspot\share\interpreter\linkResolver.cpp, line 790]
Event: 7.845 Thread 0x000001ed1d0dfe50 Exception <a 'java/lang/NoSuchMethodError'{0x0000000085621760}: 'java.lang.Object java.lang.invoke.DirectMethodHandle$Holder.invokeStaticInit(java.lang.Object, java.lang.Object, int, int, int, int)'> (0x0000000085621760) 
thrown [t:\workspace\open\src\hotspot\share\interpreter\linkResolver.cpp, line 790]
Event: 9.412 Thread 0x000001ed1d0dfe50 Exception <a 'sun/nio/fs/WindowsException'{0x00000000856d6bd8}> (0x00000000856d6bd8) 
thrown [t:\workspace\open\src\hotspot\share\prims\jni.cpp, line 579]
Event: 9.413 Thread 0x000001ed1d0dfe50 Exception <a 'sun/nio/fs/WindowsException'{0x00000000856db810}> (0x00000000856db810) 
thrown [t:\workspace\open\src\hotspot\share\prims\jni.cpp, line 579]
Event: 9.414 Thread 0x000001ed1d0dfe50 Exception <a 'sun/nio/fs/WindowsException'{0x00000000856dffb0}> (0x00000000856dffb0) 
thrown [t:\workspace\open\src\hotspot\share\prims\jni.cpp, line 579]
Event: 9.590 Thread 0x000001ed1d0dfe50 Exception <a 'java/lang/NoSuchMethodError'{0x000000008831f240}: 'void java.lang.invoke.DirectMethodHandle$Holder.invokeSpecial(java.lang.Object, java.lang.Object, double)'> (0x000000008831f240) 
thrown [t:\workspace\open\src\hotspot\share\interpreter\linkResolver.cpp, line 790]
Event: 9.591 Thread 0x000001ed1d0dfe50 Exception <a 'java/lang/NoSuchMethodError'{0x0000000088325878}: 'java.lang.Object java.lang.invoke.DirectMethodHandle$Holder.newInvokeSpecial(java.lang.Object, java.lang.Object, double)'> (0x0000000088325878) 
thrown [t:\workspace\open\src\hotspot\share\interpreter\linkResolver.cpp, line 790]
Event: 9.591 Thread 0x000001ed1d0dfe50 Exception <a 'java/lang/NoSuchMethodError'{0x0000000088329af8}: 'java.lang.Object java.lang.invoke.DirectMethodHandle$Holder.invokeSpecial(java.lang.Object, java.lang.Object, java.lang.Object, double)'> (0x0000000088329af8) 
thrown [t:\workspace\open\src\hotspot\share\interpreter\linkResolver.cpp, line 790]
Event: 9.684 Thread 0x000001ed27ed8a30 Exception <a 'java/lang/NoSuchMethodError'{0x0000000087558e60}: 'java.lang.Object java.lang.invoke.DirectMethodHandle$Holder.newInvokeSpecial(java.lang.Object, java.lang.Object, int, int)'> (0x0000000087558e60) 
thrown [t:\workspace\open\src\hotspot\share\interpreter\linkResolver.cpp, line 790]
Event: 10.857 Thread 0x000001ed1d0dfe50 Exception <a 'java/io/FileNotFoundException'{0x0000000086c32ab0}> (0x0000000086c32ab0) 
thrown [t:\workspace\open\src\hotspot\share\prims\jni.cpp, line 579]
Event: 10.858 Thread 0x000001ed1d0dfe50 Exception <a 'java/io/FileNotFoundException'{0x0000000086c346a8}> (0x0000000086c346a8) 
thrown [t:\workspace\open\src\hotspot\share\prims\jni.cpp, line 579]

Events (20 events):
Event: 9.691 Thread 0x000001ed27ed4fc0 Thread added: 0x000001ed27ed4fc0
Event: 9.691 Thread 0x000001ed27ed4fc0 Thread exited: 0x000001ed27ed4fc0
Event: 9.707 Thread 0x000001ed27ed4fc0 Thread added: 0x000001ed27ed4fc0
Event: 9.708 Thread 0x000001ed27ed4fc0 Thread exited: 0x000001ed27ed4fc0
Event: 10.092 Thread 0x000001ed2554c830 Thread exited: 0x000001ed2554c830
Event: 10.584 Executing  VM operation: Cleanup
Event: 10.584 Executing  VM operation: Cleanup done
Event: 10.752 Thread 0x000001ed2554c830 Thread added: 0x000001ed2554c830
Event: 10.851 loading class java/util/TaskQueue
Event: 10.851 loading class java/util/TaskQueue done
Event: 10.851 loading class java/util/TimerThread
Event: 10.851 loading class java/util/TimerThread done
Event: 10.851 loading class java/util/Timer$1
Event: 10.851 loading class java/util/Timer$1 done
Event: 10.851 Thread 0x000001ed27ed94d0 Thread added: 0x000001ed27ed94d0
Event: 10.853 Thread 0x000001ed27ed4520 Thread added: 0x000001ed27ed4520
Event: 10.853 Thread 0x000001ed27ed4520 Thread exited: 0x000001ed27ed4520
Event: 10.855 Thread 0x000001ed27ed6500 Thread added: 0x000001ed27ed6500
Event: 10.855 Thread 0x000001ed27ed6500 Thread exited: 0x000001ed27ed6500
Event: 10.873 Thread 0x000001ed27ed84e0 Thread added: 0x000001ed27ed84e0


Dynamic libraries:
0x00007ff70c2c0000 - 0x00007ff70c2d0000 	C:\Program Files\Java\jdk-16.0.2\bin\java.exe
0x00007ff8058d0000 - 0x00007ff805ac5000 	C:\WINDOWS\SYSTEM32\ntdll.dll
0x00007ff804a80000 - 0x00007ff804b3d000 	C:\WINDOWS\System32\KERNEL32.DLL
0x00007ff8025f0000 - 0x00007ff8028bd000 	C:\WINDOWS\System32\KERNELBASE.dll
0x00007ff8028c0000 - 0x00007ff8029c0000 	C:\WINDOWS\System32\ucrtbase.dll
0x00007ffffbfc0000 - 0x00007ffffbfd8000 	C:\Program Files\Java\jdk-16.0.2\bin\jli.dll
0x00007ff804c30000 - 0x00007ff804cde000 	C:\WINDOWS\System32\ADVAPI32.dll
0x00007ff8046e0000 - 0x00007ff80477e000 	C:\WINDOWS\System32\msvcrt.dll
0x00007ff804b90000 - 0x00007ff804c2c000 	C:\WINDOWS\System32\sechost.dll
0x00007ff803030000 - 0x00007ff803155000 	C:\WINDOWS\System32\RPCRT4.dll
0x00007ff803340000 - 0x00007ff8034e0000 	C:\WINDOWS\System32\USER32.dll
0x00007ff802df0000 - 0x00007ff802e12000 	C:\WINDOWS\System32\win32u.dll
0x00007ff804b40000 - 0x00007ff804b6a000 	C:\WINDOWS\System32\GDI32.dll
0x00007ff802e20000 - 0x00007ff802f2b000 	C:\WINDOWS\System32\gdi32full.dll
0x00007ff802ca0000 - 0x00007ff802d3d000 	C:\WINDOWS\System32\msvcp_win.dll
0x00007fffff260000 - 0x00007fffff279000 	C:\Program Files\Java\jdk-16.0.2\bin\VCRUNTIME140.dll
0x00007ffff9420000 - 0x00007ffff96ba000 	C:\WINDOWS\WinSxS\amd64_microsoft.windows.common-controls_6595b64144ccf1df_6.0.19041.1110_none_60b5254171f9507e\COMCTL32.dll
0x00007ffff73b0000 - 0x00007ffff73ba000 	C:\WINDOWS\SYSTEM32\VERSION.dll
0x00007ff803310000 - 0x00007ff803340000 	C:\WINDOWS\System32\IMM32.DLL
0x00007ffff07d0000 - 0x00007ffff08bf000 	C:\Program Files\Malwarebytes\Anti-Malware\mbae64.dll
0x00007ff8057b0000 - 0x00007ff80581b000 	C:\WINDOWS\System32\WS2_32.dll
0x00007ff804b80000 - 0x00007ff804b88000 	C:\WINDOWS\System32\PSAPI.DLL
0x00007ff805060000 - 0x00007ff8057a4000 	C:\WINDOWS\System32\SHELL32.dll
0x00007ff804250000 - 0x00007ff80437a000 	C:\WINDOWS\System32\ole32.dll
0x00007ff804380000 - 0x00007ff8046d4000 	C:\WINDOWS\System32\combase.dll
0x00007ff802fd0000 - 0x00007ff803025000 	C:\WINDOWS\System32\SHLWAPI.dll
0x00007ff802a10000 - 0x00007ff802a78000 	C:\WINDOWS\System32\WINTRUST.dll
0x00007ff805040000 - 0x00007ff80505d000 	C:\WINDOWS\System32\imagehlp.dll
0x00007ff803d70000 - 0x00007ff804246000 	C:\WINDOWS\System32\WININET.dll
0x00007ff802b40000 - 0x00007ff802c96000 	C:\WINDOWS\System32\CRYPT32.dll
0x00007ff8021e0000 - 0x00007ff8021f2000 	C:\WINDOWS\SYSTEM32\MSASN1.dll
0x00007ff801300000 - 0x00007ff801333000 	C:\WINDOWS\SYSTEM32\ntmarta.dll
0x00007ff8024e0000 - 0x00007ff802512000 	C:\WINDOWS\SYSTEM32\SspiCli.dll
0x00007ff800720000 - 0x00007ff800eb4000 	C:\WINDOWS\SYSTEM32\windows.storage.dll
0x00007ff802050000 - 0x00007ff80207c000 	C:\WINDOWS\SYSTEM32\Wldp.dll
0x00007ff803600000 - 0x00007ff8036ad000 	C:\WINDOWS\System32\SHCORE.dll
0x00007ffffe4a0000 - 0x00007ffffe4ac000 	C:\Program Files\Java\jdk-16.0.2\bin\vcruntime140_1.dll
0x00007fffec9d0000 - 0x00007fffeca61000 	C:\Program Files\Java\jdk-16.0.2\bin\msvcp140.dll
0x00007fff9e280000 - 0x00007fff9ee2b000 	C:\Program Files\Java\jdk-16.0.2\bin\server\jvm.dll
0x00007fffeeac0000 - 0x00007fffeeac9000 	C:\WINDOWS\SYSTEM32\WSOCK32.dll
0x00007ffff7380000 - 0x00007ffff73a7000 	C:\WINDOWS\SYSTEM32\WINMM.dll
0x00007ff800520000 - 0x00007ff800532000 	C:\WINDOWS\SYSTEM32\kernel.appcore.dll
0x00007ffffde70000 - 0x00007ffffde7a000 	C:\Program Files\Java\jdk-16.0.2\bin\jimage.dll
0x00007ffffc520000 - 0x00007ffffc704000 	C:\WINDOWS\SYSTEM32\DBGHELP.DLL
0x00007fffedb00000 - 0x00007fffedb2c000 	C:\WINDOWS\SYSTEM32\dbgcore.DLL
0x000001ed7dc60000 - 0x000001ed7dce2000 	C:\WINDOWS\System32\bcryptPrimitives.dll
0x00007ffffbf70000 - 0x00007ffffbf95000 	C:\Program Files\Java\jdk-16.0.2\bin\java.dll
0x00007ff802530000 - 0x00007ff80254f000 	C:\WINDOWS\SYSTEM32\profapi.dll
0x00007ffffc150000 - 0x00007ffffc169000 	C:\Program Files\Java\jdk-16.0.2\bin\net.dll
0x00007ffff10b0000 - 0x00007ffff11ba000 	C:\WINDOWS\SYSTEM32\WINHTTP.dll
0x00007ff801db0000 - 0x00007ff801e1a000 	C:\WINDOWS\system32\mswsock.dll
0x00007ffffbb10000 - 0x00007ffffbb23000 	C:\Program Files\Java\jdk-16.0.2\bin\nio.dll
0x00007ffffa3a0000 - 0x00007ffffa3b8000 	C:\Program Files\Java\jdk-16.0.2\bin\zip.dll
0x000001ed1c7a0000 - 0x000001ed1c7a3000 	C:\Users\Gabriel\.openjfx\cache\19-ea+3\api-ms-win-core-console-l1-1-0.dll
0x000001ed1c7b0000 - 0x000001ed1c7b3000 	C:\Users\Gabriel\.openjfx\cache\19-ea+3\api-ms-win-core-console-l1-2-0.dll
0x000001ed1c7c0000 - 0x000001ed1c7c3000 	C:\Users\Gabriel\.openjfx\cache\19-ea+3\api-ms-win-core-datetime-l1-1-0.dll
0x000001ed1c7d0000 - 0x000001ed1c7d3000 	C:\Users\Gabriel\.openjfx\cache\19-ea+3\api-ms-win-core-debug-l1-1-0.dll
0x000001ed1c7e0000 - 0x000001ed1c7e3000 	C:\Users\Gabriel\.openjfx\cache\19-ea+3\api-ms-win-core-errorhandling-l1-1-0.dll
0x000001ed1c7f0000 - 0x000001ed1c7f4000 	C:\Users\Gabriel\.openjfx\cache\19-ea+3\api-ms-win-core-file-l1-1-0.dll
0x000001ed1dc00000 - 0x000001ed1dc03000 	C:\Users\Gabriel\.openjfx\cache\19-ea+3\api-ms-win-core-file-l1-2-0.dll
0x000001ed1dc10000 - 0x000001ed1dc13000 	C:\Users\Gabriel\.openjfx\cache\19-ea+3\api-ms-win-core-file-l2-1-0.dll
0x000001ed1dc20000 - 0x000001ed1dc23000 	C:\Users\Gabriel\.openjfx\cache\19-ea+3\api-ms-win-core-handle-l1-1-0.dll
0x000001ed1dc30000 - 0x000001ed1dc33000 	C:\Users\Gabriel\.openjfx\cache\19-ea+3\api-ms-win-core-heap-l1-1-0.dll
0x000001ed1dc40000 - 0x000001ed1dc43000 	C:\Users\Gabriel\.openjfx\cache\19-ea+3\api-ms-win-core-interlocked-l1-1-0.dll
0x000001ed1dc50000 - 0x000001ed1dc53000 	C:\Users\Gabriel\.openjfx\cache\19-ea+3\api-ms-win-core-libraryloader-l1-1-0.dll
0x000001ed1dc60000 - 0x000001ed1dc63000 	C:\Users\Gabriel\.openjfx\cache\19-ea+3\api-ms-win-core-localization-l1-2-0.dll
0x000001ed1dc70000 - 0x000001ed1dc73000 	C:\Users\Gabriel\.openjfx\cache\19-ea+3\api-ms-win-core-memory-l1-1-0.dll
0x000001ed1dc80000 - 0x000001ed1dc83000 	C:\Users\Gabriel\.openjfx\cache\19-ea+3\api-ms-win-core-namedpipe-l1-1-0.dll
0x000001ed1dc90000 - 0x000001ed1dc93000 	C:\Users\Gabriel\.openjfx\cache\19-ea+3\api-ms-win-core-processenvironment-l1-1-0.dll
0x000001ed1dca0000 - 0x000001ed1dca3000 	C:\Users\Gabriel\.openjfx\cache\19-ea+3\api-ms-win-core-processthreads-l1-1-0.dll
0x000001ed1dcb0000 - 0x000001ed1dcb3000 	C:\Users\Gabriel\.openjfx\cache\19-ea+3\api-ms-win-core-processthreads-l1-1-1.dll
0x000001ed1dcc0000 - 0x000001ed1dcc3000 	C:\Users\Gabriel\.openjfx\cache\19-ea+3\api-ms-win-core-profile-l1-1-0.dll
0x000001ed1dcd0000 - 0x000001ed1dcd3000 	C:\Users\Gabriel\.openjfx\cache\19-ea+3\api-ms-win-core-rtlsupport-l1-1-0.dll
0x000001ed1dce0000 - 0x000001ed1dce3000 	C:\Users\Gabriel\.openjfx\cache\19-ea+3\api-ms-win-core-string-l1-1-0.dll
0x000001ed1dcf0000 - 0x000001ed1dcf3000 	C:\Users\Gabriel\.openjfx\cache\19-ea+3\api-ms-win-core-synch-l1-1-0.dll
0x000001ed1dd00000 - 0x000001ed1dd03000 	C:\Users\Gabriel\.openjfx\cache\19-ea+3\api-ms-win-core-synch-l1-2-0.dll
0x000001ed1dd10000 - 0x000001ed1dd13000 	C:\Users\Gabriel\.openjfx\cache\19-ea+3\api-ms-win-core-sysinfo-l1-1-0.dll
0x000001ed1dd20000 - 0x000001ed1dd23000 	C:\Users\Gabriel\.openjfx\cache\19-ea+3\api-ms-win-core-timezone-l1-1-0.dll
0x000001ed1dd30000 - 0x000001ed1dd33000 	C:\Users\Gabriel\.openjfx\cache\19-ea+3\api-ms-win-core-util-l1-1-0.dll
0x000001ed1dd40000 - 0x000001ed1dd43000 	C:\Users\Gabriel\.openjfx\cache\19-ea+3\api-ms-win-crt-conio-l1-1-0.dll
0x000001ed1dd50000 - 0x000001ed1dd54000 	C:\Users\Gabriel\.openjfx\cache\19-ea+3\api-ms-win-crt-convert-l1-1-0.dll
0x000001ed1dd60000 - 0x000001ed1dd63000 	C:\Users\Gabriel\.openjfx\cache\19-ea+3\api-ms-win-crt-environment-l1-1-0.dll
0x000001ed1dd70000 - 0x000001ed1dd73000 	C:\Users\Gabriel\.openjfx\cache\19-ea+3\api-ms-win-crt-filesystem-l1-1-0.dll
0x000001ed1dd80000 - 0x000001ed1dd83000 	C:\Users\Gabriel\.openjfx\cache\19-ea+3\api-ms-win-crt-heap-l1-1-0.dll
0x000001ed1dd90000 - 0x000001ed1dd93000 	C:\Users\Gabriel\.openjfx\cache\19-ea+3\api-ms-win-crt-locale-l1-1-0.dll
0x000001ed1dda0000 - 0x000001ed1dda5000 	C:\Users\Gabriel\.openjfx\cache\19-ea+3\api-ms-win-crt-math-l1-1-0.dll
0x000001ed1ddb0000 - 0x000001ed1ddb5000 	C:\Users\Gabriel\.openjfx\cache\19-ea+3\api-ms-win-crt-multibyte-l1-1-0.dll
0x000001ed1ddc0000 - 0x000001ed1ddd0000 	C:\Users\Gabriel\.openjfx\cache\19-ea+3\api-ms-win-crt-private-l1-1-0.dll
0x000001ed1ddd0000 - 0x000001ed1ddd3000 	C:\Users\Gabriel\.openjfx\cache\19-ea+3\api-ms-win-crt-process-l1-1-0.dll
0x000001ed1dde0000 - 0x000001ed1dde4000 	C:\Users\Gabriel\.openjfx\cache\19-ea+3\api-ms-win-crt-runtime-l1-1-0.dll
0x000001ed1ddf0000 - 0x000001ed1ddf4000 	C:\Users\Gabriel\.openjfx\cache\19-ea+3\api-ms-win-crt-stdio-l1-1-0.dll
0x000001ed1de00000 - 0x000001ed1de04000 	C:\Users\Gabriel\.openjfx\cache\19-ea+3\api-ms-win-crt-string-l1-1-0.dll
0x000001ed1de10000 - 0x000001ed1de13000 	C:\Users\Gabriel\.openjfx\cache\19-ea+3\api-ms-win-crt-time-l1-1-0.dll
0x000001ed1de20000 - 0x000001ed1de23000 	C:\Users\Gabriel\.openjfx\cache\19-ea+3\api-ms-win-crt-utility-l1-1-0.dll
0x00007ffff08e0000 - 0x00007ffff09dc000 	C:\Users\Gabriel\.openjfx\cache\19-ea+3\ucrtbase.dll
0x00007ffffbfa0000 - 0x00007ffffbfba000 	C:\Users\Gabriel\.openjfx\cache\19-ea+3\vcruntime140.dll
0x00007ffff3750000 - 0x00007ffff375c000 	C:\Users\Gabriel\.openjfx\cache\19-ea+3\vcruntime140_1.dll
0x00007fffb3b90000 - 0x00007fffb3c1d000 	C:\Users\Gabriel\.openjfx\cache\19-ea+3\msvcp140.dll
0x00007fffe5210000 - 0x00007fffe523c000 	C:\Users\Gabriel\.openjfx\cache\19-ea+3\prism_d3d.dll
0x00007ffff8000000 - 0x00007ffff81cf000 	C:\WINDOWS\system32\d3d9.dll
0x00007ff800130000 - 0x00007ff80015f000 	C:\WINDOWS\SYSTEM32\dwmapi.dll
0x00007ffffff00000 - 0x00007ffffff9e000 	C:\WINDOWS\system32\uxtheme.dll
0x00007ffff7c40000 - 0x00007ffff7df8000 	C:\WINDOWS\System32\DriverStore\FileRepository\u0376209.inf_amd64_b3bdffadea4def3f\B374968\aticfx64.dll
0x00007fffca530000 - 0x00007fffca564000 	C:\WINDOWS\System32\DriverStore\FileRepository\u0376209.inf_amd64_b3bdffadea4def3f\B374968\atiu9p64.dll
0x00007fffc82a0000 - 0x00007fffc8ff4000 	C:\WINDOWS\System32\DriverStore\FileRepository\u0376209.inf_amd64_b3bdffadea4def3f\B374968\atiumd64.dll
0x0000000066270000 - 0x00000000670e5000 	C:\WINDOWS\System32\DriverStore\FileRepository\u0376209.inf_amd64_b3bdffadea4def3f\B374968\atiumd6a.dll
0x00007ff803740000 - 0x00007ff803bb1000 	C:\WINDOWS\System32\SETUPAPI.dll
0x000001ed1de40000 - 0x000001ed1de8e000 	C:\WINDOWS\System32\cfgmgr32.dll
0x000001ed1dec0000 - 0x000001ed1dee7000 	C:\WINDOWS\System32\bcrypt.dll
0x00007ff801b70000 - 0x00007ff801bbb000 	C:\WINDOWS\SYSTEM32\POWRPROF.dll
0x00007ff801a40000 - 0x00007ff801a52000 	C:\WINDOWS\SYSTEM32\UMPDC.dll
0x00007fffff710000 - 0x00007fffff740000 	C:\WINDOWS\SYSTEM32\amdihk64.dll
0x00007fffdfd10000 - 0x00007fffdfd52000 	C:\Users\Gabriel\.openjfx\cache\19-ea+3\glass.dll
0x00007ff803c90000 - 0x00007ff803d6b000 	C:\WINDOWS\System32\COMDLG32.dll
0x00007ff803bc0000 - 0x00007ff803c8d000 	C:\WINDOWS\System32\OLEAUT32.dll
0x00007ff8034e0000 - 0x00007ff8035f5000 	C:\WINDOWS\System32\MSCTF.dll
0x00007fffff300000 - 0x00007fffff33b000 	C:\WINDOWS\SYSTEM32\dxcore.dll
0x00007ffff3730000 - 0x00007ffff3744000 	C:\Users\Gabriel\.openjfx\cache\19-ea+3\javafx_font.dll
0x00007fffdc5c0000 - 0x00007fffdc83f000 	C:\WINDOWS\SYSTEM32\dwrite.dll
0x00007ff8049d0000 - 0x00007ff804a79000 	C:\WINDOWS\System32\clbcatq.dll
0x00007ffff9d00000 - 0x00007ffff9eb4000 	C:\WINDOWS\SYSTEM32\WindowsCodecs.dll
0x00007ffffd730000 - 0x00007ffffd76e000 	C:\WINDOWS\system32\dataexchange.dll
0x00007ffffe530000 - 0x00007ffffe794000 	C:\WINDOWS\system32\d3d11.dll
0x00007ffffef60000 - 0x00007fffff145000 	C:\WINDOWS\system32\dcomp.dll
0x00007ff800f00000 - 0x00007ff800ff3000 	C:\WINDOWS\system32\dxgi.dll
0x00007ffffb7d0000 - 0x00007ffffb9d1000 	C:\WINDOWS\system32\twinapi.appcore.dll
0x00007fffe51d0000 - 0x00007fffe5204000 	C:\Program Files\Common Files\Microsoft Shared\Ink\rtscom.dll
0x00007ffff9ab0000 - 0x00007ffff9ba9000 	C:\WINDOWS\SYSTEM32\textinputframework.dll

dbghelp: loaded successfully - version: 4.0.5 - missing functions: none
symbol engine: initialized successfully - sym options: 0x614 - pdb path: .;C:\Program Files\Java\jdk-16.0.2\bin;C:\WINDOWS\SYSTEM32;C:\WINDOWS\WinSxS\amd64_microsoft.windows.common-controls_6595b64144ccf1df_6.0.19041.1110_none_60b5254171f9507e;C:\Program Files\Malwarebytes\Anti-Malware;C:\Program Files\Java\jdk-16.0.2\bin\server;C:\Users\Gabriel\.openjfx\cache\19-ea+3;C:\WINDOWS\System32\DriverStore\FileRepository\u0376209.inf_amd64_b3bdffadea4def3f\B374968;C:\Program Files\Common Files\Microsoft Shared\Ink;C:\WINDOWS\WinSxS\amd64_microsoft.windows.gdiplus_6595b64144ccf1df_1.1.19041.1706_none_919e8e54cc8d4ca1;C:\Users\Gabriel\AppData\Local\MEGAsync;C:\Program Files\Google\Drive File Stream\58.0.3.0;C:\Program Files (x86)\Common Files\Adobe\CoreSyncExtension;C:\Users\Gabriel\AppData\Local\Microsoft\OneDrive\22.099.0508.0001;C:\Users\Gabriel\AppData\Local\Temp\xuggle

VM Arguments:
jvm_args: --module-path=C:\Users\Gabriel\Desktop\gabr\UFSC\un\Intlin\target\classes;C:\Users\Gabriel\.m2\repository\org\apache\logging\log4j\log4j-api\2.17.2\log4j-api-2.17.2.jar;C:\Users\Gabriel\.m2\repository\org\apache\logging\log4j\log4j-core\2.17.2\log4j-core-2.17.2.jar;C:\Users\Gabriel\.m2\repository\org\json\json\20210307\json-20210307.jar;C:\Users\Gabriel\.m2\repository\org\openjfx\javafx-base\19-ea+3\javafx-base-19-ea+3-win.jar;C:\Users\Gabriel\.m2\repository\org\openjfx\javafx-controls\19-ea+3\javafx-controls-19-ea+3-win.jar;C:\Users\Gabriel\.m2\repository\org\openjfx\javafx-fxml\19-ea+3\javafx-fxml-19-ea+3-win.jar;C:\Users\Gabriel\.m2\repository\org\openjfx\javafx-graphics\19-ea+3\javafx-graphics-19-ea+3-win.jar;C:\Users\Gabriel\.m2\repository\org\openjfx\javafx-media\19-ea+3\javafx-media-19-ea+3-win.jar;C:\Users\Gabriel\.m2\repository\org\openjfx\javafx-web\19-ea+3\javafx-web-19-ea+3-win.jar;C:\Users\Gabriel\.m2\repository\xuggle\xuggle-xuggler\5.4\xuggle-xuggler-5.4.jar --add-modules=ine.ufsc.intlin -Djdk.module.main=ine.ufsc.intlin 
java_command: ine.ufsc.intlin/ine.ufsc.intlin.App
java_class_path (initial): C:\Users\Gabriel\Desktop\gabr\UFSC\un\Intlin\target\classes;C:\Users\Gabriel\.m2\repository\commons-cli\commons-cli\1.1\commons-cli-1.1.jar;C:\Users\Gabriel\.m2\repository\no\tornado\tornadofx-android-compat\1.0.1\tornadofx-android-compat-1.0.1.jar;C:\Users\Gabriel\.m2\repository\org\openjfx\javafx-base\19-ea+3\javafx-base-19-ea+3.jar;C:\Users\Gabriel\.m2\repository\org\openjfx\javafx-controls\19-ea+3\javafx-controls-19-ea+3.jar;C:\Users\Gabriel\.m2\repository\org\openjfx\javafx-fxml\19-ea+3\javafx-fxml-19-ea+3.jar;C:\Users\Gabriel\.m2\repository\org\openjfx\javafx-graphics\19-ea+3\javafx-graphics-19-ea+3.jar;C:\Users\Gabriel\.m2\repository\org\openjfx\javafx-media\19-ea+3\javafx-media-19-ea+3.jar;C:\Users\Gabriel\.m2\repository\org\openjfx\javafx-web\19-ea+3\javafx-web-19-ea+3.jar;C:\Users\Gabriel\.m2\repository\org\slf4j\slf4j-api\1.6.4\slf4j-api-1.6.4.jar;C:\Users\Gabriel\.m2\repository\org\xerial\sqlite-jdbc\3.36.0.3\sqlite-jdbc-3.36.0.3.jar
Launcher Type: SUN_STANDARD

[Global flags]
     intx CICompilerCount                          = 3                                         {product} {ergonomic}
     uint ConcGCThreads                            = 2                                         {product} {ergonomic}
     uint G1ConcRefinementThreads                  = 6                                         {product} {ergonomic}
   size_t G1HeapRegionSize                         = 1048576                                   {product} {ergonomic}
    uintx GCDrainStackTargetSize                   = 64                                        {product} {ergonomic}
   size_t InitialHeapSize                          = 134217728                                 {product} {ergonomic}
   size_t MarkStackSize                            = 4194304                                   {product} {ergonomic}
   size_t MaxHeapSize                              = 2143289344                                {product} {ergonomic}
   size_t MaxNewSize                               = 1285554176                                {product} {ergonomic}
   size_t MinHeapDeltaBytes                        = 1048576                                   {product} {ergonomic}
   size_t MinHeapSize                              = 8388608                                   {product} {ergonomic}
    uintx NonNMethodCodeHeapSize                   = 5832780                                {pd product} {ergonomic}
    uintx NonProfiledCodeHeapSize                  = 122912730                              {pd product} {ergonomic}
    uintx ProfiledCodeHeapSize                     = 122912730                              {pd product} {ergonomic}
    uintx ReservedCodeCacheSize                    = 251658240                              {pd product} {ergonomic}
     bool SegmentedCodeCache                       = true                                      {product} {ergonomic}
   size_t SoftMaxHeapSize                          = 2143289344                             {manageable} {ergonomic}
     bool UseCompressedClassPointers               = true                           {product lp64_product} {ergonomic}
     bool UseCompressedOops                        = true                           {product lp64_product} {ergonomic}
     bool UseG1GC                                  = true                                      {product} {ergonomic}
     bool UseLargePagesIndividualAllocation        = false                                  {pd product} {ergonomic}

Logging:
Log output configuration:
 #0: stdout all=warning uptime,level,tags
 #1: stderr all=off uptime,level,tags

Environment Variables:
JAVA_HOME=C:\Program Files\Java\jdk-16.0.2
PATH=C:\Program Files\Common Files\Oracle\Java\javapath;C:\Program Files\Rockwell Software\RSCommon;C:\Program Files\Haskell\bin;C:\Program Files\Haskell Platform\8.4.3\lib\extralibs\bin;C:\Program Files\Haskell Platform\8.4.3\bin;C:\Program Files (x86)\Common Files\Oracle\Java\javapath;C:\ProgramData\Oracle\Java\javapath;C:\WINDOWS\system32;C:\WINDOWS;C:\WINDOWS\System32\Wbem;C:\WINDOWS\System32\WindowsPowerShell\v1.0\;C:\Program Files\Git\cmd;C:\Program Files (x86)\Skype\Phone\;C:\Program Files\Haskell Platform\8.4.3\mingw\bin;C:\Users\Gabriel\RE-flex-master\bin\win64;C:\Program Files (x86)\java\jdk-15\bin;C:\WINDOWS\System32\OpenSSH\;C:\Program Files (x86)\Certbot\bin;C:\Program Files\Go\bin;C:\Users\Gabriel\Documents\flutter\bin;C:\Windows\System32\;C:\Users\Gabriel\Documents\flutter\.pub-cache\bin;C:\Users\Gabriel\AppData\Roaming\cabal\bin;C:\Users\Gabriel\AppData\Roaming\local\bin;C:\Users\Gabriel\AppData\Local\Programs\Python\Python36-32\Scripts\;C:\Users\Gabriel\AppData\Local\Programs\Python\Python36-32\;C:\Users\Gabriel\Downloads\apache-maven-3.5.0-bin\apache-maven-3.5.0\bin;C:\intelFPGA\17.0\modelsim_ase\win32aloem;C:\MinGW\bin;C:\MinGW\MSYS\1.0\bin;C:\Users\Gabriel\AppData\Local\atom\bin;C:\Program Files (x86)\clisp-2.49;C:\Program Files\swipl\bin;C:\Users\Gabriel\Desktop\mysql-8.0.13-winx64\bin;C:\Program Files (x86)\MySQL\mysql-8.0.13-winx64\bin;C:\msys64\mingw64\bin;C:\Users\Gabriel\vcpkg;C:\Users\Gabriel\AppData\Local\Microsoft\WindowsApps;C:\Users\Gabriel\go\bin;C:\WINDOWS\System32\WindowsPowerShell\v1.0\;C:\Users\Gabriel\Documents\flutter\bin;C:\Users\Gabriel\Documents\flutter\.pub-cache\bin;C:\Users\Gabriel\AppData\Local\Android\Sdk\platform-tools;C:\WINDOWS\System32\WindowsPowerShell\V1.0;C:\Windows\System32;C:\Users\Gabriel\AppData\Local\Programs\Microsoft VS Code222\bin
USERNAME=Gabriel
OS=Windows_NT
PROCESSOR_IDENTIFIER=AMD64 Family 21 Model 2 Stepping 0, AuthenticAMD



---------------  S Y S T E M  ---------------

OS:
 Windows 10 , 64 bit Build 19041 (10.0.19041.1706)
OS uptime: 25 days 8:05 hours

CPU: total 6 (initial active 6) (6 cores per cpu, 1 threads per core) family 21 model 2 stepping 0 microcode 0x0, cx8, cmov, fxsr, mmx, 3dnowpref, sse, sse2, sse3, ssse3, sse4a, sse4.1, sse4.2, popcnt, lzcnt, tsc, tscinvbit, avx, aes, clmul, bmi1, fma, vzeroupper, clflush

Memory: 4k page, system-wide physical 8174M (1230M free)
TotalPageFile size 17390M (AvailPageFile size 4509M)
current process WorkingSet (physical memory assigned to process): 260M, peak: 260M
current process commit charge ("private bytes"): 382M, peak: 384M

vm_info: Java HotSpot(TM) 64-Bit Server VM (16.0.2+7-67) for windows-amd64 JRE (16.0.2+7-67), built on Jun  8 2021 23:24:19 by "mach5one" with MS VC++ 16.7 (VS2019)

END.
