#
# A fatal error has been detected by the Java Runtime Environment:
#
#  EXCEPTION_ACCESS_VIOLATION (0xc0000005) at pc=0x000000006ee76520, pid=11008, tid=12228
#
# JRE version: Java(TM) SE Runtime Environment (16.0.2+7) (build 16.0.2+7-67)
# Java VM: Java HotSpot(TM) 64-Bit Server VM (16.0.2+7-67, mixed mode, sharing, tiered, compressed oops, compressed class ptrs, g1 gc, windows-amd64)
# Problematic frame:
# C  0x000000006ee76520
#
# No core dump will be written. Minidumps are not enabled by default on client versions of Windows
#
# If you would like to submit a bug report, please visit:
#   https://bugreport.java.com/bugreport/crash.jsp
# The crash happened outside the Java Virtual Machine in native code.
# See problematic frame for where to report the bug.
#

---------------  S U M M A R Y ------------

Command Line: --module-path=C:\Users\Gabriel\Desktop\gabr\UFSC\un\Intlin\target\classes;C:\Users\Gabriel\.m2\repository\org\apache\logging\log4j\log4j-api\2.17.2\log4j-api-2.17.2.jar;C:\Users\Gabriel\.m2\repository\org\apache\logging\log4j\log4j-core\2.17.2\log4j-core-2.17.2.jar;C:\Users\Gabriel\.m2\repository\org\json\json\20210307\json-20210307.jar;C:\Users\Gabriel\.m2\repository\org\openjfx\javafx-base\19-ea+3\javafx-base-19-ea+3-win.jar;C:\Users\Gabriel\.m2\repository\org\openjfx\javafx-controls\19-ea+3\javafx-controls-19-ea+3-win.jar;C:\Users\Gabriel\.m2\repository\org\openjfx\javafx-fxml\19-ea+3\javafx-fxml-19-ea+3-win.jar;C:\Users\Gabriel\.m2\repository\org\openjfx\javafx-graphics\19-ea+3\javafx-graphics-19-ea+3-win.jar;C:\Users\Gabriel\.m2\repository\org\openjfx\javafx-media\19-ea+3\javafx-media-19-ea+3-win.jar;C:\Users\Gabriel\.m2\repository\org\openjfx\javafx-web\19-ea+3\javafx-web-19-ea+3-win.jar;C:\Users\Gabriel\.m2\repository\xuggle\xuggle-xuggler\5.4\xuggle-xuggler-5.4.jar --add-modules=ine.ufsc.intlin -Djdk.module.main=ine.ufsc.intlin ine.ufsc.intlin/ine.ufsc.intlin.App

Host: AMD FX(tm)-6300 Six-Core Processor             , 6 cores, 7G,  Windows 10 , 64 bit Build 19041 (10.0.19041.1706)
Time: Fri Jun 10 07:14:51 2022 Hora oficial do Brasil elapsed time: 25.656046 seconds (0d 0h 0m 25s)

---------------  T H R E A D  ---------------

Current thread (0x000001e830957b40):  JavaThread "JavaFX Application Thread" [_thread_in_native, id=12228, stack(0x00000036de400000,0x00000036de500000)]

Stack: [0x00000036de400000,0x00000036de500000],  sp=0x00000036de4fd2a0,  free space=1012k
Native frames: (J=compiled Java code, j=interpreted, Vv=VM code, C=native code)
C  0x000000006ee76520

Java frames: (J=compiled Java code, j=interpreted, Vv=VM code)
j  com.xuggle.xuggler.XugglerJNI.IContainer_open__SWIG_1(JLcom/xuggle/xuggler/IContainer;Ljava/lang/String;IJLcom/xuggle/xuggler/IContainerFormat;ZZ)I+0 xuggle.xuggler@5.4
j  com.xuggle.xuggler.IContainer.open(Ljava/lang/String;Lcom/xuggle/xuggler/IContainer$Type;Lcom/xuggle/xuggler/IContainerFormat;ZZ)I+19 xuggle.xuggler@5.4
j  com.xuggle.mediatool.MediaReader.open()V+20 xuggle.xuggler@5.4
j  com.xuggle.mediatool.MediaReader.readPacket()Lcom/xuggle/xuggler/IError;+8 xuggle.xuggler@5.4
j  ine.ufsc.intlin.VideoPlayerController.lambda$setMedia$1(Lcom/xuggle/mediatool/IMediaReader;)V+1 ine.ufsc.intlin
j  ine.ufsc.intlin.VideoPlayerController$$Lambda$676+0x0000000800ed45e0.run()V+4 ine.ufsc.intlin
j  com.sun.javafx.application.PlatformImpl.lambda$runLater$10(Ljava/lang/Runnable;)Ljava/lang/Void;+1 javafx.graphics@19-ea
j  com.sun.javafx.application.PlatformImpl$$Lambda$113+0x0000000800c84c38.run()Ljava/lang/Object;+4 javafx.graphics@19-ea
J 3591 c1 java.security.AccessController.doPrivileged(Ljava/security/PrivilegedAction;Ljava/security/AccessControlContext;)Ljava/lang/Object; java.base@16.0.2 (17 bytes) @ 0x000001e819da33e4 [0x000001e819da3200+0x00000000000001e4]
j  com.sun.javafx.application.PlatformImpl.lambda$runLater$11(Ljava/lang/Runnable;Ljava/security/AccessControlContext;)V+7 javafx.graphics@19-ea
j  com.sun.javafx.application.PlatformImpl$$Lambda$112+0x0000000800c3fa60.run()V+8 javafx.graphics@19-ea
j  com.sun.glass.ui.InvokeLaterDispatcher$Future.run()V+4 javafx.graphics@19-ea
v  ~StubRoutines::call_stub
j  com.sun.glass.ui.win.WinApplication._runLoop(Ljava/lang/Runnable;)V+0 javafx.graphics@19-ea
j  com.sun.glass.ui.win.WinApplication.lambda$runLoop$3(ILjava/lang/Runnable;)V+8 javafx.graphics@19-ea
j  com.sun.glass.ui.win.WinApplication$$Lambda$101+0x0000000800c2d800.run()V+12 javafx.graphics@19-ea
j  java.lang.Thread.run()V+11 java.base@16.0.2
v  ~StubRoutines::call_stub

siginfo: EXCEPTION_ACCESS_VIOLATION (0xc0000005), reading address 0xffffffffffffffff


Register to memory mapping:

RIP=0x000000006ee76520 points into unknown readable memory: 0x28fcc5405128fcc5 | c5 fc 28 51 40 c5 fc 28
RAX=0x000001e8447374f0 points into unknown readable memory: 0x8000000000000000 | 00 00 00 00 00 00 00 80
RBX=0x000001e84485c760 points into unknown readable memory: 0x0000000000000000 | 00 00 00 00 00 00 00 00
RCX=0x000001e8447374f0 points into unknown readable memory: 0x8000000000000000 | 00 00 00 00 00 00 00 80
RDX=0x0000000000000009 is an unknown value
RSP=0x00000036de4fd2a0 is pointing into the stack for thread: 0x000001e830957b40
RBP=0x000001e844736c30 points into unknown readable memory: 0x000001e831206ea0 | a0 6e 20 31 e8 01 00 00
RSI=0x000001e8447384f0 points into unknown readable memory: 0x0000000100000009 | 09 00 00 00 01 00 00 00
RDI=0x0000000000000004 is an unknown value
R8 =0x000000006ee77580 points into unknown readable memory: 0xc18148ffffffbbe8 | e8 bb ff ff ff 48 81 c1
R9 =0x000000006ee76490 points into unknown readable memory: 0x4928fcc50128fcc5 | c5 fc 28 01 c5 fc 28 49
R10=0x000001e8312074b0 points into unknown readable memory: 0x016400c401840004 | 04 00 84 01 c4 00 64 01
R11=0x000001e83122e4a0 points into unknown readable memory: 0xbcb464bbbcb4f32d | 2d f3 b4 bc bb 64 b4 bc
R12=0x000001e83122eca0 points into unknown readable memory: 0xbcb5a49ebcb516b8 | b8 16 b5 bc 9e a4 b5 bc
R13=0x0000000000000004 is an unknown value
R14=0x0000000000000184 is an unknown value
R15=0x000000006fab8f20 points into unknown readable memory: 0x3c96c9b63bc90f88 | 88 0f c9 3b b6 c9 96 3c


Registers:
RAX=0x000001e8447374f0, RBX=0x000001e84485c760, RCX=0x000001e8447374f0, RDX=0x0000000000000009
RSP=0x00000036de4fd2a0, RBP=0x000001e844736c30, RSI=0x000001e8447384f0, RDI=0x0000000000000004
R8 =0x000000006ee77580, R9 =0x000000006ee76490, R10=0x000001e8312074b0, R11=0x000001e83122e4a0
R12=0x000001e83122eca0, R13=0x0000000000000004, R14=0x0000000000000184, R15=0x000000006fab8f20
RIP=0x000000006ee76520, EFLAGS=0x0000000000010202

Top of Stack: (sp=0x00000036de4fd2a0)
0x00000036de4fd2a0:   000000006ee76665 000000006ee774c5
0x00000036de4fd2b0:   000000006ee77505 000000006ee77545
0x00000036de4fd2c0:   000000006ee77585 000000006ee79426
0x00000036de4fd2d0:   000000006fab8f20 000001e8447374f0
0x00000036de4fd2e0:   000001e84485ec20 00000000836e35b8
0x00000036de4fd2f0:   3fe0000000000000 0000000000000000
0x00000036de4fd300:   40c7760000000000 0000000000000000
0x00000036de4fd310:   3fe0000000000000 0000000000000001
0x00000036de4fd320:   000001e84485fc20 000000006ea45d24
0x00000036de4fd330:   3f40624dd2f1a9fc 0000000000000000
0x00000036de4fd340:   0000000000000000 0000000000000000
0x00000036de4fd350:   0000000000000000 0000000000000000
0x00000036de4fd360:   000001e844868b20 000000006fab7320
0x00000036de4fd370:   0000000000000000 000001e84485c6c0
0x00000036de4fd380:   0000000000000001 000001e844736c30
0x00000036de4fd390:   000001e844736cb0 0000000000000000 

Instructions: (pc=0x000000006ee76520)
0x000000006ee76420:   48 89 c8 8b 79 18 89 fe c1 fe 02 48 63 d6 8d 34
0x000000006ee76430:   76 48 8d 5c 95 00 48 63 f6 48 89 da ff 50 48 89
0x000000006ee76440:   f8 83 ef 10 48 8d 54 b5 00 f7 d8 48 63 ff 48 98
0x000000006ee76450:   0f 28 3d f9 d0 65 00 0f 28 04 3b 0f 28 0c 02 0f
0x000000006ee76460:   c6 c0 1b 0f c6 c9 1b 0f 57 c7 0f 29 0c 3a 0f 29
0x000000006ee76470:   04 03 48 83 ef 10 48 83 c0 10 7c db 0f 28 7c 24
0x000000006ee76480:   20 48 83 c4 38 5b 5e 5f 5d c3 90 90 90 90 90 90
0x000000006ee76490:   c5 fc 28 01 c5 fc 28 49 20 c5 fc 5c e1 c5 fc 58
0x000000006ee764a0:   d1 c5 dc 59 0d 17 42 84 00 c4 e2 75 0c 0d ce 41
0x000000006ee764b0:   84 00 c4 e3 75 0c c2 33 c5 ec c6 e1 4e c5 dc 5c
0x000000006ee764c0:   d8 c5 dc 58 c0 c4 e2 7d 0c 05 d2 41 84 00 c5 e4
0x000000006ee764d0:   c6 e0 bb c5 e4 c6 d0 ee c4 e3 6d 06 d4 13 c5 e4
0x000000006ee764e0:   57 1d fa 41 84 00 c5 fc c6 cb dd c5 fc c6 c3 88
0x000000006ee764f0:   c4 e3 75 06 d8 02 c4 e3 7d 06 c1 13 c5 fc 5c e2
0x000000006ee76500:   c4 e3 5d 0c c0 55 c5 e4 5c c8 c5 e4 58 c0 c5 fc
0x000000006ee76510:   29 01 c5 fc 29 49 20 c3 0f 1f 84 00 00 00 00 00
0x000000006ee76520:   c5 fc 28 51 40 c5 fc 28 59 60 c5 ec 5c fb c5 ec
0x000000006ee76530:   58 d3 c5 c4 57 3d 26 41 84 00 c5 ec c6 df be c5
0x000000006ee76540:   ec c6 d7 44 c5 ec 5c fb c5 ec 58 d3 c5 ec c6 df
0x000000006ee76550:   dd c5 ec c6 d7 88 c5 fc 28 01 c5 fc 28 49 20 c5
0x000000006ee76560:   fc 5c f9 c5 fc 58 e1 c5 c4 59 0d 51 41 84 00 c4
0x000000006ee76570:   e2 75 0c 0d 08 41 84 00 c4 e3 75 0c c4 33 c5 dc
0x000000006ee76580:   c6 f9 4e c5 c4 5c e8 c5 c4 58 c0 c4 e2 7d 0c 05
0x000000006ee76590:   0c 41 84 00 c5 d4 c6 f8 bb c5 d4 c6 e0 ee c4 e3
0x000000006ee765a0:   5d 06 e7 13 c5 d4 57 2d 34 41 84 00 c5 fc c6 cd
0x000000006ee765b0:   dd c5 fc c6 c5 88 c4 e3 75 06 e8 02 c4 e3 7d 06
0x000000006ee765c0:   c1 13 c5 fc 5c fc c4 e3 45 0c c0 55 c5 d4 5c c8
0x000000006ee765d0:   c5 d4 58 c0 c5 fc 28 25 04 40 84 00 c5 fc 28 2d
0x000000006ee765e0:   1c 40 84 00 c5 ec 59 f4 c5 e4 59 fd c5 c4 58 fe
0x000000006ee765f0:   c5 ec 59 d5 c5 e4 59 dc c5 e4 5c da c4 e3 45 0c
0x000000006ee76600:   d3 f0 c4 e3 45 06 db 21 c5 ec 58 e3 c5 e4 5c d2
0x000000006ee76610:   c4 e3 6d 06 d2 01 c5 f4 5c da c5 f4 58 ca c5 fc 


Stack slot to memory mapping:
stack at sp + 0 slots: 0x000000006ee76665 points into unknown readable memory: c5 fc 28
stack at sp + 1 slots: 0x000000006ee774c5 points into unknown readable memory: 48 81 c1
stack at sp + 2 slots: 0x000000006ee77505 points into unknown readable memory: 48 81 c1
stack at sp + 3 slots: 0x000000006ee77545 points into unknown readable memory: 48 81 c1
stack at sp + 4 slots: 0x000000006ee77585 points into unknown readable memory: 48 81 c1
stack at sp + 5 slots: 0x000000006ee79426 points into unknown readable memory: 8b 4e
stack at sp + 6 slots: 0x000000006fab8f20 points into unknown readable memory: 0x3c96c9b63bc90f88 | 88 0f c9 3b b6 c9 96 3c
stack at sp + 7 slots: 0x000001e8447374f0 points into unknown readable memory: 0x8000000000000000 | 00 00 00 00 00 00 00 80


---------------  P R O C E S S  ---------------

Threads class SMR info:
_java_thread_list=0x000001e8360938d0, length=23, elements={
0x000001e811a07ea0, 0x000001e82f2f2d70, 0x000001e82f2f3c30, 0x000001e82f301870,
0x000001e82f303280, 0x000001e82f304090, 0x000001e82f307250, 0x000001e82f309cd0,
0x000001e82f314750, 0x000001e830010060, 0x000001e8300e4380, 0x000001e8303cb150,
0x000001e83089e370, 0x000001e83095ffb0, 0x000001e830957b40, 0x000001e83040e560,
0x000001e8305b3ee0, 0x000001e836067770, 0x000001e836068210, 0x000001e836064cf0,
0x000001e836065790, 0x000001e836066230, 0x000001e836066780
}

Java Threads: ( => current thread )
  0x000001e811a07ea0 JavaThread "main" [_thread_blocked, id=10288, stack(0x00000036dca00000,0x00000036dcb00000)]
  0x000001e82f2f2d70 JavaThread "Reference Handler" daemon [_thread_blocked, id=11412, stack(0x00000036dd100000,0x00000036dd200000)]
  0x000001e82f2f3c30 JavaThread "Finalizer" daemon [_thread_blocked, id=5472, stack(0x00000036dd200000,0x00000036dd300000)]
  0x000001e82f301870 JavaThread "Signal Dispatcher" daemon [_thread_blocked, id=10740, stack(0x00000036dd300000,0x00000036dd400000)]
  0x000001e82f303280 JavaThread "Attach Listener" daemon [_thread_blocked, id=9820, stack(0x00000036dd400000,0x00000036dd500000)]
  0x000001e82f304090 JavaThread "Service Thread" daemon [_thread_blocked, id=7840, stack(0x00000036dd500000,0x00000036dd600000)]
  0x000001e82f307250 JavaThread "Monitor Deflation Thread" daemon [_thread_blocked, id=9544, stack(0x00000036dd600000,0x00000036dd700000)]
  0x000001e82f309cd0 JavaThread "C2 CompilerThread0" daemon [_thread_blocked, id=6052, stack(0x00000036dd700000,0x00000036dd800000)]
  0x000001e82f314750 JavaThread "C1 CompilerThread0" daemon [_thread_blocked, id=1720, stack(0x00000036dd800000,0x00000036dd900000)]
  0x000001e830010060 JavaThread "Sweeper thread" daemon [_thread_blocked, id=13216, stack(0x00000036dd900000,0x00000036dda00000)]
  0x000001e8300e4380 JavaThread "Common-Cleaner" daemon [_thread_blocked, id=9560, stack(0x00000036dda00000,0x00000036ddb00000)]
  0x000001e8303cb150 JavaThread "Notification Thread" daemon [_thread_blocked, id=15132, stack(0x00000036ddc00000,0x00000036ddd00000)]
  0x000001e83089e370 JavaThread "QuantumRenderer-0" daemon [_thread_blocked, id=12992, stack(0x00000036de100000,0x00000036de200000)]
  0x000001e83095ffb0 JavaThread "InvokeLaterDispatcher" daemon [_thread_blocked, id=14664, stack(0x00000036de300000,0x00000036de400000)]
=>0x000001e830957b40 JavaThread "JavaFX Application Thread" [_thread_in_native, id=12228, stack(0x00000036de400000,0x00000036de500000)]
  0x000001e83040e560 JavaThread "Thread-1" daemon [_thread_in_native, id=13780, stack(0x00000036deb00000,0x00000036dec00000)]
  0x000001e8305b3ee0 JavaThread "JavaFX-Launcher" [_thread_blocked, id=13464, stack(0x00000036dec00000,0x00000036ded00000)]
  0x000001e836067770 JavaThread "Prism Font Disposer" daemon [_thread_blocked, id=12872, stack(0x00000036ded00000,0x00000036dee00000)]
  0x000001e836068210 JavaThread "Cleaner-0" daemon [_thread_blocked, id=12392, stack(0x00000036df200000,0x00000036df300000)]
  0x000001e836064cf0 JavaThread "JFXMedia Player EventQueueThread" daemon [_thread_blocked, id=13616, stack(0x00000036df800000,0x00000036df900000)]
  0x000001e836065790 JavaThread "Media Resource Disposer" daemon [_thread_blocked, id=11660, stack(0x00000036e0600000,0x00000036e0700000)]
  0x000001e836066230 JavaThread "Timer-0" [_thread_blocked, id=1112, stack(0x00000036e1700000,0x00000036e1800000)]
  0x000001e836066780 JavaThread "Timer-1" daemon [_thread_blocked, id=8560, stack(0x00000036e1800000,0x00000036e1900000)]

Other Threads:
  0x000001e82f2f0120 VMThread "VM Thread" [stack: 0x00000036dd000000,0x00000036dd100000] [id=7988]
  0x000001e8303cb670 WatcherThread [stack: 0x00000036ddd00000,0x00000036dde00000] [id=12764]
  0x000001e811a40990 GCTaskThread "GC Thread#0" [stack: 0x00000036dcb00000,0x00000036dcc00000] [id=5012]
  0x000001e83044d7b0 GCTaskThread "GC Thread#1" [stack: 0x00000036ddb00000,0x00000036ddc00000] [id=1304]
  0x000001e8304a9a70 GCTaskThread "GC Thread#2" [stack: 0x00000036dde00000,0x00000036ddf00000] [id=6912]
  0x000001e830875bf0 GCTaskThread "GC Thread#3" [stack: 0x00000036ddf00000,0x00000036de000000] [id=1992]
  0x000001e8304a9d80 GCTaskThread "GC Thread#4" [stack: 0x00000036de000000,0x00000036de100000] [id=11932]
  0x000001e837dda5c0 GCTaskThread "GC Thread#5" [stack: 0x00000036dee00000,0x00000036def00000] [id=14384]
  0x000001e811a51950 ConcurrentGCThread "G1 Main Marker" [stack: 0x00000036dcc00000,0x00000036dcd00000] [id=10188]
  0x000001e811a52b60 ConcurrentGCThread "G1 Conc#0" [stack: 0x00000036dcd00000,0x00000036dce00000] [id=260]
  0x000001e82f19a440 ConcurrentGCThread "G1 Refine#0" [stack: 0x00000036dce00000,0x00000036dcf00000] [id=10688]
  0x000001e836fcec80 ConcurrentGCThread "G1 Refine#1" [stack: 0x00000036def00000,0x00000036df000000] [id=11920]
  0x000001e836e27af0 ConcurrentGCThread "G1 Refine#2" [stack: 0x00000036df000000,0x00000036df100000] [id=10656]
  0x000001e82f19bde0 ConcurrentGCThread "G1 Service" [stack: 0x00000036dcf00000,0x00000036dd000000] [id=15288]

Threads with active compile tasks:

VM state: not at safepoint (normal execution)

VM Mutex/Monitor currently owned by a thread: None

Heap address: 0x0000000080400000, size: 2044 MB, Compressed Oops mode: 32-bit

CDS archive(s) mapped at: [0x0000000800000000-0x0000000800bb0000-0x0000000800bb0000), size 12255232, SharedBaseAddress: 0x0000000800000000, ArchiveRelocationMode: 0.
Compressed class space mapped at: 0x0000000800c00000-0x0000000840c00000, reserved size: 1073741824
Narrow klass base: 0x0000000800000000, Narrow klass shift: 3, Narrow klass range: 0x100000000

GC Precious Log:
 CPUs: 6 total, 6 available
 Memory: 8174M
 Large Page Support: Disabled
 NUMA Support: Disabled
 Compressed Oops: Enabled (32-bit)
 Heap Region Size: 1M
 Heap Min Capacity: 8M
 Heap Initial Capacity: 128M
 Heap Max Capacity: 2044M
 Pre-touch: Disabled
 Parallel Workers: 6
 Concurrent Workers: 2
 Concurrent Refinement Workers: 6
 Periodic GC: Disabled

Heap:
 garbage-first heap   total 131072K, used 40437K [0x0000000080400000, 0x0000000100000000)
  region size 1024K, 37 young (37888K), 9 survivors (9216K)
 Metaspace       used 19624K, committed 19904K, reserved 1073152K
  class space    used 2801K, committed 2944K, reserved 1048576K

Heap Regions: E=young(eden), S=young(survivor), O=old, HS=humongous(starts), HC=humongous(continues), CS=collection set, F=free, OA=open archive, CA=closed archive, TAMS=top-at-mark-start (previous, next)
|   0|0x0000000080400000, 0x0000000080500000, 0x0000000080500000|100%| O|  |TAMS 0x0000000080400000, 0x0000000080400000| Untracked 
|   1|0x0000000080500000, 0x00000000805ef000, 0x0000000080600000| 93%| O|  |TAMS 0x0000000080500000, 0x0000000080500000| Untracked 
|   2|0x0000000080600000, 0x0000000080700000, 0x0000000080700000|100%|HS|  |TAMS 0x0000000080600000, 0x0000000080600000| Complete 
|   3|0x0000000080700000, 0x0000000080800000, 0x0000000080800000|100%|HC|  |TAMS 0x0000000080700000, 0x0000000080700000| Complete 
|   4|0x0000000080800000, 0x0000000080800000, 0x0000000080900000|  0%| F|  |TAMS 0x0000000080800000, 0x0000000080800000| Untracked 
|   5|0x0000000080900000, 0x0000000080900000, 0x0000000080a00000|  0%| F|  |TAMS 0x0000000080900000, 0x0000000080900000| Untracked 
|   6|0x0000000080a00000, 0x0000000080a00000, 0x0000000080b00000|  0%| F|  |TAMS 0x0000000080a00000, 0x0000000080a00000| Untracked 
|   7|0x0000000080b00000, 0x0000000080b00000, 0x0000000080c00000|  0%| F|  |TAMS 0x0000000080b00000, 0x0000000080b00000| Untracked 
|   8|0x0000000080c00000, 0x0000000080c00000, 0x0000000080d00000|  0%| F|  |TAMS 0x0000000080c00000, 0x0000000080c00000| Untracked 
|   9|0x0000000080d00000, 0x0000000080d00000, 0x0000000080e00000|  0%| F|  |TAMS 0x0000000080d00000, 0x0000000080d00000| Untracked 
|  10|0x0000000080e00000, 0x0000000080e00000, 0x0000000080f00000|  0%| F|  |TAMS 0x0000000080e00000, 0x0000000080e00000| Untracked 
|  11|0x0000000080f00000, 0x0000000080f00000, 0x0000000081000000|  0%| F|  |TAMS 0x0000000080f00000, 0x0000000080f00000| Untracked 
|  12|0x0000000081000000, 0x0000000081000000, 0x0000000081100000|  0%| F|  |TAMS 0x0000000081000000, 0x0000000081000000| Untracked 
|  13|0x0000000081100000, 0x0000000081100000, 0x0000000081200000|  0%| F|  |TAMS 0x0000000081100000, 0x0000000081100000| Untracked 
|  14|0x0000000081200000, 0x0000000081200000, 0x0000000081300000|  0%| F|  |TAMS 0x0000000081200000, 0x0000000081200000| Untracked 
|  15|0x0000000081300000, 0x0000000081300000, 0x0000000081400000|  0%| F|  |TAMS 0x0000000081300000, 0x0000000081300000| Untracked 
|  16|0x0000000081400000, 0x0000000081400000, 0x0000000081500000|  0%| F|  |TAMS 0x0000000081400000, 0x0000000081400000| Untracked 
|  17|0x0000000081500000, 0x0000000081500000, 0x0000000081600000|  0%| F|  |TAMS 0x0000000081500000, 0x0000000081500000| Untracked 
|  18|0x0000000081600000, 0x0000000081600000, 0x0000000081700000|  0%| F|  |TAMS 0x0000000081600000, 0x0000000081600000| Untracked 
|  19|0x0000000081700000, 0x0000000081700000, 0x0000000081800000|  0%| F|  |TAMS 0x0000000081700000, 0x0000000081700000| Untracked 
|  20|0x0000000081800000, 0x0000000081800000, 0x0000000081900000|  0%| F|  |TAMS 0x0000000081800000, 0x0000000081800000| Untracked 
|  21|0x0000000081900000, 0x0000000081900000, 0x0000000081a00000|  0%| F|  |TAMS 0x0000000081900000, 0x0000000081900000| Untracked 
|  22|0x0000000081a00000, 0x0000000081a00000, 0x0000000081b00000|  0%| F|  |TAMS 0x0000000081a00000, 0x0000000081a00000| Untracked 
|  23|0x0000000081b00000, 0x0000000081b00000, 0x0000000081c00000|  0%| F|  |TAMS 0x0000000081b00000, 0x0000000081b00000| Untracked 
|  24|0x0000000081c00000, 0x0000000081c00000, 0x0000000081d00000|  0%| F|  |TAMS 0x0000000081c00000, 0x0000000081c00000| Untracked 
|  25|0x0000000081d00000, 0x0000000081d00000, 0x0000000081e00000|  0%| F|  |TAMS 0x0000000081d00000, 0x0000000081d00000| Untracked 
|  26|0x0000000081e00000, 0x0000000081e00000, 0x0000000081f00000|  0%| F|  |TAMS 0x0000000081e00000, 0x0000000081e00000| Untracked 
|  27|0x0000000081f00000, 0x0000000081f00000, 0x0000000082000000|  0%| F|  |TAMS 0x0000000081f00000, 0x0000000081f00000| Untracked 
|  28|0x0000000082000000, 0x0000000082000000, 0x0000000082100000|  0%| F|  |TAMS 0x0000000082000000, 0x0000000082000000| Untracked 
|  29|0x0000000082100000, 0x0000000082100000, 0x0000000082200000|  0%| F|  |TAMS 0x0000000082100000, 0x0000000082100000| Untracked 
|  30|0x0000000082200000, 0x0000000082200000, 0x0000000082300000|  0%| F|  |TAMS 0x0000000082200000, 0x0000000082200000| Untracked 
|  31|0x0000000082300000, 0x0000000082300000, 0x0000000082400000|  0%| F|  |TAMS 0x0000000082300000, 0x0000000082300000| Untracked 
|  32|0x0000000082400000, 0x0000000082400000, 0x0000000082500000|  0%| F|  |TAMS 0x0000000082400000, 0x0000000082400000| Untracked 
|  33|0x0000000082500000, 0x0000000082500000, 0x0000000082600000|  0%| F|  |TAMS 0x0000000082500000, 0x0000000082500000| Untracked 
|  34|0x0000000082600000, 0x0000000082600000, 0x0000000082700000|  0%| F|  |TAMS 0x0000000082600000, 0x0000000082600000| Untracked 
|  35|0x0000000082700000, 0x0000000082700000, 0x0000000082800000|  0%| F|  |TAMS 0x0000000082700000, 0x0000000082700000| Untracked 
|  36|0x0000000082800000, 0x0000000082800000, 0x0000000082900000|  0%| F|  |TAMS 0x0000000082800000, 0x0000000082800000| Untracked 
|  37|0x0000000082900000, 0x0000000082900000, 0x0000000082a00000|  0%| F|  |TAMS 0x0000000082900000, 0x0000000082900000| Untracked 
|  38|0x0000000082a00000, 0x0000000082a00000, 0x0000000082b00000|  0%| F|  |TAMS 0x0000000082a00000, 0x0000000082a00000| Untracked 
|  39|0x0000000082b00000, 0x0000000082b00000, 0x0000000082c00000|  0%| F|  |TAMS 0x0000000082b00000, 0x0000000082b00000| Untracked 
|  40|0x0000000082c00000, 0x0000000082c00000, 0x0000000082d00000|  0%| F|  |TAMS 0x0000000082c00000, 0x0000000082c00000| Untracked 
|  41|0x0000000082d00000, 0x0000000082d00000, 0x0000000082e00000|  0%| F|  |TAMS 0x0000000082d00000, 0x0000000082d00000| Untracked 
|  42|0x0000000082e00000, 0x0000000082e00000, 0x0000000082f00000|  0%| F|  |TAMS 0x0000000082e00000, 0x0000000082e00000| Untracked 
|  43|0x0000000082f00000, 0x0000000082f8e550, 0x0000000083000000| 55%| S|CS|TAMS 0x0000000082f00000, 0x0000000082f00000| Complete 
|  44|0x0000000083000000, 0x0000000083100000, 0x0000000083100000|100%| S|CS|TAMS 0x0000000083000000, 0x0000000083000000| Complete 
|  45|0x0000000083100000, 0x0000000083200000, 0x0000000083200000|100%| S|CS|TAMS 0x0000000083100000, 0x0000000083100000| Complete 
|  46|0x0000000083200000, 0x0000000083300000, 0x0000000083300000|100%| S|CS|TAMS 0x0000000083200000, 0x0000000083200000| Complete 
|  47|0x0000000083300000, 0x0000000083400000, 0x0000000083400000|100%| S|CS|TAMS 0x0000000083300000, 0x0000000083300000| Complete 
|  48|0x0000000083400000, 0x0000000083500000, 0x0000000083500000|100%| S|CS|TAMS 0x0000000083400000, 0x0000000083400000| Complete 
|  49|0x0000000083500000, 0x0000000083600000, 0x0000000083600000|100%| S|CS|TAMS 0x0000000083500000, 0x0000000083500000| Complete 
|  50|0x0000000083600000, 0x0000000083700000, 0x0000000083700000|100%| S|CS|TAMS 0x0000000083600000, 0x0000000083600000| Complete 
|  51|0x0000000083700000, 0x0000000083800000, 0x0000000083800000|100%| S|CS|TAMS 0x0000000083700000, 0x0000000083700000| Complete 
|  52|0x0000000083800000, 0x0000000083800000, 0x0000000083900000|  0%| F|  |TAMS 0x0000000083800000, 0x0000000083800000| Untracked 
|  53|0x0000000083900000, 0x0000000083900000, 0x0000000083a00000|  0%| F|  |TAMS 0x0000000083900000, 0x0000000083900000| Untracked 
|  54|0x0000000083a00000, 0x0000000083a00000, 0x0000000083b00000|  0%| F|  |TAMS 0x0000000083a00000, 0x0000000083a00000| Untracked 
|  55|0x0000000083b00000, 0x0000000083b00000, 0x0000000083c00000|  0%| F|  |TAMS 0x0000000083b00000, 0x0000000083b00000| Untracked 
|  56|0x0000000083c00000, 0x0000000083c00000, 0x0000000083d00000|  0%| F|  |TAMS 0x0000000083c00000, 0x0000000083c00000| Untracked 
|  57|0x0000000083d00000, 0x0000000083d00000, 0x0000000083e00000|  0%| F|  |TAMS 0x0000000083d00000, 0x0000000083d00000| Untracked 
|  58|0x0000000083e00000, 0x0000000083e00000, 0x0000000083f00000|  0%| F|  |TAMS 0x0000000083e00000, 0x0000000083e00000| Untracked 
|  59|0x0000000083f00000, 0x0000000083f00000, 0x0000000084000000|  0%| F|  |TAMS 0x0000000083f00000, 0x0000000083f00000| Untracked 
|  60|0x0000000084000000, 0x0000000084000000, 0x0000000084100000|  0%| F|  |TAMS 0x0000000084000000, 0x0000000084000000| Untracked 
|  61|0x0000000084100000, 0x0000000084100000, 0x0000000084200000|  0%| F|  |TAMS 0x0000000084100000, 0x0000000084100000| Untracked 
|  62|0x0000000084200000, 0x0000000084200000, 0x0000000084300000|  0%| F|  |TAMS 0x0000000084200000, 0x0000000084200000| Untracked 
|  63|0x0000000084300000, 0x0000000084300000, 0x0000000084400000|  0%| F|  |TAMS 0x0000000084300000, 0x0000000084300000| Untracked 
|  64|0x0000000084400000, 0x0000000084400000, 0x0000000084500000|  0%| F|  |TAMS 0x0000000084400000, 0x0000000084400000| Untracked 
|  65|0x0000000084500000, 0x0000000084500000, 0x0000000084600000|  0%| F|  |TAMS 0x0000000084500000, 0x0000000084500000| Untracked 
|  66|0x0000000084600000, 0x0000000084600000, 0x0000000084700000|  0%| F|  |TAMS 0x0000000084600000, 0x0000000084600000| Untracked 
|  67|0x0000000084700000, 0x0000000084700000, 0x0000000084800000|  0%| F|  |TAMS 0x0000000084700000, 0x0000000084700000| Untracked 
|  68|0x0000000084800000, 0x0000000084800000, 0x0000000084900000|  0%| F|  |TAMS 0x0000000084800000, 0x0000000084800000| Untracked 
|  69|0x0000000084900000, 0x0000000084900000, 0x0000000084a00000|  0%| F|  |TAMS 0x0000000084900000, 0x0000000084900000| Untracked 
|  70|0x0000000084a00000, 0x0000000084a00000, 0x0000000084b00000|  0%| F|  |TAMS 0x0000000084a00000, 0x0000000084a00000| Untracked 
|  71|0x0000000084b00000, 0x0000000084b00000, 0x0000000084c00000|  0%| F|  |TAMS 0x0000000084b00000, 0x0000000084b00000| Untracked 
|  72|0x0000000084c00000, 0x0000000084c00000, 0x0000000084d00000|  0%| F|  |TAMS 0x0000000084c00000, 0x0000000084c00000| Untracked 
|  73|0x0000000084d00000, 0x0000000084d00000, 0x0000000084e00000|  0%| F|  |TAMS 0x0000000084d00000, 0x0000000084d00000| Untracked 
|  74|0x0000000084e00000, 0x0000000084e00000, 0x0000000084f00000|  0%| F|  |TAMS 0x0000000084e00000, 0x0000000084e00000| Untracked 
|  75|0x0000000084f00000, 0x0000000084f00000, 0x0000000085000000|  0%| F|  |TAMS 0x0000000084f00000, 0x0000000084f00000| Untracked 
|  76|0x0000000085000000, 0x0000000085000000, 0x0000000085100000|  0%| F|  |TAMS 0x0000000085000000, 0x0000000085000000| Untracked 
|  77|0x0000000085100000, 0x0000000085100000, 0x0000000085200000|  0%| F|  |TAMS 0x0000000085100000, 0x0000000085100000| Untracked 
|  78|0x0000000085200000, 0x0000000085200000, 0x0000000085300000|  0%| F|  |TAMS 0x0000000085200000, 0x0000000085200000| Untracked 
|  79|0x0000000085300000, 0x0000000085300000, 0x0000000085400000|  0%| F|  |TAMS 0x0000000085300000, 0x0000000085300000| Untracked 
|  80|0x0000000085400000, 0x0000000085400000, 0x0000000085500000|  0%| F|  |TAMS 0x0000000085400000, 0x0000000085400000| Untracked 
|  81|0x0000000085500000, 0x0000000085500000, 0x0000000085600000|  0%| F|  |TAMS 0x0000000085500000, 0x0000000085500000| Untracked 
|  82|0x0000000085600000, 0x0000000085600000, 0x0000000085700000|  0%| F|  |TAMS 0x0000000085600000, 0x0000000085600000| Untracked 
|  83|0x0000000085700000, 0x0000000085700000, 0x0000000085800000|  0%| F|  |TAMS 0x0000000085700000, 0x0000000085700000| Untracked 
|  84|0x0000000085800000, 0x0000000085800000, 0x0000000085900000|  0%| F|  |TAMS 0x0000000085800000, 0x0000000085800000| Untracked 
|  85|0x0000000085900000, 0x0000000085900000, 0x0000000085a00000|  0%| F|  |TAMS 0x0000000085900000, 0x0000000085900000| Untracked 
|  86|0x0000000085a00000, 0x0000000085a00000, 0x0000000085b00000|  0%| F|  |TAMS 0x0000000085a00000, 0x0000000085a00000| Untracked 
|  87|0x0000000085b00000, 0x0000000085b00000, 0x0000000085c00000|  0%| F|  |TAMS 0x0000000085b00000, 0x0000000085b00000| Untracked 
|  88|0x0000000085c00000, 0x0000000085c00000, 0x0000000085d00000|  0%| F|  |TAMS 0x0000000085c00000, 0x0000000085c00000| Untracked 
|  89|0x0000000085d00000, 0x0000000085d00000, 0x0000000085e00000|  0%| F|  |TAMS 0x0000000085d00000, 0x0000000085d00000| Untracked 
|  90|0x0000000085e00000, 0x0000000085e00000, 0x0000000085f00000|  0%| F|  |TAMS 0x0000000085e00000, 0x0000000085e00000| Untracked 
|  91|0x0000000085f00000, 0x0000000085f00000, 0x0000000086000000|  0%| F|  |TAMS 0x0000000085f00000, 0x0000000085f00000| Untracked 
|  92|0x0000000086000000, 0x0000000086000000, 0x0000000086100000|  0%| F|  |TAMS 0x0000000086000000, 0x0000000086000000| Untracked 
|  93|0x0000000086100000, 0x0000000086100000, 0x0000000086200000|  0%| F|  |TAMS 0x0000000086100000, 0x0000000086100000| Untracked 
|  94|0x0000000086200000, 0x0000000086200000, 0x0000000086300000|  0%| F|  |TAMS 0x0000000086200000, 0x0000000086200000| Untracked 
|  95|0x0000000086300000, 0x0000000086300000, 0x0000000086400000|  0%| F|  |TAMS 0x0000000086300000, 0x0000000086300000| Untracked 
|  96|0x0000000086400000, 0x0000000086400000, 0x0000000086500000|  0%| F|  |TAMS 0x0000000086400000, 0x0000000086400000| Untracked 
|  97|0x0000000086500000, 0x0000000086500000, 0x0000000086600000|  0%| F|  |TAMS 0x0000000086500000, 0x0000000086500000| Untracked 
|  98|0x0000000086600000, 0x0000000086600000, 0x0000000086700000|  0%| F|  |TAMS 0x0000000086600000, 0x0000000086600000| Untracked 
|  99|0x0000000086700000, 0x0000000086700000, 0x0000000086800000|  0%| F|  |TAMS 0x0000000086700000, 0x0000000086700000| Untracked 
| 100|0x0000000086800000, 0x0000000086800800, 0x0000000086900000|  0%| E|  |TAMS 0x0000000086800000, 0x0000000086800000| Complete 
| 101|0x0000000086900000, 0x0000000086a00000, 0x0000000086a00000|100%| E|CS|TAMS 0x0000000086900000, 0x0000000086900000| Complete 
| 102|0x0000000086a00000, 0x0000000086b00000, 0x0000000086b00000|100%| E|CS|TAMS 0x0000000086a00000, 0x0000000086a00000| Complete 
| 103|0x0000000086b00000, 0x0000000086c00000, 0x0000000086c00000|100%| E|CS|TAMS 0x0000000086b00000, 0x0000000086b00000| Complete 
| 104|0x0000000086c00000, 0x0000000086d00000, 0x0000000086d00000|100%| E|CS|TAMS 0x0000000086c00000, 0x0000000086c00000| Complete 
| 105|0x0000000086d00000, 0x0000000086e00000, 0x0000000086e00000|100%| E|CS|TAMS 0x0000000086d00000, 0x0000000086d00000| Complete 
| 106|0x0000000086e00000, 0x0000000086f00000, 0x0000000086f00000|100%| E|CS|TAMS 0x0000000086e00000, 0x0000000086e00000| Complete 
| 107|0x0000000086f00000, 0x0000000087000000, 0x0000000087000000|100%| E|CS|TAMS 0x0000000086f00000, 0x0000000086f00000| Complete 
| 108|0x0000000087000000, 0x0000000087100000, 0x0000000087100000|100%| E|CS|TAMS 0x0000000087000000, 0x0000000087000000| Complete 
| 109|0x0000000087100000, 0x0000000087200000, 0x0000000087200000|100%| E|CS|TAMS 0x0000000087100000, 0x0000000087100000| Complete 
| 110|0x0000000087200000, 0x0000000087300000, 0x0000000087300000|100%| E|CS|TAMS 0x0000000087200000, 0x0000000087200000| Complete 
| 111|0x0000000087300000, 0x0000000087400000, 0x0000000087400000|100%| E|CS|TAMS 0x0000000087300000, 0x0000000087300000| Complete 
| 112|0x0000000087400000, 0x0000000087500000, 0x0000000087500000|100%| E|CS|TAMS 0x0000000087400000, 0x0000000087400000| Complete 
| 113|0x0000000087500000, 0x0000000087600000, 0x0000000087600000|100%| E|CS|TAMS 0x0000000087500000, 0x0000000087500000| Complete 
| 114|0x0000000087600000, 0x0000000087700000, 0x0000000087700000|100%| E|CS|TAMS 0x0000000087600000, 0x0000000087600000| Complete 
| 115|0x0000000087700000, 0x0000000087800000, 0x0000000087800000|100%| E|CS|TAMS 0x0000000087700000, 0x0000000087700000| Complete 
| 116|0x0000000087800000, 0x0000000087900000, 0x0000000087900000|100%| E|CS|TAMS 0x0000000087800000, 0x0000000087800000| Complete 
| 117|0x0000000087900000, 0x0000000087a00000, 0x0000000087a00000|100%| E|CS|TAMS 0x0000000087900000, 0x0000000087900000| Complete 
| 118|0x0000000087a00000, 0x0000000087b00000, 0x0000000087b00000|100%| E|CS|TAMS 0x0000000087a00000, 0x0000000087a00000| Complete 
| 119|0x0000000087b00000, 0x0000000087c00000, 0x0000000087c00000|100%| E|CS|TAMS 0x0000000087b00000, 0x0000000087b00000| Complete 
| 120|0x0000000087c00000, 0x0000000087d00000, 0x0000000087d00000|100%| E|CS|TAMS 0x0000000087c00000, 0x0000000087c00000| Complete 
| 121|0x0000000087d00000, 0x0000000087e00000, 0x0000000087e00000|100%| E|CS|TAMS 0x0000000087d00000, 0x0000000087d00000| Complete 
| 122|0x0000000087e00000, 0x0000000087f00000, 0x0000000087f00000|100%| E|CS|TAMS 0x0000000087e00000, 0x0000000087e00000| Complete 
| 123|0x0000000087f00000, 0x0000000088000000, 0x0000000088000000|100%| E|CS|TAMS 0x0000000087f00000, 0x0000000087f00000| Complete 
| 124|0x0000000088000000, 0x0000000088100000, 0x0000000088100000|100%| E|CS|TAMS 0x0000000088000000, 0x0000000088000000| Complete 
| 125|0x0000000088100000, 0x0000000088200000, 0x0000000088200000|100%| E|CS|TAMS 0x0000000088100000, 0x0000000088100000| Complete 
| 126|0x0000000088200000, 0x0000000088300000, 0x0000000088300000|100%| E|CS|TAMS 0x0000000088200000, 0x0000000088200000| Complete 
| 127|0x0000000088300000, 0x0000000088400000, 0x0000000088400000|100%| E|CS|TAMS 0x0000000088300000, 0x0000000088300000| Complete 

Card table byte_map: [0x000001e828610000,0x000001e828a10000] _byte_map_base: 0x000001e82820e000

Marking Bits (Prev, Next): (CMBitMap*) 0x000001e811a41000, (CMBitMap*) 0x000001e811a41040
 Prev Bits: [0x000001e828e10000, 0x000001e82ae00000)
 Next Bits: [0x000001e82ae00000, 0x000001e82cdf0000)

Polling page: 0x000001e80f950000

Metaspace:

Usage:
  Non-class:     16.43 MB used.
      Class:      2.74 MB used.
       Both:     19.16 MB used.

Virtual space:
  Non-class space:       24.00 MB reserved,      16.56 MB ( 69%) committed,  3 nodes.
      Class space:        1.00 GB reserved,       2.88 MB ( <1%) committed,  1 nodes.
              Both:        1.02 GB reserved,      19.44 MB (  2%) committed. 

Chunk freelists:
   Non-Class:  2.81 MB
       Class:  1.09 MB
        Both:  3.90 MB

MaxMetaspaceSize: 17179869184.00 GB
CompressedClassSpaceSize: 1.00 GB
 - commit_granule_bytes: 65536.
 - commit_granule_words: 8192.
 - virtual_space_node_default_size: 1048576.
 - enlarge_chunks_in_place: 1.
 - new_chunks_are_fully_committed: 0.
 - uncommit_free_chunks: 1.
 - use_allocation_guard: 0.
 - handle_deallocations: 1.


Internal statistics:

num_allocs_failed_limit: 0.
num_arena_births: 282.
num_arena_deaths: 0.
num_vsnodes_births: 4.
num_vsnodes_deaths: 0.
num_space_committed: 311.
num_space_uncommitted: 0.
num_chunks_returned_to_freelist: 0.
num_chunks_taken_from_freelist: 942.
num_chunk_merges: 0.
num_chunk_splits: 644.
num_chunks_enlarged: 496.
num_purges: 0.

CodeHeap 'non-profiled nmethods': size=120000Kb used=1555Kb max_used=1555Kb free=118444Kb
 bounds [0x000001e820bd0000, 0x000001e820e40000, 0x000001e828100000]
CodeHeap 'profiled nmethods': size=120000Kb used=7723Kb max_used=7723Kb free=112276Kb
 bounds [0x000001e8196a0000, 0x000001e819e30000, 0x000001e820bd0000]
CodeHeap 'non-nmethods': size=5760Kb used=1503Kb max_used=1542Kb free=4256Kb
 bounds [0x000001e819100000, 0x000001e819370000, 0x000001e8196a0000]
 total_blobs=4721 nmethods=3844 adapters=789
 compilation: enabled
              stopped_count=0, restarted_count=0
 full_count=0

Compilation events (20 events):
Event: 25.486 Thread 0x000001e82f314750 3803       3       com.sun.javafx.sg.prism.NGNode::markCullRegions (204 bytes)
Event: 25.487 Thread 0x000001e82f314750 nmethod 3803 0x000001e819e0c590 code [0x000001e819e0c820, 0x000001e819e0d598]
Event: 25.487 Thread 0x000001e82f314750 3804       3       com.sun.javafx.sg.prism.NGGroup::markCullRegions (201 bytes)
Event: 25.487 Thread 0x000001e82f314750 nmethod 3804 0x000001e819e0da10 code [0x000001e819e0dd00, 0x000001e819e0f188]
Event: 25.487 Thread 0x000001e82f314750 3805       3       com.sun.javafx.geom.BoxBounds::flattenInto (46 bytes)
Event: 25.488 Thread 0x000001e82f314750 nmethod 3805 0x000001e819e0fb10 code [0x000001e819e0fd00, 0x000001e819e101c8]
Event: 25.488 Thread 0x000001e82f314750 3806       3       com.sun.javafx.geom.BoxBounds::isEmpty (42 bytes)
Event: 25.488 Thread 0x000001e82f314750 nmethod 3806 0x000001e819e10390 code [0x000001e819e10540, 0x000001e819e10798]
Event: 25.488 Thread 0x000001e82f314750 3807       3       com.sun.javafx.geom.transform.AffineBase::transform3DBounds (653 bytes)
Event: 25.489 Thread 0x000001e82f314750 nmethod 3807 0x000001e819e10810 code [0x000001e819e10d40, 0x000001e819e14208]
Event: 25.491 Thread 0x000001e82f314750 3808       3       com.sun.javafx.geom.Point2D::setLocation (11 bytes)
Event: 25.491 Thread 0x000001e82f314750 nmethod 3808 0x000001e819e14d10 code [0x000001e819e14ea0, 0x000001e819e14fb8]
Event: 25.491 Thread 0x000001e82f314750 3809       3       com.sun.prism.impl.BaseGraphics::drawTexture (249 bytes)
Event: 25.492 Thread 0x000001e82f314750 nmethod 3809 0x000001e819e15090 code [0x000001e819e152e0, 0x000001e819e15ff8]
Event: 25.492 Thread 0x000001e82f314750 3811       3       com.sun.javafx.sg.prism.NGNode::getCompleteBounds (158 bytes)
Event: 25.492 Thread 0x000001e82f314750 nmethod 3811 0x000001e819e16410 code [0x000001e819e16700, 0x000001e819e17888]
Event: 25.492 Thread 0x000001e82f314750 3810       3       com.sun.prism.impl.ps.BaseShaderContext::isSuperShaderEnabled (57 bytes)
Event: 25.493 Thread 0x000001e82f314750 nmethod 3810 0x000001e819e17f90 code [0x000001e819e18160, 0x000001e819e18518]
Event: 25.493 Thread 0x000001e82f314750 3812       1       javafx.scene.layout.Border::getStrokes (5 bytes)
Event: 25.493 Thread 0x000001e82f314750 nmethod 3812 0x000001e820d53210 code [0x000001e820d533a0, 0x000001e820d53478]

GC Heap History (6 events):
Event: 4.978 GC heap before
{Heap before GC invocations=0 (full 0):
 garbage-first heap   total 131072K, used 21504K [0x0000000080400000, 0x0000000100000000)
  region size 1024K, 21 young (21504K), 0 survivors (0K)
 Metaspace       used 2421K, committed 2560K, reserved 1056768K
  class space    used 238K, committed 320K, reserved 1048576K
}
Event: 4.983 GC heap after
{Heap after GC invocations=1 (full 0):
 garbage-first heap   total 131072K, used 1737K [0x0000000080400000, 0x0000000100000000)
  region size 1024K, 2 young (2048K), 2 survivors (2048K)
 Metaspace       used 2421K, committed 2560K, reserved 1056768K
  class space    used 238K, committed 320K, reserved 1048576K
}
Event: 7.454 GC heap before
{Heap before GC invocations=1 (full 0):
 garbage-first heap   total 131072K, used 30409K [0x0000000080400000, 0x0000000100000000)
  region size 1024K, 31 young (31744K), 2 survivors (2048K)
 Metaspace       used 9869K, committed 10112K, reserved 1064960K
  class space    used 1325K, committed 1472K, reserved 1048576K
}
Event: 7.463 GC heap after
{Heap after GC invocations=2 (full 0):
 garbage-first heap   total 131072K, used 6076K [0x0000000080400000, 0x0000000100000000)
  region size 1024K, 4 young (4096K), 4 survivors (4096K)
 Metaspace       used 9869K, committed 10112K, reserved 1064960K
  class space    used 1325K, committed 1472K, reserved 1048576K
}
Event: 23.533 GC heap before
{Heap before GC invocations=2 (full 0):
 garbage-first heap   total 131072K, used 81852K [0x0000000080400000, 0x0000000100000000)
  region size 1024K, 76 young (77824K), 4 survivors (4096K)
 Metaspace       used 19157K, committed 19456K, reserved 1073152K
  class space    used 2782K, committed 2944K, reserved 1048576K
}
Event: 23.545 GC heap after
{Heap after GC invocations=3 (full 0):
 garbage-first heap   total 131072K, used 12789K [0x0000000080400000, 0x0000000100000000)
  region size 1024K, 9 young (9216K), 9 survivors (9216K)
 Metaspace       used 19157K, committed 19456K, reserved 1073152K
  class space    used 2782K, committed 2944K, reserved 1048576K
}

Deoptimization events (20 events):
Event: 23.556 Thread 0x000001e83089e370 DEOPT PACKING pc=0x000001e819c8ff62 sp=0x00000036de1f9e80
Event: 23.556 Thread 0x000001e83089e370 DEOPT UNPACKING pc=0x000001e81914dece sp=0x00000036de1f92b8 mode 0
Event: 23.560 Thread 0x000001e83089e370 DEOPT PACKING pc=0x000001e819c8ff62 sp=0x00000036de1fa9c0
Event: 23.560 Thread 0x000001e83089e370 DEOPT UNPACKING pc=0x000001e81914dece sp=0x00000036de1f9df8 mode 0
Event: 23.573 Thread 0x000001e83089e370 DEOPT PACKING pc=0x000001e819c8ff62 sp=0x00000036de1f8c60
Event: 23.573 Thread 0x000001e83089e370 DEOPT UNPACKING pc=0x000001e81914dece sp=0x00000036de1f8098 mode 0
Event: 23.575 Thread 0x000001e83089e370 DEOPT PACKING pc=0x000001e819c8ff62 sp=0x00000036de1f8e40
Event: 23.575 Thread 0x000001e83089e370 DEOPT UNPACKING pc=0x000001e81914dece sp=0x00000036de1f8278 mode 0
Event: 23.578 Thread 0x000001e83089e370 DEOPT PACKING pc=0x000001e819c8ff62 sp=0x00000036de1f8e40
Event: 23.578 Thread 0x000001e83089e370 DEOPT UNPACKING pc=0x000001e81914dece sp=0x00000036de1f8278 mode 0
Event: 23.578 Thread 0x000001e83089e370 DEOPT PACKING pc=0x000001e819c8ff62 sp=0x00000036de1f8e40
Event: 23.578 Thread 0x000001e83089e370 DEOPT UNPACKING pc=0x000001e81914dece sp=0x00000036de1f8278 mode 0
Event: 23.579 Thread 0x000001e83089e370 DEOPT PACKING pc=0x000001e819c8ff62 sp=0x00000036de1f8e40
Event: 23.579 Thread 0x000001e83089e370 DEOPT UNPACKING pc=0x000001e81914dece sp=0x00000036de1f8278 mode 0
Event: 23.582 Thread 0x000001e83089e370 DEOPT PACKING pc=0x000001e819c8ff62 sp=0x00000036de1f9e10
Event: 23.582 Thread 0x000001e83089e370 DEOPT UNPACKING pc=0x000001e81914dece sp=0x00000036de1f9248 mode 0
Event: 23.585 Thread 0x000001e83089e370 DEOPT PACKING pc=0x000001e819c8ff62 sp=0x00000036de1fa9c0
Event: 23.585 Thread 0x000001e83089e370 DEOPT UNPACKING pc=0x000001e81914dece sp=0x00000036de1f9df8 mode 0
Event: 23.589 Thread 0x000001e83089e370 DEOPT PACKING pc=0x000001e819c8ff62 sp=0x00000036de1fab50
Event: 23.589 Thread 0x000001e83089e370 DEOPT UNPACKING pc=0x000001e81914dece sp=0x00000036de1f9f88 mode 0

Classes unloaded (0 events):
No events

Classes redefined (0 events):
No events

Internal exceptions (20 events):
Event: 12.528 Thread 0x000001e830957b40 Exception <a 'java/lang/NoSuchMethodError'{0x00000000866f0420}: 'java.lang.Object java.lang.invoke.Invokers$Holder.linkToTargetMethod(java.lang.Object, long, java.lang.Object)'> (0x00000000866f0420) 
thrown [t:\workspace\open\src\hotspot\share\interpreter\linkResolver.cpp, line 790]
Event: 19.402 Thread 0x000001e830957b40 Exception <a 'java/io/FileNotFoundException'{0x00000000865ea138}> (0x00000000865ea138) 
thrown [t:\workspace\open\src\hotspot\share\prims\jni.cpp, line 579]
Event: 19.423 Thread 0x000001e830957b40 Exception <a 'java/io/FileNotFoundException'{0x00000000865ffac8}> (0x00000000865ffac8) 
thrown [t:\workspace\open\src\hotspot\share\prims\jni.cpp, line 579]
Event: 19.797 Thread 0x000001e830957b40 Implicit null exception at 0x000001e820be5055 to 0x000001e820be55dc
Event: 19.797 Thread 0x000001e830957b40 Implicit null exception at 0x000001e820be6dd2 to 0x000001e820be734c
Event: 19.860 Thread 0x000001e830957b40 Exception <a 'java/lang/NullPointerException'{0x0000000085bf3488}> (0x0000000085bf3488) 
thrown [t:\workspace\open\src\hotspot\share\interpreter\linkResolver.cpp, line 1468]
Event: 19.908 Thread 0x000001e830957b40 Exception <a 'sun/nio/fs/WindowsException'{0x0000000085aa34b8}> (0x0000000085aa34b8) 
thrown [t:\workspace\open\src\hotspot\share\prims\jni.cpp, line 579]
Event: 19.909 Thread 0x000001e830957b40 Exception <a 'java/lang/NoClassDefFoundError'{0x0000000085aa5818}: org/slf4j/impl/StaticLoggerBinder> (0x0000000085aa5818) 
thrown [t:\workspace\open\src\hotspot\share\classfile\systemDictionary.cpp, line 245]
Event: 19.958 Thread 0x000001e830957b40 Exception <a 'sun/nio/fs/WindowsException'{0x0000000085ad3098}> (0x0000000085ad3098) 
thrown [t:\workspace\open\src\hotspot\share\prims\jni.cpp, line 579]
Event: 19.976 Thread 0x000001e830957b40 Exception <a 'java/lang/NoSuchMethodError'{0x00000000856333e0}: 'java.lang.Object java.lang.invoke.DirectMethodHandle$Holder.invokeStaticInit(java.lang.Object, int, int, int, int)'> (0x00000000856333e0) 
thrown [t:\workspace\open\src\hotspot\share\interpreter\linkResolver.cpp, line 790]
Event: 20.046 Thread 0x000001e830957b40 Exception <a 'java/lang/NoSuchMethodError'{0x00000000856af3d0}: 'java.lang.Object java.lang.invoke.DirectMethodHandle$Holder.invokeStaticInit(java.lang.Object, java.lang.Object, int, int, int, int)'> (0x00000000856af3d0) 
thrown [t:\workspace\open\src\hotspot\share\interpreter\linkResolver.cpp, line 790]
Event: 22.630 Thread 0x000001e830957b40 Exception <a 'sun/nio/fs/WindowsException'{0x0000000085564d38}> (0x0000000085564d38) 
thrown [t:\workspace\open\src\hotspot\share\prims\jni.cpp, line 579]
Event: 22.634 Thread 0x000001e830957b40 Exception <a 'sun/nio/fs/WindowsException'{0x0000000085569970}> (0x0000000085569970) 
thrown [t:\workspace\open\src\hotspot\share\prims\jni.cpp, line 579]
Event: 22.638 Thread 0x000001e830957b40 Exception <a 'sun/nio/fs/WindowsException'{0x000000008556e110}> (0x000000008556e110) 
thrown [t:\workspace\open\src\hotspot\share\prims\jni.cpp, line 579]
Event: 23.414 Thread 0x000001e830957b40 Exception <a 'java/lang/NoSuchMethodError'{0x00000000851b8e68}: 'java.lang.Object java.lang.invoke.DirectMethodHandle$Holder.newInvokeSpecial(java.lang.Object, java.lang.Object, int, int, int, int, int, java.lang.Object)'> (0x00000000851b8e68) 
thrown [t:\workspace\open\src\hotspot\share\interpreter\linkResolver.cpp, line 790]
Event: 23.415 Thread 0x000001e830957b40 Exception <a 'java/lang/NoSuchMethodError'{0x00000000851cc828}: 'java.lang.Object java.lang.invoke.DirectMethodHandle$Holder.newInvokeSpecial(java.lang.Object, java.lang.Object, java.lang.Object, int, int, int, int, int)'> (0x00000000851cc828) 
thrown [t:\workspace\open\src\hotspot\share\interpreter\linkResolver.cpp, line 790]
Event: 23.415 Thread 0x000001e830957b40 Exception <a 'java/lang/NoSuchMethodError'{0x00000000851d4398}: 'java.lang.Object java.lang.invoke.Invokers$Holder.linkToTargetMethod(java.lang.Object, java.lang.Object, int, int, int, int, int, java.lang.Object)'> (0x00000000851d4398) 
thrown [t:\workspace\open\src\hotspot\share\interpreter\linkResolver.cpp, line 790]
Event: 23.669 Thread 0x000001e836064cf0 Exception <a 'java/lang/NoSuchMethodError'{0x00000000870cb688}: 'java.lang.Object java.lang.invoke.DirectMethodHandle$Holder.newInvokeSpecial(java.lang.Object, java.lang.Object, int, int)'> (0x00000000870cb688) 
thrown [t:\workspace\open\src\hotspot\share\interpreter\linkResolver.cpp, line 790]
Event: 25.390 Thread 0x000001e830957b40 Exception <a 'java/io/FileNotFoundException'{0x0000000086d1a9d8}> (0x0000000086d1a9d8) 
thrown [t:\workspace\open\src\hotspot\share\prims\jni.cpp, line 579]
Event: 25.390 Thread 0x000001e830957b40 Exception <a 'java/io/FileNotFoundException'{0x0000000086d1c5d0}> (0x0000000086d1c5d0) 
thrown [t:\workspace\open\src\hotspot\share\prims\jni.cpp, line 579]

Events (20 events):
Event: 23.666 Thread 0x000001e836066230 Thread exited: 0x000001e836066230
Event: 23.886 Thread 0x000001e83086fdd0 Thread exited: 0x000001e83086fdd0
Event: 24.545 Executing  VM operation: Cleanup
Event: 24.545 Executing  VM operation: Cleanup done
Event: 25.182 Thread 0x000001e8308708f0 Thread added: 0x000001e8308708f0
Event: 25.301 loading class java/util/TaskQueue
Event: 25.302 loading class java/util/TaskQueue done
Event: 25.302 loading class java/util/TimerThread
Event: 25.302 loading class java/util/TimerThread done
Event: 25.302 loading class java/util/Timer$1
Event: 25.302 loading class java/util/Timer$1 done
Event: 25.302 Thread 0x000001e836066230 Thread added: 0x000001e836066230
Event: 25.304 Thread 0x000001e836067cc0 Thread added: 0x000001e836067cc0
Event: 25.305 Thread 0x000001e836067cc0 Thread exited: 0x000001e836067cc0
Event: 25.306 Thread 0x000001e836066780 Thread added: 0x000001e836066780
Event: 25.306 Thread 0x000001e836066780 Thread exited: 0x000001e836066780
Event: 25.307 Thread 0x000001e836066780 Thread added: 0x000001e836066780
Event: 25.451 Thread 0x000001e8308708f0 Thread exited: 0x000001e8308708f0
Event: 25.546 Executing  VM operation: Cleanup
Event: 25.546 Executing  VM operation: Cleanup done


Dynamic libraries:
0x00007ff72d1d0000 - 0x00007ff72d1e0000 	C:\Program Files\Java\jdk-16.0.2\bin\java.exe
0x00007ff8058d0000 - 0x00007ff805ac5000 	C:\WINDOWS\SYSTEM32\ntdll.dll
0x00007ff804a80000 - 0x00007ff804b3d000 	C:\WINDOWS\System32\KERNEL32.DLL
0x00007ff8025f0000 - 0x00007ff8028bd000 	C:\WINDOWS\System32\KERNELBASE.dll
0x00007ff8028c0000 - 0x00007ff8029c0000 	C:\WINDOWS\System32\ucrtbase.dll
0x00007ffff7b90000 - 0x00007ffff7ba8000 	C:\Program Files\Java\jdk-16.0.2\bin\jli.dll
0x00007ff804c30000 - 0x00007ff804cde000 	C:\WINDOWS\System32\ADVAPI32.dll
0x00007ff8046e0000 - 0x00007ff80477e000 	C:\WINDOWS\System32\msvcrt.dll
0x00007ff804b90000 - 0x00007ff804c2c000 	C:\WINDOWS\System32\sechost.dll
0x00007ff803030000 - 0x00007ff803155000 	C:\WINDOWS\System32\RPCRT4.dll
0x00007ff803340000 - 0x00007ff8034e0000 	C:\WINDOWS\System32\USER32.dll
0x00007ff802df0000 - 0x00007ff802e12000 	C:\WINDOWS\System32\win32u.dll
0x00007ff804b40000 - 0x00007ff804b6a000 	C:\WINDOWS\System32\GDI32.dll
0x00007ff802e20000 - 0x00007ff802f2b000 	C:\WINDOWS\System32\gdi32full.dll
0x00007ff802ca0000 - 0x00007ff802d3d000 	C:\WINDOWS\System32\msvcp_win.dll
0x00007ffff4480000 - 0x00007ffff4499000 	C:\Program Files\Java\jdk-16.0.2\bin\VCRUNTIME140.dll
0x00007ffff9420000 - 0x00007ffff96ba000 	C:\WINDOWS\WinSxS\amd64_microsoft.windows.common-controls_6595b64144ccf1df_6.0.19041.1110_none_60b5254171f9507e\COMCTL32.dll
0x00007ffff73b0000 - 0x00007ffff73ba000 	C:\WINDOWS\SYSTEM32\VERSION.dll
0x00007ff803310000 - 0x00007ff803340000 	C:\WINDOWS\System32\IMM32.DLL
0x00007fffcad90000 - 0x00007fffcae7f000 	C:\Program Files\Malwarebytes\Anti-Malware\mbae64.dll
0x00007ff8057b0000 - 0x00007ff80581b000 	C:\WINDOWS\System32\WS2_32.dll
0x00007ff804b80000 - 0x00007ff804b88000 	C:\WINDOWS\System32\PSAPI.DLL
0x00007ff805060000 - 0x00007ff8057a4000 	C:\WINDOWS\System32\SHELL32.dll
0x00007ff804250000 - 0x00007ff80437a000 	C:\WINDOWS\System32\ole32.dll
0x00007ff804380000 - 0x00007ff8046d4000 	C:\WINDOWS\System32\combase.dll
0x00007ff802fd0000 - 0x00007ff803025000 	C:\WINDOWS\System32\SHLWAPI.dll
0x00007ff802a10000 - 0x00007ff802a78000 	C:\WINDOWS\System32\WINTRUST.dll
0x00007ff805040000 - 0x00007ff80505d000 	C:\WINDOWS\System32\imagehlp.dll
0x00007ff803d70000 - 0x00007ff804246000 	C:\WINDOWS\System32\WININET.dll
0x00007ff802b40000 - 0x00007ff802c96000 	C:\WINDOWS\System32\CRYPT32.dll
0x00007ff8021e0000 - 0x00007ff8021f2000 	C:\WINDOWS\SYSTEM32\MSASN1.dll
0x00007ff801300000 - 0x00007ff801333000 	C:\WINDOWS\SYSTEM32\ntmarta.dll
0x00007ff8024e0000 - 0x00007ff802512000 	C:\WINDOWS\SYSTEM32\SspiCli.dll
0x00007ff800720000 - 0x00007ff800eb4000 	C:\WINDOWS\SYSTEM32\windows.storage.dll
0x00007ff802050000 - 0x00007ff80207c000 	C:\WINDOWS\SYSTEM32\Wldp.dll
0x00007ff803600000 - 0x00007ff8036ad000 	C:\WINDOWS\System32\SHCORE.dll
0x00007ffff7410000 - 0x00007ffff741c000 	C:\Program Files\Java\jdk-16.0.2\bin\vcruntime140_1.dll
0x00007fffd2320000 - 0x00007fffd23b1000 	C:\Program Files\Java\jdk-16.0.2\bin\msvcp140.dll
0x00007fffb3c70000 - 0x00007fffb481b000 	C:\Program Files\Java\jdk-16.0.2\bin\server\jvm.dll
0x00007fffeeac0000 - 0x00007fffeeac9000 	C:\WINDOWS\SYSTEM32\WSOCK32.dll
0x00007ffff7380000 - 0x00007ffff73a7000 	C:\WINDOWS\SYSTEM32\WINMM.dll
0x00007ff800520000 - 0x00007ff800532000 	C:\WINDOWS\SYSTEM32\kernel.appcore.dll
0x00007ffff51e0000 - 0x00007ffff51ea000 	C:\Program Files\Java\jdk-16.0.2\bin\jimage.dll
0x00007ffffc520000 - 0x00007ffffc704000 	C:\WINDOWS\SYSTEM32\DBGHELP.DLL
0x00007fffedb00000 - 0x00007fffedb2c000 	C:\WINDOWS\SYSTEM32\dbgcore.DLL
0x000001e80f8c0000 - 0x000001e80f942000 	C:\WINDOWS\System32\bcryptPrimitives.dll
0x00007fffd23c0000 - 0x00007fffd23e5000 	C:\Program Files\Java\jdk-16.0.2\bin\java.dll
0x00007ff802530000 - 0x00007ff80254f000 	C:\WINDOWS\SYSTEM32\profapi.dll
0x00007fffdd8d0000 - 0x00007fffdd8e9000 	C:\Program Files\Java\jdk-16.0.2\bin\net.dll
0x00007ffff10b0000 - 0x00007ffff11ba000 	C:\WINDOWS\SYSTEM32\WINHTTP.dll
0x00007ff801db0000 - 0x00007ff801e1a000 	C:\WINDOWS\system32\mswsock.dll
0x00007fffdad20000 - 0x00007fffdad33000 	C:\Program Files\Java\jdk-16.0.2\bin\nio.dll
0x00007fffdac10000 - 0x00007fffdac28000 	C:\Program Files\Java\jdk-16.0.2\bin\zip.dll
0x000001e80f980000 - 0x000001e80f983000 	C:\Users\Gabriel\.openjfx\cache\19-ea+3\api-ms-win-core-console-l1-1-0.dll
0x000001e80f990000 - 0x000001e80f993000 	C:\Users\Gabriel\.openjfx\cache\19-ea+3\api-ms-win-core-console-l1-2-0.dll
0x000001e80f9a0000 - 0x000001e80f9a3000 	C:\Users\Gabriel\.openjfx\cache\19-ea+3\api-ms-win-core-datetime-l1-1-0.dll
0x000001e811930000 - 0x000001e811933000 	C:\Users\Gabriel\.openjfx\cache\19-ea+3\api-ms-win-core-debug-l1-1-0.dll
0x000001e811940000 - 0x000001e811943000 	C:\Users\Gabriel\.openjfx\cache\19-ea+3\api-ms-win-core-errorhandling-l1-1-0.dll
0x000001e811950000 - 0x000001e811954000 	C:\Users\Gabriel\.openjfx\cache\19-ea+3\api-ms-win-core-file-l1-1-0.dll
0x000001e82f770000 - 0x000001e82f773000 	C:\Users\Gabriel\.openjfx\cache\19-ea+3\api-ms-win-core-file-l1-2-0.dll
0x000001e82f780000 - 0x000001e82f783000 	C:\Users\Gabriel\.openjfx\cache\19-ea+3\api-ms-win-core-file-l2-1-0.dll
0x000001e82f790000 - 0x000001e82f793000 	C:\Users\Gabriel\.openjfx\cache\19-ea+3\api-ms-win-core-handle-l1-1-0.dll
0x000001e82f7a0000 - 0x000001e82f7a3000 	C:\Users\Gabriel\.openjfx\cache\19-ea+3\api-ms-win-core-heap-l1-1-0.dll
0x000001e82f7b0000 - 0x000001e82f7b3000 	C:\Users\Gabriel\.openjfx\cache\19-ea+3\api-ms-win-core-interlocked-l1-1-0.dll
0x000001e82f7c0000 - 0x000001e82f7c3000 	C:\Users\Gabriel\.openjfx\cache\19-ea+3\api-ms-win-core-libraryloader-l1-1-0.dll
0x000001e82f7d0000 - 0x000001e82f7d3000 	C:\Users\Gabriel\.openjfx\cache\19-ea+3\api-ms-win-core-localization-l1-2-0.dll
0x000001e82f7e0000 - 0x000001e82f7e3000 	C:\Users\Gabriel\.openjfx\cache\19-ea+3\api-ms-win-core-memory-l1-1-0.dll
0x000001e82f7f0000 - 0x000001e82f7f3000 	C:\Users\Gabriel\.openjfx\cache\19-ea+3\api-ms-win-core-namedpipe-l1-1-0.dll
0x000001e830c00000 - 0x000001e830c03000 	C:\Users\Gabriel\.openjfx\cache\19-ea+3\api-ms-win-core-processenvironment-l1-1-0.dll
0x000001e830c10000 - 0x000001e830c13000 	C:\Users\Gabriel\.openjfx\cache\19-ea+3\api-ms-win-core-processthreads-l1-1-0.dll
0x000001e830c20000 - 0x000001e830c23000 	C:\Users\Gabriel\.openjfx\cache\19-ea+3\api-ms-win-core-processthreads-l1-1-1.dll
0x000001e830c30000 - 0x000001e830c33000 	C:\Users\Gabriel\.openjfx\cache\19-ea+3\api-ms-win-core-profile-l1-1-0.dll
0x000001e830c40000 - 0x000001e830c43000 	C:\Users\Gabriel\.openjfx\cache\19-ea+3\api-ms-win-core-rtlsupport-l1-1-0.dll
0x000001e830c50000 - 0x000001e830c53000 	C:\Users\Gabriel\.openjfx\cache\19-ea+3\api-ms-win-core-string-l1-1-0.dll
0x000001e830c60000 - 0x000001e830c63000 	C:\Users\Gabriel\.openjfx\cache\19-ea+3\api-ms-win-core-synch-l1-1-0.dll
0x000001e830c70000 - 0x000001e830c73000 	C:\Users\Gabriel\.openjfx\cache\19-ea+3\api-ms-win-core-synch-l1-2-0.dll
0x000001e830c80000 - 0x000001e830c83000 	C:\Users\Gabriel\.openjfx\cache\19-ea+3\api-ms-win-core-sysinfo-l1-1-0.dll
0x000001e830c90000 - 0x000001e830c93000 	C:\Users\Gabriel\.openjfx\cache\19-ea+3\api-ms-win-core-timezone-l1-1-0.dll
0x000001e830ca0000 - 0x000001e830ca3000 	C:\Users\Gabriel\.openjfx\cache\19-ea+3\api-ms-win-core-util-l1-1-0.dll
0x000001e830cb0000 - 0x000001e830cb3000 	C:\Users\Gabriel\.openjfx\cache\19-ea+3\api-ms-win-crt-conio-l1-1-0.dll
0x000001e830cc0000 - 0x000001e830cc4000 	C:\Users\Gabriel\.openjfx\cache\19-ea+3\api-ms-win-crt-convert-l1-1-0.dll
0x000001e830cd0000 - 0x000001e830cd3000 	C:\Users\Gabriel\.openjfx\cache\19-ea+3\api-ms-win-crt-environment-l1-1-0.dll
0x000001e830ce0000 - 0x000001e830ce3000 	C:\Users\Gabriel\.openjfx\cache\19-ea+3\api-ms-win-crt-filesystem-l1-1-0.dll
0x000001e830cf0000 - 0x000001e830cf3000 	C:\Users\Gabriel\.openjfx\cache\19-ea+3\api-ms-win-crt-heap-l1-1-0.dll
0x000001e830d00000 - 0x000001e830d03000 	C:\Users\Gabriel\.openjfx\cache\19-ea+3\api-ms-win-crt-locale-l1-1-0.dll
0x000001e830d10000 - 0x000001e830d15000 	C:\Users\Gabriel\.openjfx\cache\19-ea+3\api-ms-win-crt-math-l1-1-0.dll
0x000001e830d20000 - 0x000001e830d25000 	C:\Users\Gabriel\.openjfx\cache\19-ea+3\api-ms-win-crt-multibyte-l1-1-0.dll
0x000001e830d30000 - 0x000001e830d40000 	C:\Users\Gabriel\.openjfx\cache\19-ea+3\api-ms-win-crt-private-l1-1-0.dll
0x000001e830d40000 - 0x000001e830d43000 	C:\Users\Gabriel\.openjfx\cache\19-ea+3\api-ms-win-crt-process-l1-1-0.dll
0x000001e830d50000 - 0x000001e830d54000 	C:\Users\Gabriel\.openjfx\cache\19-ea+3\api-ms-win-crt-runtime-l1-1-0.dll
0x000001e830d60000 - 0x000001e830d64000 	C:\Users\Gabriel\.openjfx\cache\19-ea+3\api-ms-win-crt-stdio-l1-1-0.dll
0x000001e830d70000 - 0x000001e830d74000 	C:\Users\Gabriel\.openjfx\cache\19-ea+3\api-ms-win-crt-string-l1-1-0.dll
0x000001e830d80000 - 0x000001e830d83000 	C:\Users\Gabriel\.openjfx\cache\19-ea+3\api-ms-win-crt-time-l1-1-0.dll
0x000001e830d90000 - 0x000001e830d93000 	C:\Users\Gabriel\.openjfx\cache\19-ea+3\api-ms-win-crt-utility-l1-1-0.dll
0x00007fffb3b70000 - 0x00007fffb3c6c000 	C:\Users\Gabriel\.openjfx\cache\19-ea+3\ucrtbase.dll
0x00007fffe1830000 - 0x00007fffe184a000 	C:\Users\Gabriel\.openjfx\cache\19-ea+3\vcruntime140.dll
0x00007ffff3710000 - 0x00007ffff371c000 	C:\Users\Gabriel\.openjfx\cache\19-ea+3\vcruntime140_1.dll
0x00007fffcaa40000 - 0x00007fffcaacd000 	C:\Users\Gabriel\.openjfx\cache\19-ea+3\msvcp140.dll
0x00007fffe1800000 - 0x00007fffe182c000 	C:\Users\Gabriel\.openjfx\cache\19-ea+3\prism_d3d.dll
0x00007ffff5530000 - 0x00007ffff56ff000 	C:\WINDOWS\system32\d3d9.dll
0x00007ff800130000 - 0x00007ff80015f000 	C:\WINDOWS\SYSTEM32\dwmapi.dll
0x00007ffffff00000 - 0x00007ffffff9e000 	C:\WINDOWS\system32\uxtheme.dll
0x00007ffff7c40000 - 0x00007ffff7df8000 	C:\WINDOWS\System32\DriverStore\FileRepository\u0376209.inf_amd64_b3bdffadea4def3f\B374968\aticfx64.dll
0x00007fffca550000 - 0x00007fffca584000 	C:\WINDOWS\System32\DriverStore\FileRepository\u0376209.inf_amd64_b3bdffadea4def3f\B374968\atiu9p64.dll
0x00007fffb2640000 - 0x00007fffb3394000 	C:\WINDOWS\System32\DriverStore\FileRepository\u0376209.inf_amd64_b3bdffadea4def3f\B374968\atiumd64.dll
0x00000000653c0000 - 0x0000000066235000 	C:\WINDOWS\System32\DriverStore\FileRepository\u0376209.inf_amd64_b3bdffadea4def3f\B374968\atiumd6a.dll
0x00007ff803740000 - 0x00007ff803bb1000 	C:\WINDOWS\System32\SETUPAPI.dll
0x000001e830db0000 - 0x000001e830dfe000 	C:\WINDOWS\System32\cfgmgr32.dll
0x000001e830e00000 - 0x000001e830e27000 	C:\WINDOWS\System32\bcrypt.dll
0x00007ff801b70000 - 0x00007ff801bbb000 	C:\WINDOWS\SYSTEM32\POWRPROF.dll
0x00007ff801a40000 - 0x00007ff801a52000 	C:\WINDOWS\SYSTEM32\UMPDC.dll
0x00007fffff710000 - 0x00007fffff740000 	C:\WINDOWS\SYSTEM32\amdihk64.dll
0x00007fffcb3d0000 - 0x00007fffcb412000 	C:\Users\Gabriel\.openjfx\cache\19-ea+3\glass.dll
0x00007ff803c90000 - 0x00007ff803d6b000 	C:\WINDOWS\System32\COMDLG32.dll
0x00007ff803bc0000 - 0x00007ff803c8d000 	C:\WINDOWS\System32\OLEAUT32.dll
0x00007ff8034e0000 - 0x00007ff8035f5000 	C:\WINDOWS\System32\MSCTF.dll
0x00007fffff300000 - 0x00007fffff33b000 	C:\WINDOWS\SYSTEM32\dxcore.dll
0x00007fffe0e70000 - 0x00007fffe0e84000 	C:\Users\Gabriel\.openjfx\cache\19-ea+3\javafx_font.dll
0x00007fffdc5c0000 - 0x00007fffdc83f000 	C:\WINDOWS\SYSTEM32\dwrite.dll
0x00007ff8049d0000 - 0x00007ff804a79000 	C:\WINDOWS\System32\clbcatq.dll
0x00007ffff9d00000 - 0x00007ffff9eb4000 	C:\WINDOWS\SYSTEM32\WindowsCodecs.dll
0x00007ffff3310000 - 0x00007ffff334e000 	C:\WINDOWS\system32\dataexchange.dll
0x00007ffffe530000 - 0x00007ffffe794000 	C:\WINDOWS\system32\d3d11.dll
0x00007ffffef60000 - 0x00007fffff145000 	C:\WINDOWS\system32\dcomp.dll
0x00007ff800f00000 - 0x00007ff800ff3000 	C:\WINDOWS\system32\dxgi.dll
0x00007ffffb7d0000 - 0x00007ffffb9d1000 	C:\WINDOWS\system32\twinapi.appcore.dll
0x00007fffdfd00000 - 0x00007fffdfd34000 	C:\Program Files\Common Files\Microsoft Shared\Ink\rtscom.dll
0x00007ffff9ab0000 - 0x00007ffff9ba9000 	C:\WINDOWS\SYSTEM32\textinputframework.dll

dbghelp: loaded successfully - version: 4.0.5 - missing functions: none
symbol engine: initialized successfully - sym options: 0x614 - pdb path: .;C:\Program Files\Java\jdk-16.0.2\bin;C:\WINDOWS\SYSTEM32;C:\WINDOWS\WinSxS\amd64_microsoft.windows.common-controls_6595b64144ccf1df_6.0.19041.1110_none_60b5254171f9507e;C:\Program Files\Malwarebytes\Anti-Malware;C:\Program Files\Java\jdk-16.0.2\bin\server;C:\Users\Gabriel\.openjfx\cache\19-ea+3;C:\WINDOWS\System32\DriverStore\FileRepository\u0376209.inf_amd64_b3bdffadea4def3f\B374968;C:\Program Files\Common Files\Microsoft Shared\Ink;C:\WINDOWS\WinSxS\amd64_microsoft.windows.gdiplus_6595b64144ccf1df_1.1.19041.1706_none_919e8e54cc8d4ca1;C:\Users\Gabriel\AppData\Local\MEGAsync;C:\Program Files\Google\Drive File Stream\58.0.3.0;C:\Program Files (x86)\Common Files\Adobe\CoreSyncExtension;C:\Users\Gabriel\AppData\Local\Microsoft\OneDrive\22.099.0508.0001;C:\Users\Gabriel\AppData\Local\Temp\xuggle

VM Arguments:
jvm_args: --module-path=C:\Users\Gabriel\Desktop\gabr\UFSC\un\Intlin\target\classes;C:\Users\Gabriel\.m2\repository\org\apache\logging\log4j\log4j-api\2.17.2\log4j-api-2.17.2.jar;C:\Users\Gabriel\.m2\repository\org\apache\logging\log4j\log4j-core\2.17.2\log4j-core-2.17.2.jar;C:\Users\Gabriel\.m2\repository\org\json\json\20210307\json-20210307.jar;C:\Users\Gabriel\.m2\repository\org\openjfx\javafx-base\19-ea+3\javafx-base-19-ea+3-win.jar;C:\Users\Gabriel\.m2\repository\org\openjfx\javafx-controls\19-ea+3\javafx-controls-19-ea+3-win.jar;C:\Users\Gabriel\.m2\repository\org\openjfx\javafx-fxml\19-ea+3\javafx-fxml-19-ea+3-win.jar;C:\Users\Gabriel\.m2\repository\org\openjfx\javafx-graphics\19-ea+3\javafx-graphics-19-ea+3-win.jar;C:\Users\Gabriel\.m2\repository\org\openjfx\javafx-media\19-ea+3\javafx-media-19-ea+3-win.jar;C:\Users\Gabriel\.m2\repository\org\openjfx\javafx-web\19-ea+3\javafx-web-19-ea+3-win.jar;C:\Users\Gabriel\.m2\repository\xuggle\xuggle-xuggler\5.4\xuggle-xuggler-5.4.jar --add-modules=ine.ufsc.intlin -Djdk.module.main=ine.ufsc.intlin 
java_command: ine.ufsc.intlin/ine.ufsc.intlin.App
java_class_path (initial): C:\Users\Gabriel\Desktop\gabr\UFSC\un\Intlin\target\classes;C:\Users\Gabriel\.m2\repository\commons-cli\commons-cli\1.1\commons-cli-1.1.jar;C:\Users\Gabriel\.m2\repository\no\tornado\tornadofx-android-compat\1.0.1\tornadofx-android-compat-1.0.1.jar;C:\Users\Gabriel\.m2\repository\org\openjfx\javafx-base\19-ea+3\javafx-base-19-ea+3.jar;C:\Users\Gabriel\.m2\repository\org\openjfx\javafx-controls\19-ea+3\javafx-controls-19-ea+3.jar;C:\Users\Gabriel\.m2\repository\org\openjfx\javafx-fxml\19-ea+3\javafx-fxml-19-ea+3.jar;C:\Users\Gabriel\.m2\repository\org\openjfx\javafx-graphics\19-ea+3\javafx-graphics-19-ea+3.jar;C:\Users\Gabriel\.m2\repository\org\openjfx\javafx-media\19-ea+3\javafx-media-19-ea+3.jar;C:\Users\Gabriel\.m2\repository\org\openjfx\javafx-web\19-ea+3\javafx-web-19-ea+3.jar;C:\Users\Gabriel\.m2\repository\org\slf4j\slf4j-api\1.6.4\slf4j-api-1.6.4.jar;C:\Users\Gabriel\.m2\repository\org\xerial\sqlite-jdbc\3.36.0.3\sqlite-jdbc-3.36.0.3.jar
Launcher Type: SUN_STANDARD

[Global flags]
     intx CICompilerCount                          = 3                                         {product} {ergonomic}
     uint ConcGCThreads                            = 2                                         {product} {ergonomic}
     uint G1ConcRefinementThreads                  = 6                                         {product} {ergonomic}
   size_t G1HeapRegionSize                         = 1048576                                   {product} {ergonomic}
    uintx GCDrainStackTargetSize                   = 64                                        {product} {ergonomic}
   size_t InitialHeapSize                          = 134217728                                 {product} {ergonomic}
   size_t MarkStackSize                            = 4194304                                   {product} {ergonomic}
   size_t MaxHeapSize                              = 2143289344                                {product} {ergonomic}
   size_t MaxNewSize                               = 1285554176                                {product} {ergonomic}
   size_t MinHeapDeltaBytes                        = 1048576                                   {product} {ergonomic}
   size_t MinHeapSize                              = 8388608                                   {product} {ergonomic}
    uintx NonNMethodCodeHeapSize                   = 5832780                                {pd product} {ergonomic}
    uintx NonProfiledCodeHeapSize                  = 122912730                              {pd product} {ergonomic}
    uintx ProfiledCodeHeapSize                     = 122912730                              {pd product} {ergonomic}
    uintx ReservedCodeCacheSize                    = 251658240                              {pd product} {ergonomic}
     bool SegmentedCodeCache                       = true                                      {product} {ergonomic}
   size_t SoftMaxHeapSize                          = 2143289344                             {manageable} {ergonomic}
     bool UseCompressedClassPointers               = true                           {product lp64_product} {ergonomic}
     bool UseCompressedOops                        = true                           {product lp64_product} {ergonomic}
     bool UseG1GC                                  = true                                      {product} {ergonomic}
     bool UseLargePagesIndividualAllocation        = false                                  {pd product} {ergonomic}

Logging:
Log output configuration:
 #0: stdout all=warning uptime,level,tags
 #1: stderr all=off uptime,level,tags

Environment Variables:
JAVA_HOME=C:\Program Files\Java\jdk-16.0.2
PATH=C:\Program Files\Common Files\Oracle\Java\javapath;C:\Program Files\Rockwell Software\RSCommon;C:\Program Files\Haskell\bin;C:\Program Files\Haskell Platform\8.4.3\lib\extralibs\bin;C:\Program Files\Haskell Platform\8.4.3\bin;C:\Program Files (x86)\Common Files\Oracle\Java\javapath;C:\ProgramData\Oracle\Java\javapath;C:\WINDOWS\system32;C:\WINDOWS;C:\WINDOWS\System32\Wbem;C:\WINDOWS\System32\WindowsPowerShell\v1.0\;C:\Program Files\Git\cmd;C:\Program Files (x86)\Skype\Phone\;C:\Program Files\Haskell Platform\8.4.3\mingw\bin;C:\Users\Gabriel\RE-flex-master\bin\win64;C:\Program Files (x86)\java\jdk-15\bin;C:\WINDOWS\System32\OpenSSH\;C:\Program Files (x86)\Certbot\bin;C:\Program Files\Go\bin;C:\Users\Gabriel\Documents\flutter\bin;C:\Windows\System32\;C:\Users\Gabriel\Documents\flutter\.pub-cache\bin;C:\Users\Gabriel\AppData\Roaming\cabal\bin;C:\Users\Gabriel\AppData\Roaming\local\bin;C:\Users\Gabriel\AppData\Local\Programs\Python\Python36-32\Scripts\;C:\Users\Gabriel\AppData\Local\Programs\Python\Python36-32\;C:\Users\Gabriel\Downloads\apache-maven-3.5.0-bin\apache-maven-3.5.0\bin;C:\intelFPGA\17.0\modelsim_ase\win32aloem;C:\MinGW\bin;C:\MinGW\MSYS\1.0\bin;C:\Users\Gabriel\AppData\Local\atom\bin;C:\Program Files (x86)\clisp-2.49;C:\Program Files\swipl\bin;C:\Users\Gabriel\Desktop\mysql-8.0.13-winx64\bin;C:\Program Files (x86)\MySQL\mysql-8.0.13-winx64\bin;C:\msys64\mingw64\bin;C:\Users\Gabriel\vcpkg;C:\Users\Gabriel\AppData\Local\Microsoft\WindowsApps;C:\Users\Gabriel\go\bin;C:\WINDOWS\System32\WindowsPowerShell\v1.0\;C:\Users\Gabriel\Documents\flutter\bin;C:\Users\Gabriel\Documents\flutter\.pub-cache\bin;C:\Users\Gabriel\AppData\Local\Android\Sdk\platform-tools;C:\WINDOWS\System32\WindowsPowerShell\V1.0;C:\Windows\System32;C:\Users\Gabriel\AppData\Local\Programs\Microsoft VS Code222\bin
USERNAME=Gabriel
OS=Windows_NT
PROCESSOR_IDENTIFIER=AMD64 Family 21 Model 2 Stepping 0, AuthenticAMD



---------------  S Y S T E M  ---------------

OS:
 Windows 10 , 64 bit Build 19041 (10.0.19041.1706)
OS uptime: 25 days 17:14 hours

CPU: total 6 (initial active 6) (6 cores per cpu, 1 threads per core) family 21 model 2 stepping 0 microcode 0x0, cx8, cmov, fxsr, mmx, 3dnowpref, sse, sse2, sse3, ssse3, sse4a, sse4.1, sse4.2, popcnt, lzcnt, tsc, tscinvbit, avx, aes, clmul, bmi1, fma, vzeroupper, clflush

Memory: 4k page, system-wide physical 8174M (3072M free)
TotalPageFile size 17390M (AvailPageFile size 8926M)
current process WorkingSet (physical memory assigned to process): 269M, peak: 269M
current process commit charge ("private bytes"): 400M, peak: 401M

vm_info: Java HotSpot(TM) 64-Bit Server VM (16.0.2+7-67) for windows-amd64 JRE (16.0.2+7-67), built on Jun  8 2021 23:24:19 by "mach5one" with MS VC++ 16.7 (VS2019)

END.
